[3.207s] Invoking command in '/home/ubuntu/ros2_ws/src/Greyform-linux/Python_Application/talker_listener': PYTHONPATH=/home/ubuntu/ros2_ws/src/Greyform-linux/Python_Application/build/talker_listener/prefix_override:/home/ubuntu/ros2_ws/src/Greyform-linux/Python_Application/install/talker_listener/lib/python3.10/site-packages:${PYTHONPATH} /usr/bin/python3 -W ignore:setup.py install is deprecated setup.py egg_info --egg-base ../build/talker_listener build --build-base /home/ubuntu/ros2_ws/src/Greyform-linux/Python_Application/build/talker_listener/build install --record /home/ubuntu/ros2_ws/src/Greyform-linux/Python_Application/build/talker_listener/install.log --single-version-externally-managed install_data
[4.684s] running egg_info
[4.689s] writing ../build/talker_listener/talker_listener.egg-info/PKG-INFO
[4.691s] writing dependency_links to ../build/talker_listener/talker_listener.egg-info/dependency_links.txt
[4.692s] writing entry points to ../build/talker_listener/talker_listener.egg-info/entry_points.txt
[4.693s] writing requirements to ../build/talker_listener/talker_listener.egg-info/requires.txt
[4.694s] writing top-level names to ../build/talker_listener/talker_listener.egg-info/top_level.txt
[4.704s] reading manifest file '../build/talker_listener/talker_listener.egg-info/SOURCES.txt'
[4.709s] writing manifest file '../build/talker_listener/talker_listener.egg-info/SOURCES.txt'
[4.710s] running build
[4.711s] running build_py
[4.713s] copying talker_listener/listener_node.py -> /home/ubuntu/ros2_ws/src/Greyform-linux/Python_Application/build/talker_listener/build/lib/talker_listener
[4.715s] running install
[4.717s] running install_lib
[4.720s] copying /home/ubuntu/ros2_ws/src/Greyform-linux/Python_Application/build/talker_listener/build/lib/talker_listener/listener_node.py -> /home/ubuntu/ros2_ws/src/Greyform-linux/Python_Application/install/talker_listener/lib/python3.10/site-packages/talker_listener
[4.722s] byte-compiling /home/ubuntu/ros2_ws/src/Greyform-linux/Python_Application/install/talker_listener/lib/python3.10/site-packages/talker_listener/listener_node.py to listener_node.cpython-310.pyc
[4.727s] running install_data
[4.727s] running install_egg_info
[4.737s] removing '/home/ubuntu/ros2_ws/src/Greyform-linux/Python_Application/install/talker_listener/lib/python3.10/site-packages/talker_listener-0.0.0-py3.10.egg-info' (and everything under it)
[4.738s] Copying ../build/talker_listener/talker_listener.egg-info to /home/ubuntu/ros2_ws/src/Greyform-linux/Python_Application/install/talker_listener/lib/python3.10/site-packages/talker_listener-0.0.0-py3.10.egg-info
[4.744s] running install_scripts
[4.873s] Installing listenerNode script to /home/ubuntu/ros2_ws/src/Greyform-linux/Python_Application/install/talker_listener/lib/talker_listener
[4.875s] Installing talkerNode script to /home/ubuntu/ros2_ws/src/Greyform-linux/Python_Application/install/talker_listener/lib/talker_listener
[4.877s] writing list of installed files to '/home/ubuntu/ros2_ws/src/Greyform-linux/Python_Application/build/talker_listener/install.log'
[4.987s] Invoked command in '/home/ubuntu/ros2_ws/src/Greyform-linux/Python_Application/talker_listener' returned '0': PYTHONPATH=/home/ubuntu/ros2_ws/src/Greyform-linux/Python_Application/build/talker_listener/prefix_override:/home/ubuntu/ros2_ws/src/Greyform-linux/Python_Application/install/talker_listener/lib/python3.10/site-packages:${PYTHONPATH} /usr/bin/python3 -W ignore:setup.py install is deprecated setup.py egg_info --egg-base ../build/talker_listener build --build-base /home/ubuntu/ros2_ws/src/Greyform-linux/Python_Application/build/talker_listener/build install --record /home/ubuntu/ros2_ws/src/Greyform-linux/Python_Application/build/talker_listener/install.log --single-version-externally-managed install_data
