[0.092s] Invoking command in '/home/ubuntu/Desktop/Greyform-linux/Python_Application/build/my_package': CMAKE_PREFIX_PATH=${CMAKE_PREFIX_PATH}:/home/ubuntu/ros2_humble/install/dynamic_map_matcher:/opt/ros/humble /usr/bin/cmake --build /home/ubuntu/Desktop/Greyform-linux/Python_Application/build/my_package -- -j8 -l8
[0.311s] Invoked command in '/home/ubuntu/Desktop/Greyform-linux/Python_Application/build/my_package' returned '0': CMAKE_PREFIX_PATH=${CMAKE_PREFIX_PATH}:/home/ubuntu/ros2_humble/install/dynamic_map_matcher:/opt/ros/humble /usr/bin/cmake --build /home/ubuntu/Desktop/Greyform-linux/Python_Application/build/my_package -- -j8 -l8
[0.602s] Invoking command in '/home/ubuntu/Desktop/Greyform-linux/Python_Application/build/my_package': CMAKE_PREFIX_PATH=${CMAKE_PREFIX_PATH}:/home/ubuntu/ros2_humble/install/dynamic_map_matcher:/opt/ros/humble /usr/bin/cmake --install /home/ubuntu/Desktop/Greyform-linux/Python_Application/build/my_package
[0.654s] -- Install configuration: ""
[0.662s] -- Up-to-date: /home/ubuntu/Desktop/Greyform-linux/Python_Application/install/my_package/share/ament_index/resource_index/package_run_dependencies/my_package
[0.664s] -- Up-to-date: /home/ubuntu/Desktop/Greyform-linux/Python_Application/install/my_package/share/ament_index/resource_index/parent_prefix_path/my_package
[0.665s] -- Up-to-date: /home/ubuntu/Desktop/Greyform-linux/Python_Application/install/my_package/share/my_package/environment/ament_prefix_path.sh
[0.665s] -- Up-to-date: /home/ubuntu/Desktop/Greyform-linux/Python_Application/install/my_package/share/my_package/environment/ament_prefix_path.dsv
[0.665s] -- Up-to-date: /home/ubuntu/Desktop/Greyform-linux/Python_Application/install/my_package/share/my_package/environment/path.sh
[0.666s] -- Up-to-date: /home/ubuntu/Desktop/Greyform-linux/Python_Application/install/my_package/share/my_package/environment/path.dsv
[0.667s] -- Up-to-date: /home/ubuntu/Desktop/Greyform-linux/Python_Application/install/my_package/share/my_package/local_setup.bash
[0.668s] -- Up-to-date: /home/ubuntu/Desktop/Greyform-linux/Python_Application/install/my_package/share/my_package/local_setup.sh
[0.669s] -- Up-to-date: /home/ubuntu/Desktop/Greyform-linux/Python_Application/install/my_package/share/my_package/local_setup.zsh
[0.670s] -- Up-to-date: /home/ubuntu/Desktop/Greyform-linux/Python_Application/install/my_package/share/my_package/local_setup.dsv
[0.672s] -- Installing: /home/ubuntu/Desktop/Greyform-linux/Python_Application/install/my_package/share/my_package/package.dsv
[0.673s] -- Up-to-date: /home/ubuntu/Desktop/Greyform-linux/Python_Application/install/my_package/share/ament_index/resource_index/packages/my_package
[0.675s] -- Up-to-date: /home/ubuntu/Desktop/Greyform-linux/Python_Application/install/my_package/share/my_package/cmake/my_packageConfig.cmake
[0.676s] -- Up-to-date: /home/ubuntu/Desktop/Greyform-linux/Python_Application/install/my_package/share/my_package/cmake/my_packageConfig-version.cmake
[0.677s] -- Up-to-date: /home/ubuntu/Desktop/Greyform-linux/Python_Application/install/my_package/share/my_package/package.xml
[0.682s] Invoked command in '/home/ubuntu/Desktop/Greyform-linux/Python_Application/build/my_package' returned '0': CMAKE_PREFIX_PATH=${CMAKE_PREFIX_PATH}:/home/ubuntu/ros2_humble/install/dynamic_map_matcher:/opt/ros/humble /usr/bin/cmake --install /home/ubuntu/Desktop/Greyform-linux/Python_Application/build/my_package
