running egg_info
writing ../build/talker_listener/talker_listener.egg-info/PKG-INFO
writing dependency_links to ../build/talker_listener/talker_listener.egg-info/dependency_links.txt
writing entry points to ../build/talker_listener/talker_listener.egg-info/entry_points.txt
writing requirements to ../build/talker_listener/talker_listener.egg-info/requires.txt
writing top-level names to ../build/talker_listener/talker_listener.egg-info/top_level.txt
reading manifest file '../build/talker_listener/talker_listener.egg-info/SOURCES.txt'
writing manifest file '../build/talker_listener/talker_listener.egg-info/SOURCES.txt'
running build
running build_py
copying talker_listener/listener_node.py -> /home/ubuntu/Desktop/Greyform-linux/Python_Application/build/talker_listener/build/lib/talker_listener
running install
running install_lib
copying /home/ubuntu/Desktop/Greyform-linux/Python_Application/build/talker_listener/build/lib/talker_listener/listener_node.py -> /home/ubuntu/Desktop/Greyform-linux/Python_Application/install/talker_listener/lib/python3.10/site-packages/talker_listener
byte-compiling /home/ubuntu/Desktop/Greyform-linux/Python_Application/install/talker_listener/lib/python3.10/site-packages/talker_listener/listener_node.py to listener_node.cpython-310.pyc
running install_data
running install_egg_info
removing '/home/ubuntu/Desktop/Greyform-linux/Python_Application/install/talker_listener/lib/python3.10/site-packages/talker_listener-0.0.0-py3.10.egg-info' (and everything under it)
Copying ../build/talker_listener/talker_listener.egg-info to /home/ubuntu/Desktop/Greyform-linux/Python_Application/install/talker_listener/lib/python3.10/site-packages/talker_listener-0.0.0-py3.10.egg-info
running install_scripts
Installing listenerNode script to /home/ubuntu/Desktop/Greyform-linux/Python_Application/install/talker_listener/lib/talker_listeners
Installing talkerNode script to /home/ubuntu/Desktop/Greyform-linux/Python_Application/install/talker_listener/lib/talker_listeners
writing list of installed files to '/home/ubuntu/Desktop/Greyform-linux/Python_Application/build/talker_listener/install.log'
