[0.399s] Invoking command in '/home/winsys/ros2_ws/src/Greyform-linux/Python_Application/talker_listener': CONDA_PROMPT_MODIFIER=(base) PYTHONPATH=/home/winsys/ros2_ws/src/Greyform-linux/Python_Application/build/talker_listener/prefix_override:/home/winsys/ros2_ws/src/Greyform-linux/Python_Application/env/lib/python3.10/site-packages/colcon_core/task/python/colcon_distutils_commands:/home/winsys/ros2_ws/src/Greyform-linux/Python_Application/install/talker_listener/lib/python3.10/site-packages:/home/winsys/ros2_ws/src/Greyform-linux/Python_Application/install/my_robot_wallinterfaces/lib/python3.10/site-packages:/home/winsys/ros2_ws/src/Greyform-linux/Python_Application/install/talker_listener/lib/python3.10/site-packages:/home/winsys/ros2_ws/src/Greyform-linux/Python_Application/install/my-test-package/lib/python3.10/site-packages:/opt/ros/humble/lib/python3.10/site-packages:/opt/ros/humble/local/lib/python3.10/dist-packages VIRTUAL_ENV_PROMPT=(env) /home/winsys/ros2_ws/src/Greyform-linux/Python_Application/env/bin/python3.10 -W ignore:setup.py install is deprecated setup.py egg_info --egg-base ../build/talker_listener build --build-base /home/winsys/ros2_ws/src/Greyform-linux/Python_Application/build/talker_listener/build install --record /home/winsys/ros2_ws/src/Greyform-linux/Python_Application/build/talker_listener/install.log --single-version-externally-managed install_data
[0.526s] running egg_info
[0.527s] creating ../build/talker_listener/talker_listener.egg-info
[0.532s] writing ../build/talker_listener/talker_listener.egg-info/PKG-INFO
[0.532s] writing dependency_links to ../build/talker_listener/talker_listener.egg-info/dependency_links.txt
[0.533s] writing entry points to ../build/talker_listener/talker_listener.egg-info/entry_points.txt
[0.533s] writing requirements to ../build/talker_listener/talker_listener.egg-info/requires.txt
[0.533s] writing top-level names to ../build/talker_listener/talker_listener.egg-info/top_level.txt
[0.533s] writing manifest file '../build/talker_listener/talker_listener.egg-info/SOURCES.txt'
[0.545s] reading manifest file '../build/talker_listener/talker_listener.egg-info/SOURCES.txt'
[0.545s] writing manifest file '../build/talker_listener/talker_listener.egg-info/SOURCES.txt'
[0.545s] running build
[0.545s] running build_py
[0.546s] creating /home/winsys/ros2_ws/src/Greyform-linux/Python_Application/build/talker_listener/build
[0.546s] creating /home/winsys/ros2_ws/src/Greyform-linux/Python_Application/build/talker_listener/build/lib
[0.546s] creating /home/winsys/ros2_ws/src/Greyform-linux/Python_Application/build/talker_listener/build/lib/talker_listener
[0.546s] copying talker_listener/listener_node.py -> /home/winsys/ros2_ws/src/Greyform-linux/Python_Application/build/talker_listener/build/lib/talker_listener
[0.546s] copying talker_listener/talker_node.py -> /home/winsys/ros2_ws/src/Greyform-linux/Python_Application/build/talker_listener/build/lib/talker_listener
[0.546s] copying talker_listener/__init__.py -> /home/winsys/ros2_ws/src/Greyform-linux/Python_Application/build/talker_listener/build/lib/talker_listener
[0.546s] running install
[0.549s] running install_lib
[0.555s] creating /home/winsys/ros2_ws/src/Greyform-linux/Python_Application/install/talker_listener/lib/python3.10/site-packages/talker_listener
[0.555s] copying /home/winsys/ros2_ws/src/Greyform-linux/Python_Application/build/talker_listener/build/lib/talker_listener/listener_node.py -> /home/winsys/ros2_ws/src/Greyform-linux/Python_Application/install/talker_listener/lib/python3.10/site-packages/talker_listener
[0.555s] copying /home/winsys/ros2_ws/src/Greyform-linux/Python_Application/build/talker_listener/build/lib/talker_listener/talker_node.py -> /home/winsys/ros2_ws/src/Greyform-linux/Python_Application/install/talker_listener/lib/python3.10/site-packages/talker_listener
[0.555s] copying /home/winsys/ros2_ws/src/Greyform-linux/Python_Application/build/talker_listener/build/lib/talker_listener/__init__.py -> /home/winsys/ros2_ws/src/Greyform-linux/Python_Application/install/talker_listener/lib/python3.10/site-packages/talker_listener
[0.555s] byte-compiling /home/winsys/ros2_ws/src/Greyform-linux/Python_Application/install/talker_listener/lib/python3.10/site-packages/talker_listener/listener_node.py to listener_node.cpython-310.pyc
[0.556s] byte-compiling /home/winsys/ros2_ws/src/Greyform-linux/Python_Application/install/talker_listener/lib/python3.10/site-packages/talker_listener/talker_node.py to talker_node.cpython-310.pyc
[0.556s] byte-compiling /home/winsys/ros2_ws/src/Greyform-linux/Python_Application/install/talker_listener/lib/python3.10/site-packages/talker_listener/__init__.py to __init__.cpython-310.pyc
[0.556s] running install_data
[0.556s] creating /home/winsys/ros2_ws/src/Greyform-linux/Python_Application/install/talker_listener/share/ament_index
[0.556s] creating /home/winsys/ros2_ws/src/Greyform-linux/Python_Application/install/talker_listener/share/ament_index/resource_index
[0.556s] creating /home/winsys/ros2_ws/src/Greyform-linux/Python_Application/install/talker_listener/share/ament_index/resource_index/packages
[0.557s] copying resource/talker_listener -> /home/winsys/ros2_ws/src/Greyform-linux/Python_Application/install/talker_listener/share/ament_index/resource_index/packages
[0.557s] copying package.xml -> /home/winsys/ros2_ws/src/Greyform-linux/Python_Application/install/talker_listener/share/talker_listener
[0.557s] running install_egg_info
[0.563s] Copying ../build/talker_listener/talker_listener.egg-info to /home/winsys/ros2_ws/src/Greyform-linux/Python_Application/install/talker_listener/lib/python3.10/site-packages/talker_listener-0.0.0-py3.10.egg-info
[0.563s] running install_scripts
[0.607s] Installing listenerNode script to /home/winsys/ros2_ws/src/Greyform-linux/Python_Application/install/talker_listener/lib/talker_listener
[0.607s] Installing talkerNode script to /home/winsys/ros2_ws/src/Greyform-linux/Python_Application/install/talker_listener/lib/talker_listener
[0.607s] writing list of installed files to '/home/winsys/ros2_ws/src/Greyform-linux/Python_Application/build/talker_listener/install.log'
[0.624s] Invoked command in '/home/winsys/ros2_ws/src/Greyform-linux/Python_Application/talker_listener' returned '0': CONDA_PROMPT_MODIFIER=(base) PYTHONPATH=/home/winsys/ros2_ws/src/Greyform-linux/Python_Application/build/talker_listener/prefix_override:/home/winsys/ros2_ws/src/Greyform-linux/Python_Application/env/lib/python3.10/site-packages/colcon_core/task/python/colcon_distutils_commands:/home/winsys/ros2_ws/src/Greyform-linux/Python_Application/install/talker_listener/lib/python3.10/site-packages:/home/winsys/ros2_ws/src/Greyform-linux/Python_Application/install/my_robot_wallinterfaces/lib/python3.10/site-packages:/home/winsys/ros2_ws/src/Greyform-linux/Python_Application/install/talker_listener/lib/python3.10/site-packages:/home/winsys/ros2_ws/src/Greyform-linux/Python_Application/install/my-test-package/lib/python3.10/site-packages:/opt/ros/humble/lib/python3.10/site-packages:/opt/ros/humble/local/lib/python3.10/dist-packages VIRTUAL_ENV_PROMPT=(env) /home/winsys/ros2_ws/src/Greyform-linux/Python_Application/env/bin/python3.10 -W ignore:setup.py install is deprecated setup.py egg_info --egg-base ../build/talker_listener build --build-base /home/winsys/ros2_ws/src/Greyform-linux/Python_Application/build/talker_listener/build install --record /home/winsys/ros2_ws/src/Greyform-linux/Python_Application/build/talker_listener/install.log --single-version-externally-managed install_data
