[35m[1mScanning dependencies of target _my_robot_wallinterfaces_generate_messages_check_deps_SetLed[0m
[35m[1mScanning dependencies of target std_msgs_generate_messages_py[0m
[35m[1mScanning dependencies of target std_msgs_generate_messages_eus[0m
[35m[1mScanning dependencies of target _my_robot_wallinterfaces_generate_messages_check_deps_FileExtractionMessage[0m
[35m[1mScanning dependencies of target _my_robot_wallinterfaces_generate_messages_check_deps_SelectionWall[0m
[35m[1mScanning dependencies of target std_msgs_generate_messages_lisp[0m
[35m[1mScanning dependencies of target std_msgs_generate_messages_nodejs[0m
[35m[1mScanning dependencies of target std_msgs_generate_messages_cpp[0m
[  0%] Built target std_msgs_generate_messages_py
[  0%] Built target std_msgs_generate_messages_lisp
[  0%] Built target std_msgs_generate_messages_eus
[  0%] Built target std_msgs_generate_messages_nodejs
[  0%] Built target std_msgs_generate_messages_cpp
[  0%] Built target _my_robot_wallinterfaces_generate_messages_check_deps_SetLed
[  0%] Built target _my_robot_wallinterfaces_generate_messages_check_deps_FileExtractionMessage
[  0%] Built target _my_robot_wallinterfaces_generate_messages_check_deps_SelectionWall
[35m[1mScanning dependencies of target my_robot_wallinterfaces_generate_messages_py[0m
[35m[1mScanning dependencies of target my_robot_wallinterfaces_generate_messages_nodejs[0m
[35m[1mScanning dependencies of target my_robot_wallinterfaces_generate_messages_cpp[0m
[35m[1mScanning dependencies of target my_robot_wallinterfaces_generate_messages_lisp[0m
[35m[1mScanning dependencies of target my_robot_wallinterfaces_generate_messages_eus[0m
[ 16%] [34m[1mGenerating Javascript code from my_robot_wallinterfaces/FileExtractionMessage.msg[0m
[ 16%] [34m[1mGenerating Javascript code from my_robot_wallinterfaces/SelectionWall.msg[0m
[ 22%] [34m[1mGenerating Python from MSG my_robot_wallinterfaces/FileExtractionMessage[0m
[ 38%] [34m[1mGenerating Lisp code from my_robot_wallinterfaces/FileExtractionMessage.msg[0m
[ 38%] [34m[1mGenerating Python from MSG my_robot_wallinterfaces/SelectionWall[0m
[ 38%] [34m[1mGenerating EusLisp code from my_robot_wallinterfaces/SelectionWall.msg[0m
[ 50%] [34m[1mGenerating C++ code from my_robot_wallinterfaces/SelectionWall.msg[0m
[ 55%] [34m[1mGenerating EusLisp code from my_robot_wallinterfaces/FileExtractionMessage.msg[0m
[ 55%] [34m[1mGenerating C++ code from my_robot_wallinterfaces/FileExtractionMessage.msg[0m
[ 61%] [34m[1mGenerating Python code from SRV my_robot_wallinterfaces/SetLed[0m
[ 55%] [34m[1mGenerating Javascript code from my_robot_wallinterfaces/SetLed.srv[0m
[ 66%] [34m[1mGenerating Lisp code from my_robot_wallinterfaces/SelectionWall.msg[0m
[ 72%] [34m[1mGenerating Lisp code from my_robot_wallinterfaces/SetLed.srv[0m
[ 77%] [34m[1mGenerating EusLisp manifest code for my_robot_wallinterfaces[0m
[ 77%] Built target my_robot_wallinterfaces_generate_messages_nodejs
[ 83%] [34m[1mGenerating EusLisp code from my_robot_wallinterfaces/SetLed.srv[0m
[ 88%] [34m[1mGenerating C++ code from my_robot_wallinterfaces/SetLed.srv[0m
[ 88%] Built target my_robot_wallinterfaces_generate_messages_lisp
[ 88%] Built target my_robot_wallinterfaces_generate_messages_cpp
[100%] [34m[1mGenerating Python srv __init__.py for my_robot_wallinterfaces[0m
[100%] [34m[1mGenerating Python msg __init__.py for my_robot_wallinterfaces[0m
[100%] Built target my_robot_wallinterfaces_generate_messages_py
[100%] Built target my_robot_wallinterfaces_generate_messages_eus
[35m[1mScanning dependencies of target my_robot_wallinterfaces_generate_messages[0m
[100%] Built target my_robot_wallinterfaces_generate_messages
