[0.010s] Invoking command in '/home/winsys/ros2_ws/src/Greyform-linux/Python_Application/build/my_robot_wallinterfaces': CMAKE_PREFIX_PATH=${CMAKE_PREFIX_PATH}:/home/winsys/ros2_ws/src/Greyform-linux/Python_Application/install/talker_listener:/opt/ros/humble CONDA_PROMPT_MODIFIER=(base) VIRTUAL_ENV_PROMPT=(env) /usr/bin/cmake --build /home/winsys/ros2_ws/src/Greyform-linux/Python_Application/build/my_robot_wallinterfaces -- -j12 -l12
[0.148s] [  2%] Built target my_robot_wallinterfaces__cpp
[0.148s] [ 12%] Built target my_robot_wallinterfaces__rosidl_generator_c
[0.148s] [ 12%] Built target ament_cmake_python_symlink_my_robot_wallinterfaces
[0.148s] [ 23%] Built target my_robot_wallinterfaces__rosidl_typesupport_introspection_cpp
[0.148s] [ 40%] Built target my_robot_wallinterfaces__rosidl_typesupport_cpp
[0.148s] [ 44%] Built target my_robot_wallinterfaces__rosidl_typesupport_c
[0.148s] [ 55%] Built target my_robot_wallinterfaces__rosidl_typesupport_introspection_c
[0.148s] [ 65%] Built target my_robot_wallinterfaces__rosidl_typesupport_fastrtps_cpp
[0.149s] [ 76%] Built target my_robot_wallinterfaces__rosidl_typesupport_fastrtps_c
[0.149s] [ 76%] Built target my_robot_wallinterfaces
[0.149s] [ 78%] [34m[1mGenerating Python code for ROS interfaces[0m
[0.182s] running egg_info
[0.190s] writing my_robot_wallinterfaces.egg-info/PKG-INFO
[0.190s] writing dependency_links to my_robot_wallinterfaces.egg-info/dependency_links.txt
[0.190s] writing top-level names to my_robot_wallinterfaces.egg-info/top_level.txt
[0.211s] reading manifest file 'my_robot_wallinterfaces.egg-info/SOURCES.txt'
[0.212s] writing manifest file 'my_robot_wallinterfaces.egg-info/SOURCES.txt'
[0.233s] [ 78%] Built target ament_cmake_python_build_my_robot_wallinterfaces_egg
[0.361s] Traceback (most recent call last):
[0.361s]   File "/opt/ros/humble/share/rosidl_generator_py/cmake/../../../lib/rosidl_generator_py/rosidl_generator_py", line 40, in <module>
[0.361s]     sys.exit(main())
[0.361s]   File "/opt/ros/humble/share/rosidl_generator_py/cmake/../../../lib/rosidl_generator_py/rosidl_generator_py", line 36, in main
[0.361s]     generate_py(args.generator_arguments_file, args.typesupport_impls.split(';'))
[0.361s]   File "/opt/ros/humble/local/lib/python3.10/dist-packages/rosidl_generator_py/generate_py_impl.py", line 161, in generate_py
[0.361s]     expand_template(
[0.361s]   File "/opt/ros/humble/local/lib/python3.10/dist-packages/rosidl_cmake/__init__.py", line 181, in expand_template
[0.361s]     with open(output_file, 'w', encoding='utf-8') as h:
[0.361s] FileNotFoundError: [Errno 2] No such file or directory: '/home/winsys/ros2_ws/src/Greyform-linux/Python_Application/build/my_robot_wallinterfaces/rosidl_generator_py/my_robot_wallinterfaces/_my_robot_wallinterfaces_s.ep.rosidl_typesupport_c.c'
[0.371s] gmake[2]: *** [my_robot_wallinterfaces__py/CMakeFiles/my_robot_wallinterfaces__py.dir/build.make:100: rosidl_generator_py/my_robot_wallinterfaces/_my_robot_wallinterfaces_s.ep.rosidl_typesupport_fastrtps_c.c] Error 1
[0.371s] gmake[2]: *** Deleting file 'rosidl_generator_py/my_robot_wallinterfaces/_my_robot_wallinterfaces_s.ep.rosidl_typesupport_fastrtps_c.c'
[0.371s] gmake[1]: *** [CMakeFiles/Makefile2:590: my_robot_wallinterfaces__py/CMakeFiles/my_robot_wallinterfaces__py.dir/all] Error 2
[0.371s] gmake: *** [Makefile:146: all] Error 2
[0.373s] Invoked command in '/home/winsys/ros2_ws/src/Greyform-linux/Python_Application/build/my_robot_wallinterfaces' returned '2': CMAKE_PREFIX_PATH=${CMAKE_PREFIX_PATH}:/home/winsys/ros2_ws/src/Greyform-linux/Python_Application/install/talker_listener:/opt/ros/humble CONDA_PROMPT_MODIFIER=(base) VIRTUAL_ENV_PROMPT=(env) /usr/bin/cmake --build /home/winsys/ros2_ws/src/Greyform-linux/Python_Application/build/my_robot_wallinterfaces -- -j12 -l12
