[0.082s] DEBUG:colcon:Command line arguments: ['/usr/bin/colcon', 'build']
[0.082s] DEBUG:colcon:Parsed command line arguments: Namespace(log_base=None, log_level=None, verb_name='build', build_base='build', install_base='install', merge_install=False, symlink_install=False, test_result_base=None, continue_on_error=False, executor='parallel', parallel_workers=12, event_handlers=None, ignore_user_meta=False, metas=['./colcon.meta'], base_paths=['.'], packages_ignore=None, packages_ignore_regex=None, paths=None, packages_up_to=None, packages_up_to_regex=None, packages_above=None, packages_above_and_dependencies=None, packages_above_depth=None, packages_select_by_dep=None, packages_skip_by_dep=None, packages_skip_up_to=None, packages_select_build_failed=False, packages_skip_build_finished=False, packages_select_test_failures=False, packages_skip_test_passed=False, packages_select=None, packages_skip=None, packages_select_regex=None, packages_skip_regex=None, packages_start=None, packages_end=None, allow_overriding=[], cmake_args=None, cmake_target=None, cmake_target_skip_unavailable=False, cmake_clean_cache=False, cmake_clean_first=False, cmake_force_configure=False, ament_cmake_args=None, catkin_cmake_args=None, catkin_skip_building_tests=False, verb_parser=<colcon_defaults.argument_parser.defaults.DefaultArgumentsDecorator object at 0x76e216fe3dc0>, verb_extension=<colcon_core.verb.build.BuildVerb object at 0x76e216f896c0>, main=<bound method BuildVerb.main of <colcon_core.verb.build.BuildVerb object at 0x76e216f896c0>>)
[0.182s] Level 1:colcon.colcon_core.package_discovery:discover_packages(colcon_meta) check parameters
[0.183s] Level 1:colcon.colcon_core.package_discovery:discover_packages(recursive) check parameters
[0.183s] Level 1:colcon.colcon_core.package_discovery:discover_packages(ignore) check parameters
[0.183s] Level 1:colcon.colcon_core.package_discovery:discover_packages(path) check parameters
[0.183s] Level 1:colcon.colcon_core.package_discovery:discover_packages(colcon_meta) discover
[0.183s] Level 1:colcon.colcon_core.package_discovery:discover_packages(recursive) discover
[0.183s] INFO:colcon.colcon_core.package_discovery:Crawling recursively for packages in '/home/winsys/ros2_ws/src/Greyform-linux/Python_Application'
[0.183s] Level 1:colcon.colcon_core.package_identification:_identify(.) by extensions ['ignore', 'ignore_ament_install']
[0.183s] Level 1:colcon.colcon_core.package_identification:_identify(.) by extension 'ignore'
[0.183s] Level 1:colcon.colcon_core.package_identification:_identify(.) by extension 'ignore_ament_install'
[0.183s] Level 1:colcon.colcon_core.package_identification:_identify(.) by extensions ['colcon_pkg']
[0.183s] Level 1:colcon.colcon_core.package_identification:_identify(.) by extension 'colcon_pkg'
[0.183s] Level 1:colcon.colcon_core.package_identification:_identify(.) by extensions ['colcon_meta']
[0.183s] Level 1:colcon.colcon_core.package_identification:_identify(.) by extension 'colcon_meta'
[0.183s] Level 1:colcon.colcon_core.package_identification:_identify(.) by extensions ['ros']
[0.183s] Level 1:colcon.colcon_core.package_identification:_identify(.) by extension 'ros'
[0.190s] Level 1:colcon.colcon_core.package_identification:_identify(.) by extensions ['cmake', 'python']
[0.190s] Level 1:colcon.colcon_core.package_identification:_identify(.) by extension 'cmake'
[0.190s] Level 1:colcon.colcon_core.package_identification:_identify(.) by extension 'python'
[0.190s] Level 1:colcon.colcon_core.package_identification:_identify(.) by extensions ['python_setup_py']
[0.190s] Level 1:colcon.colcon_core.package_identification:_identify(.) by extension 'python_setup_py'
[0.190s] Level 1:colcon.colcon_core.package_identification:_identify(PythonApplication) by extensions ['ignore', 'ignore_ament_install']
[0.191s] Level 1:colcon.colcon_core.package_identification:_identify(PythonApplication) by extension 'ignore'
[0.191s] Level 1:colcon.colcon_core.package_identification:_identify(PythonApplication) by extension 'ignore_ament_install'
[0.191s] Level 1:colcon.colcon_core.package_identification:_identify(PythonApplication) by extensions ['colcon_pkg']
[0.191s] Level 1:colcon.colcon_core.package_identification:_identify(PythonApplication) by extension 'colcon_pkg'
[0.191s] Level 1:colcon.colcon_core.package_identification:_identify(PythonApplication) by extensions ['colcon_meta']
[0.191s] Level 1:colcon.colcon_core.package_identification:_identify(PythonApplication) by extension 'colcon_meta'
[0.191s] Level 1:colcon.colcon_core.package_identification:_identify(PythonApplication) by extensions ['ros']
[0.191s] Level 1:colcon.colcon_core.package_identification:_identify(PythonApplication) by extension 'ros'
[0.191s] Level 1:colcon.colcon_core.package_identification:_identify(PythonApplication) by extensions ['cmake', 'python']
[0.191s] Level 1:colcon.colcon_core.package_identification:_identify(PythonApplication) by extension 'cmake'
[0.191s] Level 1:colcon.colcon_core.package_identification:_identify(PythonApplication) by extension 'python'
[0.191s] Level 1:colcon.colcon_core.package_identification:_identify(PythonApplication) by extensions ['python_setup_py']
[0.191s] Level 1:colcon.colcon_core.package_identification:_identify(PythonApplication) by extension 'python_setup_py'
[0.191s] Level 1:colcon.colcon_core.package_identification:_identify(PythonApplication/__pycache__) by extensions ['ignore', 'ignore_ament_install']
[0.191s] Level 1:colcon.colcon_core.package_identification:_identify(PythonApplication/__pycache__) by extension 'ignore'
[0.191s] Level 1:colcon.colcon_core.package_identification:_identify(PythonApplication/__pycache__) by extension 'ignore_ament_install'
[0.191s] Level 1:colcon.colcon_core.package_identification:_identify(PythonApplication/__pycache__) by extensions ['colcon_pkg']
[0.191s] Level 1:colcon.colcon_core.package_identification:_identify(PythonApplication/__pycache__) by extension 'colcon_pkg'
[0.191s] Level 1:colcon.colcon_core.package_identification:_identify(PythonApplication/__pycache__) by extensions ['colcon_meta']
[0.191s] Level 1:colcon.colcon_core.package_identification:_identify(PythonApplication/__pycache__) by extension 'colcon_meta'
[0.191s] Level 1:colcon.colcon_core.package_identification:_identify(PythonApplication/__pycache__) by extensions ['ros']
[0.191s] Level 1:colcon.colcon_core.package_identification:_identify(PythonApplication/__pycache__) by extension 'ros'
[0.191s] Level 1:colcon.colcon_core.package_identification:_identify(PythonApplication/__pycache__) by extensions ['cmake', 'python']
[0.191s] Level 1:colcon.colcon_core.package_identification:_identify(PythonApplication/__pycache__) by extension 'cmake'
[0.191s] Level 1:colcon.colcon_core.package_identification:_identify(PythonApplication/__pycache__) by extension 'python'
[0.191s] Level 1:colcon.colcon_core.package_identification:_identify(PythonApplication/__pycache__) by extensions ['python_setup_py']
[0.191s] Level 1:colcon.colcon_core.package_identification:_identify(PythonApplication/__pycache__) by extension 'python_setup_py'
[0.191s] Level 1:colcon.colcon_core.package_identification:_identify(UI_Design) by extensions ['ignore', 'ignore_ament_install']
[0.191s] Level 1:colcon.colcon_core.package_identification:_identify(UI_Design) by extension 'ignore'
[0.191s] Level 1:colcon.colcon_core.package_identification:_identify(UI_Design) by extension 'ignore_ament_install'
[0.191s] Level 1:colcon.colcon_core.package_identification:_identify(UI_Design) by extensions ['colcon_pkg']
[0.191s] Level 1:colcon.colcon_core.package_identification:_identify(UI_Design) by extension 'colcon_pkg'
[0.191s] Level 1:colcon.colcon_core.package_identification:_identify(UI_Design) by extensions ['colcon_meta']
[0.191s] Level 1:colcon.colcon_core.package_identification:_identify(UI_Design) by extension 'colcon_meta'
[0.191s] Level 1:colcon.colcon_core.package_identification:_identify(UI_Design) by extensions ['ros']
[0.191s] Level 1:colcon.colcon_core.package_identification:_identify(UI_Design) by extension 'ros'
[0.191s] Level 1:colcon.colcon_core.package_identification:_identify(UI_Design) by extensions ['cmake', 'python']
[0.191s] Level 1:colcon.colcon_core.package_identification:_identify(UI_Design) by extension 'cmake'
[0.191s] Level 1:colcon.colcon_core.package_identification:_identify(UI_Design) by extension 'python'
[0.192s] Level 1:colcon.colcon_core.package_identification:_identify(UI_Design) by extensions ['python_setup_py']
[0.192s] Level 1:colcon.colcon_core.package_identification:_identify(UI_Design) by extension 'python_setup_py'
[0.192s] Level 1:colcon.colcon_core.package_identification:_identify(UI_Design/__pycache__) by extensions ['ignore', 'ignore_ament_install']
[0.192s] Level 1:colcon.colcon_core.package_identification:_identify(UI_Design/__pycache__) by extension 'ignore'
[0.192s] Level 1:colcon.colcon_core.package_identification:_identify(UI_Design/__pycache__) by extension 'ignore_ament_install'
[0.192s] Level 1:colcon.colcon_core.package_identification:_identify(UI_Design/__pycache__) by extensions ['colcon_pkg']
[0.192s] Level 1:colcon.colcon_core.package_identification:_identify(UI_Design/__pycache__) by extension 'colcon_pkg'
[0.192s] Level 1:colcon.colcon_core.package_identification:_identify(UI_Design/__pycache__) by extensions ['colcon_meta']
[0.192s] Level 1:colcon.colcon_core.package_identification:_identify(UI_Design/__pycache__) by extension 'colcon_meta'
[0.192s] Level 1:colcon.colcon_core.package_identification:_identify(UI_Design/__pycache__) by extensions ['ros']
[0.192s] Level 1:colcon.colcon_core.package_identification:_identify(UI_Design/__pycache__) by extension 'ros'
[0.192s] Level 1:colcon.colcon_core.package_identification:_identify(UI_Design/__pycache__) by extensions ['cmake', 'python']
[0.192s] Level 1:colcon.colcon_core.package_identification:_identify(UI_Design/__pycache__) by extension 'cmake'
[0.192s] Level 1:colcon.colcon_core.package_identification:_identify(UI_Design/__pycache__) by extension 'python'
[0.192s] Level 1:colcon.colcon_core.package_identification:_identify(UI_Design/__pycache__) by extensions ['python_setup_py']
[0.192s] Level 1:colcon.colcon_core.package_identification:_identify(UI_Design/__pycache__) by extension 'python_setup_py'
[0.192s] Level 1:colcon.colcon_core.package_identification:_identify(__pycache__) by extensions ['ignore', 'ignore_ament_install']
[0.192s] Level 1:colcon.colcon_core.package_identification:_identify(__pycache__) by extension 'ignore'
[0.192s] Level 1:colcon.colcon_core.package_identification:_identify(__pycache__) by extension 'ignore_ament_install'
[0.192s] Level 1:colcon.colcon_core.package_identification:_identify(__pycache__) by extensions ['colcon_pkg']
[0.192s] Level 1:colcon.colcon_core.package_identification:_identify(__pycache__) by extension 'colcon_pkg'
[0.192s] Level 1:colcon.colcon_core.package_identification:_identify(__pycache__) by extensions ['colcon_meta']
[0.192s] Level 1:colcon.colcon_core.package_identification:_identify(__pycache__) by extension 'colcon_meta'
[0.192s] Level 1:colcon.colcon_core.package_identification:_identify(__pycache__) by extensions ['ros']
[0.192s] Level 1:colcon.colcon_core.package_identification:_identify(__pycache__) by extension 'ros'
[0.192s] Level 1:colcon.colcon_core.package_identification:_identify(__pycache__) by extensions ['cmake', 'python']
[0.192s] Level 1:colcon.colcon_core.package_identification:_identify(__pycache__) by extension 'cmake'
[0.192s] Level 1:colcon.colcon_core.package_identification:_identify(__pycache__) by extension 'python'
[0.192s] Level 1:colcon.colcon_core.package_identification:_identify(__pycache__) by extensions ['python_setup_py']
[0.192s] Level 1:colcon.colcon_core.package_identification:_identify(__pycache__) by extension 'python_setup_py'
[0.192s] Level 1:colcon.colcon_core.package_identification:_identify(build) by extensions ['ignore', 'ignore_ament_install']
[0.192s] Level 1:colcon.colcon_core.package_identification:_identify(build) by extension 'ignore'
[0.192s] Level 1:colcon.colcon_core.package_identification:_identify(build) ignored
[0.192s] Level 1:colcon.colcon_core.package_identification:_identify(install) by extensions ['ignore', 'ignore_ament_install']
[0.192s] Level 1:colcon.colcon_core.package_identification:_identify(install) by extension 'ignore'
[0.192s] Level 1:colcon.colcon_core.package_identification:_identify(install) ignored
[0.192s] Level 1:colcon.colcon_core.package_identification:_identify(log) by extensions ['ignore', 'ignore_ament_install']
[0.192s] Level 1:colcon.colcon_core.package_identification:_identify(log) by extension 'ignore'
[0.193s] Level 1:colcon.colcon_core.package_identification:_identify(log) ignored
[0.193s] Level 1:colcon.colcon_core.package_identification:_identify(my_package) by extensions ['ignore', 'ignore_ament_install']
[0.193s] Level 1:colcon.colcon_core.package_identification:_identify(my_package) by extension 'ignore'
[0.193s] Level 1:colcon.colcon_core.package_identification:_identify(my_package) by extension 'ignore_ament_install'
[0.193s] Level 1:colcon.colcon_core.package_identification:_identify(my_package) by extensions ['colcon_pkg']
[0.193s] Level 1:colcon.colcon_core.package_identification:_identify(my_package) by extension 'colcon_pkg'
[0.193s] Level 1:colcon.colcon_core.package_identification:_identify(my_package) by extensions ['colcon_meta']
[0.193s] Level 1:colcon.colcon_core.package_identification:_identify(my_package) by extension 'colcon_meta'
[0.193s] Level 1:colcon.colcon_core.package_identification:_identify(my_package) by extensions ['ros']
[0.193s] Level 1:colcon.colcon_core.package_identification:_identify(my_package) by extension 'ros'
[0.194s] DEBUG:colcon.colcon_core.package_identification:Package 'my_package' with type 'ros.ament_cmake' and name 'my_package'
[0.194s] Level 1:colcon.colcon_core.package_identification:_identify(my_robot_wallinterfaces) by extensions ['ignore', 'ignore_ament_install']
[0.195s] Level 1:colcon.colcon_core.package_identification:_identify(my_robot_wallinterfaces) by extension 'ignore'
[0.195s] Level 1:colcon.colcon_core.package_identification:_identify(my_robot_wallinterfaces) by extension 'ignore_ament_install'
[0.195s] Level 1:colcon.colcon_core.package_identification:_identify(my_robot_wallinterfaces) by extensions ['colcon_pkg']
[0.195s] Level 1:colcon.colcon_core.package_identification:_identify(my_robot_wallinterfaces) by extension 'colcon_pkg'
[0.195s] Level 1:colcon.colcon_core.package_identification:_identify(my_robot_wallinterfaces) by extensions ['colcon_meta']
[0.195s] Level 1:colcon.colcon_core.package_identification:_identify(my_robot_wallinterfaces) by extension 'colcon_meta'
[0.195s] Level 1:colcon.colcon_core.package_identification:_identify(my_robot_wallinterfaces) by extensions ['ros']
[0.195s] Level 1:colcon.colcon_core.package_identification:_identify(my_robot_wallinterfaces) by extension 'ros'
[0.195s] DEBUG:colcon.colcon_core.package_identification:Package 'my_robot_wallinterfaces' with type 'ros.ament_cmake' and name 'my_robot_wallinterfaces'
[0.195s] Level 1:colcon.colcon_core.package_identification:_identify(myenv) by extensions ['ignore', 'ignore_ament_install']
[0.195s] Level 1:colcon.colcon_core.package_identification:_identify(myenv) by extension 'ignore'
[0.195s] Level 1:colcon.colcon_core.package_identification:_identify(myenv) by extension 'ignore_ament_install'
[0.195s] Level 1:colcon.colcon_core.package_identification:_identify(myenv) by extensions ['colcon_pkg']
[0.195s] Level 1:colcon.colcon_core.package_identification:_identify(myenv) by extension 'colcon_pkg'
[0.195s] Level 1:colcon.colcon_core.package_identification:_identify(myenv) by extensions ['colcon_meta']
[0.195s] Level 1:colcon.colcon_core.package_identification:_identify(myenv) by extension 'colcon_meta'
[0.195s] Level 1:colcon.colcon_core.package_identification:_identify(myenv) by extensions ['ros']
[0.195s] Level 1:colcon.colcon_core.package_identification:_identify(myenv) by extension 'ros'
[0.195s] Level 1:colcon.colcon_core.package_identification:_identify(myenv) by extensions ['cmake', 'python']
[0.195s] Level 1:colcon.colcon_core.package_identification:_identify(myenv) by extension 'cmake'
[0.196s] Level 1:colcon.colcon_core.package_identification:_identify(myenv) by extension 'python'
[0.196s] Level 1:colcon.colcon_core.package_identification:_identify(myenv) by extensions ['python_setup_py']
[0.196s] Level 1:colcon.colcon_core.package_identification:_identify(myenv) by extension 'python_setup_py'
[0.196s] Level 1:colcon.colcon_core.package_identification:_identify(myenv/bin) by extensions ['ignore', 'ignore_ament_install']
[0.196s] Level 1:colcon.colcon_core.package_identification:_identify(myenv/bin) by extension 'ignore'
[0.196s] Level 1:colcon.colcon_core.package_identification:_identify(myenv/bin) by extension 'ignore_ament_install'
[0.196s] Level 1:colcon.colcon_core.package_identification:_identify(myenv/bin) by extensions ['colcon_pkg']
[0.196s] Level 1:colcon.colcon_core.package_identification:_identify(myenv/bin) by extension 'colcon_pkg'
[0.196s] Level 1:colcon.colcon_core.package_identification:_identify(myenv/bin) by extensions ['colcon_meta']
[0.196s] Level 1:colcon.colcon_core.package_identification:_identify(myenv/bin) by extension 'colcon_meta'
[0.196s] Level 1:colcon.colcon_core.package_identification:_identify(myenv/bin) by extensions ['ros']
[0.196s] Level 1:colcon.colcon_core.package_identification:_identify(myenv/bin) by extension 'ros'
[0.196s] Level 1:colcon.colcon_core.package_identification:_identify(myenv/bin) by extensions ['cmake', 'python']
[0.196s] Level 1:colcon.colcon_core.package_identification:_identify(myenv/bin) by extension 'cmake'
[0.196s] Level 1:colcon.colcon_core.package_identification:_identify(myenv/bin) by extension 'python'
[0.196s] Level 1:colcon.colcon_core.package_identification:_identify(myenv/bin) by extensions ['python_setup_py']
[0.196s] Level 1:colcon.colcon_core.package_identification:_identify(myenv/bin) by extension 'python_setup_py'
[0.196s] Level 1:colcon.colcon_core.package_identification:_identify(myenv/include) by extensions ['ignore', 'ignore_ament_install']
[0.196s] Level 1:colcon.colcon_core.package_identification:_identify(myenv/include) by extension 'ignore'
[0.196s] Level 1:colcon.colcon_core.package_identification:_identify(myenv/include) by extension 'ignore_ament_install'
[0.196s] Level 1:colcon.colcon_core.package_identification:_identify(myenv/include) by extensions ['colcon_pkg']
[0.196s] Level 1:colcon.colcon_core.package_identification:_identify(myenv/include) by extension 'colcon_pkg'
[0.196s] Level 1:colcon.colcon_core.package_identification:_identify(myenv/include) by extensions ['colcon_meta']
[0.196s] Level 1:colcon.colcon_core.package_identification:_identify(myenv/include) by extension 'colcon_meta'
[0.196s] Level 1:colcon.colcon_core.package_identification:_identify(myenv/include) by extensions ['ros']
[0.196s] Level 1:colcon.colcon_core.package_identification:_identify(myenv/include) by extension 'ros'
[0.196s] Level 1:colcon.colcon_core.package_identification:_identify(myenv/include) by extensions ['cmake', 'python']
[0.196s] Level 1:colcon.colcon_core.package_identification:_identify(myenv/include) by extension 'cmake'
[0.196s] Level 1:colcon.colcon_core.package_identification:_identify(myenv/include) by extension 'python'
[0.196s] Level 1:colcon.colcon_core.package_identification:_identify(myenv/include) by extensions ['python_setup_py']
[0.196s] Level 1:colcon.colcon_core.package_identification:_identify(myenv/include) by extension 'python_setup_py'
[0.196s] Level 1:colcon.colcon_core.package_identification:_identify(myenv/lib) by extensions ['ignore', 'ignore_ament_install']
[0.196s] Level 1:colcon.colcon_core.package_identification:_identify(myenv/lib) by extension 'ignore'
[0.196s] Level 1:colcon.colcon_core.package_identification:_identify(myenv/lib) by extension 'ignore_ament_install'
[0.196s] Level 1:colcon.colcon_core.package_identification:_identify(myenv/lib) by extensions ['colcon_pkg']
[0.196s] Level 1:colcon.colcon_core.package_identification:_identify(myenv/lib) by extension 'colcon_pkg'
[0.196s] Level 1:colcon.colcon_core.package_identification:_identify(myenv/lib) by extensions ['colcon_meta']
[0.196s] Level 1:colcon.colcon_core.package_identification:_identify(myenv/lib) by extension 'colcon_meta'
[0.196s] Level 1:colcon.colcon_core.package_identification:_identify(myenv/lib) by extensions ['ros']
[0.196s] Level 1:colcon.colcon_core.package_identification:_identify(myenv/lib) by extension 'ros'
[0.196s] Level 1:colcon.colcon_core.package_identification:_identify(myenv/lib) by extensions ['cmake', 'python']
[0.196s] Level 1:colcon.colcon_core.package_identification:_identify(myenv/lib) by extension 'cmake'
[0.196s] Level 1:colcon.colcon_core.package_identification:_identify(myenv/lib) by extension 'python'
[0.196s] Level 1:colcon.colcon_core.package_identification:_identify(myenv/lib) by extensions ['python_setup_py']
[0.196s] Level 1:colcon.colcon_core.package_identification:_identify(myenv/lib) by extension 'python_setup_py'
[0.197s] Level 1:colcon.colcon_core.package_identification:_identify(myenv/lib/python3.10) by extensions ['ignore', 'ignore_ament_install']
[0.197s] Level 1:colcon.colcon_core.package_identification:_identify(myenv/lib/python3.10) by extension 'ignore'
[0.197s] Level 1:colcon.colcon_core.package_identification:_identify(myenv/lib/python3.10) by extension 'ignore_ament_install'
[0.197s] Level 1:colcon.colcon_core.package_identification:_identify(myenv/lib/python3.10) by extensions ['colcon_pkg']
[0.197s] Level 1:colcon.colcon_core.package_identification:_identify(myenv/lib/python3.10) by extension 'colcon_pkg'
[0.197s] Level 1:colcon.colcon_core.package_identification:_identify(myenv/lib/python3.10) by extensions ['colcon_meta']
[0.197s] Level 1:colcon.colcon_core.package_identification:_identify(myenv/lib/python3.10) by extension 'colcon_meta'
[0.197s] Level 1:colcon.colcon_core.package_identification:_identify(myenv/lib/python3.10) by extensions ['ros']
[0.197s] Level 1:colcon.colcon_core.package_identification:_identify(myenv/lib/python3.10) by extension 'ros'
[0.197s] Level 1:colcon.colcon_core.package_identification:_identify(myenv/lib/python3.10) by extensions ['cmake', 'python']
[0.197s] Level 1:colcon.colcon_core.package_identification:_identify(myenv/lib/python3.10) by extension 'cmake'
[0.197s] Level 1:colcon.colcon_core.package_identification:_identify(myenv/lib/python3.10) by extension 'python'
[0.197s] Level 1:colcon.colcon_core.package_identification:_identify(myenv/lib/python3.10) by extensions ['python_setup_py']
[0.197s] Level 1:colcon.colcon_core.package_identification:_identify(myenv/lib/python3.10) by extension 'python_setup_py'
[0.197s] Level 1:colcon.colcon_core.package_identification:_identify(myenv/lib/python3.10/site-packages) by extensions ['ignore', 'ignore_ament_install']
[0.197s] Level 1:colcon.colcon_core.package_identification:_identify(myenv/lib/python3.10/site-packages) by extension 'ignore'
[0.197s] Level 1:colcon.colcon_core.package_identification:_identify(myenv/lib/python3.10/site-packages) by extension 'ignore_ament_install'
[0.197s] Level 1:colcon.colcon_core.package_identification:_identify(myenv/lib/python3.10/site-packages) by extensions ['colcon_pkg']
[0.197s] Level 1:colcon.colcon_core.package_identification:_identify(myenv/lib/python3.10/site-packages) by extension 'colcon_pkg'
[0.197s] Level 1:colcon.colcon_core.package_identification:_identify(myenv/lib/python3.10/site-packages) by extensions ['colcon_meta']
[0.197s] Level 1:colcon.colcon_core.package_identification:_identify(myenv/lib/python3.10/site-packages) by extension 'colcon_meta'
[0.197s] Level 1:colcon.colcon_core.package_identification:_identify(myenv/lib/python3.10/site-packages) by extensions ['ros']
[0.197s] Level 1:colcon.colcon_core.package_identification:_identify(myenv/lib/python3.10/site-packages) by extension 'ros'
[0.197s] Level 1:colcon.colcon_core.package_identification:_identify(myenv/lib/python3.10/site-packages) by extensions ['cmake', 'python']
[0.197s] Level 1:colcon.colcon_core.package_identification:_identify(myenv/lib/python3.10/site-packages) by extension 'cmake'
[0.197s] Level 1:colcon.colcon_core.package_identification:_identify(myenv/lib/python3.10/site-packages) by extension 'python'
[0.197s] Level 1:colcon.colcon_core.package_identification:_identify(myenv/lib/python3.10/site-packages) by extensions ['python_setup_py']
[0.197s] Level 1:colcon.colcon_core.package_identification:_identify(myenv/lib/python3.10/site-packages) by extension 'python_setup_py'
[0.197s] Level 1:colcon.colcon_core.package_identification:_identify(talker_listener) by extensions ['ignore', 'ignore_ament_install']
[0.197s] Level 1:colcon.colcon_core.package_identification:_identify(talker_listener) by extension 'ignore'
[0.197s] Level 1:colcon.colcon_core.package_identification:_identify(talker_listener) by extension 'ignore_ament_install'
[0.197s] Level 1:colcon.colcon_core.package_identification:_identify(talker_listener) by extensions ['colcon_pkg']
[0.197s] Level 1:colcon.colcon_core.package_identification:_identify(talker_listener) by extension 'colcon_pkg'
[0.197s] Level 1:colcon.colcon_core.package_identification:_identify(talker_listener) by extensions ['colcon_meta']
[0.197s] Level 1:colcon.colcon_core.package_identification:_identify(talker_listener) by extension 'colcon_meta'
[0.197s] Level 1:colcon.colcon_core.package_identification:_identify(talker_listener) by extensions ['ros']
[0.197s] Level 1:colcon.colcon_core.package_identification:_identify(talker_listener) by extension 'ros'
[0.198s] DEBUG:colcon.colcon_core.package_identification:Package 'talker_listener' with type 'ros.ament_python' and name 'talker_listener'
[0.198s] Level 1:colcon.colcon_core.package_discovery:discover_packages(recursive) using defaults
[0.198s] Level 1:colcon.colcon_core.package_discovery:discover_packages(ignore) discover
[0.198s] Level 1:colcon.colcon_core.package_discovery:discover_packages(ignore) using defaults
[0.198s] Level 1:colcon.colcon_core.package_discovery:discover_packages(path) discover
[0.198s] Level 1:colcon.colcon_core.package_discovery:discover_packages(path) using defaults
[0.211s] Level 1:colcon.colcon_core.package_discovery:discover_packages(prefix_path) check parameters
[0.211s] Level 1:colcon.colcon_core.package_discovery:discover_packages(prefix_path) discover
[0.212s] Level 1:colcon.colcon_core.package_discovery:discover_packages(prefix_path) using defaults
[0.213s] Level 5:colcon.colcon_core.verb:set package 'my_package' build argument 'cmake_args' from command line to 'None'
[0.213s] Level 5:colcon.colcon_core.verb:set package 'my_package' build argument 'cmake_target' from command line to 'None'
[0.213s] Level 5:colcon.colcon_core.verb:set package 'my_package' build argument 'cmake_target_skip_unavailable' from command line to 'False'
[0.213s] Level 5:colcon.colcon_core.verb:set package 'my_package' build argument 'cmake_clean_cache' from command line to 'False'
[0.213s] Level 5:colcon.colcon_core.verb:set package 'my_package' build argument 'cmake_clean_first' from command line to 'False'
[0.213s] Level 5:colcon.colcon_core.verb:set package 'my_package' build argument 'cmake_force_configure' from command line to 'False'
[0.213s] Level 5:colcon.colcon_core.verb:set package 'my_package' build argument 'ament_cmake_args' from command line to 'None'
[0.213s] Level 5:colcon.colcon_core.verb:set package 'my_package' build argument 'catkin_cmake_args' from command line to 'None'
[0.213s] Level 5:colcon.colcon_core.verb:set package 'my_package' build argument 'catkin_skip_building_tests' from command line to 'False'
[0.213s] DEBUG:colcon.colcon_core.verb:Building package 'my_package' with the following arguments: {'ament_cmake_args': None, 'build_base': '/home/winsys/ros2_ws/src/Greyform-linux/Python_Application/build/my_package', 'catkin_cmake_args': None, 'catkin_skip_building_tests': False, 'cmake_args': None, 'cmake_clean_cache': False, 'cmake_clean_first': False, 'cmake_force_configure': False, 'cmake_target': None, 'cmake_target_skip_unavailable': False, 'install_base': '/home/winsys/ros2_ws/src/Greyform-linux/Python_Application/install/my_package', 'merge_install': False, 'path': '/home/winsys/ros2_ws/src/Greyform-linux/Python_Application/my_package', 'symlink_install': False, 'test_result_base': None}
[0.213s] Level 5:colcon.colcon_core.verb:set package 'my_robot_wallinterfaces' build argument 'cmake_args' from command line to 'None'
[0.213s] Level 5:colcon.colcon_core.verb:set package 'my_robot_wallinterfaces' build argument 'cmake_target' from command line to 'None'
[0.213s] Level 5:colcon.colcon_core.verb:set package 'my_robot_wallinterfaces' build argument 'cmake_target_skip_unavailable' from command line to 'False'
[0.213s] Level 5:colcon.colcon_core.verb:set package 'my_robot_wallinterfaces' build argument 'cmake_clean_cache' from command line to 'False'
[0.213s] Level 5:colcon.colcon_core.verb:set package 'my_robot_wallinterfaces' build argument 'cmake_clean_first' from command line to 'False'
[0.213s] Level 5:colcon.colcon_core.verb:set package 'my_robot_wallinterfaces' build argument 'cmake_force_configure' from command line to 'False'
[0.213s] Level 5:colcon.colcon_core.verb:set package 'my_robot_wallinterfaces' build argument 'ament_cmake_args' from command line to 'None'
[0.213s] Level 5:colcon.colcon_core.verb:set package 'my_robot_wallinterfaces' build argument 'catkin_cmake_args' from command line to 'None'
[0.213s] Level 5:colcon.colcon_core.verb:set package 'my_robot_wallinterfaces' build argument 'catkin_skip_building_tests' from command line to 'False'
[0.213s] DEBUG:colcon.colcon_core.verb:Building package 'my_robot_wallinterfaces' with the following arguments: {'ament_cmake_args': None, 'build_base': '/home/winsys/ros2_ws/src/Greyform-linux/Python_Application/build/my_robot_wallinterfaces', 'catkin_cmake_args': None, 'catkin_skip_building_tests': False, 'cmake_args': None, 'cmake_clean_cache': False, 'cmake_clean_first': False, 'cmake_force_configure': False, 'cmake_target': None, 'cmake_target_skip_unavailable': False, 'install_base': '/home/winsys/ros2_ws/src/Greyform-linux/Python_Application/install/my_robot_wallinterfaces', 'merge_install': False, 'path': '/home/winsys/ros2_ws/src/Greyform-linux/Python_Application/my_robot_wallinterfaces', 'symlink_install': False, 'test_result_base': None}
[0.214s] Level 5:colcon.colcon_core.verb:set package 'talker_listener' build argument 'cmake_args' from command line to 'None'
[0.214s] Level 5:colcon.colcon_core.verb:set package 'talker_listener' build argument 'cmake_target' from command line to 'None'
[0.214s] Level 5:colcon.colcon_core.verb:set package 'talker_listener' build argument 'cmake_target_skip_unavailable' from command line to 'False'
[0.214s] Level 5:colcon.colcon_core.verb:set package 'talker_listener' build argument 'cmake_clean_cache' from command line to 'False'
[0.214s] Level 5:colcon.colcon_core.verb:set package 'talker_listener' build argument 'cmake_clean_first' from command line to 'False'
[0.214s] Level 5:colcon.colcon_core.verb:set package 'talker_listener' build argument 'cmake_force_configure' from command line to 'False'
[0.214s] Level 5:colcon.colcon_core.verb:set package 'talker_listener' build argument 'ament_cmake_args' from command line to 'None'
[0.214s] Level 5:colcon.colcon_core.verb:set package 'talker_listener' build argument 'catkin_cmake_args' from command line to 'None'
[0.214s] Level 5:colcon.colcon_core.verb:set package 'talker_listener' build argument 'catkin_skip_building_tests' from command line to 'False'
[0.214s] DEBUG:colcon.colcon_core.verb:Building package 'talker_listener' with the following arguments: {'ament_cmake_args': None, 'build_base': '/home/winsys/ros2_ws/src/Greyform-linux/Python_Application/build/talker_listener', 'catkin_cmake_args': None, 'catkin_skip_building_tests': False, 'cmake_args': None, 'cmake_clean_cache': False, 'cmake_clean_first': False, 'cmake_force_configure': False, 'cmake_target': None, 'cmake_target_skip_unavailable': False, 'install_base': '/home/winsys/ros2_ws/src/Greyform-linux/Python_Application/install/talker_listener', 'merge_install': False, 'path': '/home/winsys/ros2_ws/src/Greyform-linux/Python_Application/talker_listener', 'symlink_install': False, 'test_result_base': None}
[0.214s] INFO:colcon.colcon_core.executor:Executing jobs using 'parallel' executor
[0.214s] DEBUG:colcon.colcon_parallel_executor.executor.parallel:run_until_complete
[0.215s] INFO:colcon.colcon_ros.task.ament_cmake.build:Building ROS package in '/home/winsys/ros2_ws/src/Greyform-linux/Python_Application/my_robot_wallinterfaces' with build type 'ament_cmake'
[0.215s] INFO:colcon.colcon_cmake.task.cmake.build:Building CMake package in '/home/winsys/ros2_ws/src/Greyform-linux/Python_Application/my_robot_wallinterfaces'
[0.217s] INFO:colcon.colcon_core.plugin_system:Skipping extension 'colcon_core.shell.bat': Not used on non-Windows systems
[0.217s] INFO:colcon.colcon_core.shell:Skip shell extension 'powershell' for command environment: Not usable outside of PowerShell
[0.217s] DEBUG:colcon.colcon_core.shell:Skip shell extension 'dsv' for command environment
[0.218s] INFO:colcon.colcon_ros.task.ament_cmake.build:Building ROS package in '/home/winsys/ros2_ws/src/Greyform-linux/Python_Application/my_package' with build type 'ament_cmake'
[0.218s] INFO:colcon.colcon_cmake.task.cmake.build:Building CMake package in '/home/winsys/ros2_ws/src/Greyform-linux/Python_Application/my_package'
[0.218s] INFO:colcon.colcon_core.shell:Skip shell extension 'powershell' for command environment: Not usable outside of PowerShell
[0.218s] DEBUG:colcon.colcon_core.shell:Skip shell extension 'dsv' for command environment
[0.221s] DEBUG:colcon.colcon_core.event_handler.log_command:Invoking command in '/home/winsys/ros2_ws/src/Greyform-linux/Python_Application/build/my_robot_wallinterfaces': /usr/bin/cmake --build /home/winsys/ros2_ws/src/Greyform-linux/Python_Application/build/my_robot_wallinterfaces -- -j12 -l12
[0.225s] DEBUG:colcon.colcon_core.event_handler.log_command:Invoking command in '/home/winsys/ros2_ws/src/Greyform-linux/Python_Application/build/my_package': /usr/bin/cmake --build /home/winsys/ros2_ws/src/Greyform-linux/Python_Application/build/my_package -- -j12 -l12
[0.262s] DEBUG:colcon.colcon_core.event_handler.log_command:Invoked command in '/home/winsys/ros2_ws/src/Greyform-linux/Python_Application/build/my_package' returned '0': /usr/bin/cmake --build /home/winsys/ros2_ws/src/Greyform-linux/Python_Application/build/my_package -- -j12 -l12
[0.279s] DEBUG:colcon.colcon_core.event_handler.log_command:Invoking command in '/home/winsys/ros2_ws/src/Greyform-linux/Python_Application/build/my_package': /usr/bin/cmake --install /home/winsys/ros2_ws/src/Greyform-linux/Python_Application/build/my_package
[0.285s] Level 1:colcon.colcon_core.environment:create_environment_scripts_only(my_package)
[0.285s] DEBUG:colcon.colcon_core.event_handler.log_command:Invoked command in '/home/winsys/ros2_ws/src/Greyform-linux/Python_Application/build/my_package' returned '0': /usr/bin/cmake --install /home/winsys/ros2_ws/src/Greyform-linux/Python_Application/build/my_package
[0.289s] Level 1:colcon.colcon_core.environment:checking '/home/winsys/ros2_ws/src/Greyform-linux/Python_Application/install/my_package' for CMake module files
[0.289s] Level 1:colcon.colcon_core.environment:checking '/home/winsys/ros2_ws/src/Greyform-linux/Python_Application/install/my_package' for CMake config files
[0.289s] Level 1:colcon.colcon_core.shell:create_environment_hook('my_package', 'cmake_prefix_path')
[0.289s] INFO:colcon.colcon_core.shell:Creating environment hook '/home/winsys/ros2_ws/src/Greyform-linux/Python_Application/install/my_package/share/my_package/hook/cmake_prefix_path.ps1'
[0.290s] INFO:colcon.colcon_core.shell:Creating environment descriptor '/home/winsys/ros2_ws/src/Greyform-linux/Python_Application/install/my_package/share/my_package/hook/cmake_prefix_path.dsv'
[0.290s] INFO:colcon.colcon_core.shell:Creating environment hook '/home/winsys/ros2_ws/src/Greyform-linux/Python_Application/install/my_package/share/my_package/hook/cmake_prefix_path.sh'
[0.291s] Level 1:colcon.colcon_core.environment:checking '/home/winsys/ros2_ws/src/Greyform-linux/Python_Application/install/my_package/bin'
[0.291s] Level 1:colcon.colcon_core.environment:checking '/home/winsys/ros2_ws/src/Greyform-linux/Python_Application/install/my_package/lib/pkgconfig/my_package.pc'
[0.292s] Level 1:colcon.colcon_core.environment:checking '/home/winsys/ros2_ws/src/Greyform-linux/Python_Application/install/my_package/lib/python3.10/site-packages'
[0.292s] Level 1:colcon.colcon_core.environment:checking '/home/winsys/ros2_ws/src/Greyform-linux/Python_Application/install/my_package/bin'
[0.292s] INFO:colcon.colcon_core.shell:Creating package script '/home/winsys/ros2_ws/src/Greyform-linux/Python_Application/install/my_package/share/my_package/package.ps1'
[0.293s] INFO:colcon.colcon_core.shell:Creating package descriptor '/home/winsys/ros2_ws/src/Greyform-linux/Python_Application/install/my_package/share/my_package/package.dsv'
[0.293s] INFO:colcon.colcon_core.shell:Creating package script '/home/winsys/ros2_ws/src/Greyform-linux/Python_Application/install/my_package/share/my_package/package.sh'
[0.294s] INFO:colcon.colcon_core.shell:Creating package script '/home/winsys/ros2_ws/src/Greyform-linux/Python_Application/install/my_package/share/my_package/package.bash'
[0.294s] INFO:colcon.colcon_core.shell:Creating package script '/home/winsys/ros2_ws/src/Greyform-linux/Python_Application/install/my_package/share/my_package/package.zsh'
[0.295s] Level 1:colcon.colcon_core.environment:create_file_with_runtime_dependencies(/home/winsys/ros2_ws/src/Greyform-linux/Python_Application/install/my_package/share/colcon-core/packages/my_package)
[0.305s] Level 1:colcon.colcon_core.environment:create_environment_scripts_only(my_package)
[0.306s] Level 1:colcon.colcon_core.environment:checking '/home/winsys/ros2_ws/src/Greyform-linux/Python_Application/install/my_package' for CMake module files
[0.306s] Level 1:colcon.colcon_core.environment:checking '/home/winsys/ros2_ws/src/Greyform-linux/Python_Application/install/my_package' for CMake config files
[0.306s] Level 1:colcon.colcon_core.shell:create_environment_hook('my_package', 'cmake_prefix_path')
[0.306s] INFO:colcon.colcon_core.shell:Creating environment hook '/home/winsys/ros2_ws/src/Greyform-linux/Python_Application/install/my_package/share/my_package/hook/cmake_prefix_path.ps1'
[0.306s] INFO:colcon.colcon_core.shell:Creating environment descriptor '/home/winsys/ros2_ws/src/Greyform-linux/Python_Application/install/my_package/share/my_package/hook/cmake_prefix_path.dsv'
[0.307s] INFO:colcon.colcon_core.shell:Creating environment hook '/home/winsys/ros2_ws/src/Greyform-linux/Python_Application/install/my_package/share/my_package/hook/cmake_prefix_path.sh'
[0.307s] Level 1:colcon.colcon_core.environment:checking '/home/winsys/ros2_ws/src/Greyform-linux/Python_Application/install/my_package/bin'
[0.307s] Level 1:colcon.colcon_core.environment:checking '/home/winsys/ros2_ws/src/Greyform-linux/Python_Application/install/my_package/lib/pkgconfig/my_package.pc'
[0.307s] Level 1:colcon.colcon_core.environment:checking '/home/winsys/ros2_ws/src/Greyform-linux/Python_Application/install/my_package/lib/python3.10/site-packages'
[0.307s] Level 1:colcon.colcon_core.environment:checking '/home/winsys/ros2_ws/src/Greyform-linux/Python_Application/install/my_package/bin'
[0.308s] INFO:colcon.colcon_core.shell:Creating package script '/home/winsys/ros2_ws/src/Greyform-linux/Python_Application/install/my_package/share/my_package/package.ps1'
[0.308s] INFO:colcon.colcon_core.shell:Creating package descriptor '/home/winsys/ros2_ws/src/Greyform-linux/Python_Application/install/my_package/share/my_package/package.dsv'
[0.308s] INFO:colcon.colcon_core.shell:Creating package script '/home/winsys/ros2_ws/src/Greyform-linux/Python_Application/install/my_package/share/my_package/package.sh'
[0.309s] INFO:colcon.colcon_core.shell:Creating package script '/home/winsys/ros2_ws/src/Greyform-linux/Python_Application/install/my_package/share/my_package/package.bash'
[0.309s] INFO:colcon.colcon_core.shell:Creating package script '/home/winsys/ros2_ws/src/Greyform-linux/Python_Application/install/my_package/share/my_package/package.zsh'
[0.309s] Level 1:colcon.colcon_core.environment:create_file_with_runtime_dependencies(/home/winsys/ros2_ws/src/Greyform-linux/Python_Application/install/my_package/share/colcon-core/packages/my_package)
[0.414s] DEBUG:colcon.colcon_core.event_handler.log_command:Invoked command in '/home/winsys/ros2_ws/src/Greyform-linux/Python_Application/build/my_robot_wallinterfaces' returned '0': /usr/bin/cmake --build /home/winsys/ros2_ws/src/Greyform-linux/Python_Application/build/my_robot_wallinterfaces -- -j12 -l12
[0.457s] DEBUG:colcon.colcon_core.event_handler.log_command:Invoking command in '/home/winsys/ros2_ws/src/Greyform-linux/Python_Application/build/my_robot_wallinterfaces': /usr/bin/cmake --install /home/winsys/ros2_ws/src/Greyform-linux/Python_Application/build/my_robot_wallinterfaces
[0.494s] Level 1:colcon.colcon_core.environment:create_environment_scripts_only(my_robot_wallinterfaces)
[0.494s] Level 1:colcon.colcon_core.environment:checking '/home/winsys/ros2_ws/src/Greyform-linux/Python_Application/install/my_robot_wallinterfaces' for CMake module files
[0.494s] DEBUG:colcon.colcon_core.event_handler.log_command:Invoked command in '/home/winsys/ros2_ws/src/Greyform-linux/Python_Application/build/my_robot_wallinterfaces' returned '0': /usr/bin/cmake --install /home/winsys/ros2_ws/src/Greyform-linux/Python_Application/build/my_robot_wallinterfaces
[0.495s] Level 1:colcon.colcon_core.environment:checking '/home/winsys/ros2_ws/src/Greyform-linux/Python_Application/install/my_robot_wallinterfaces' for CMake config files
[0.495s] Level 1:colcon.colcon_core.shell:create_environment_hook('my_robot_wallinterfaces', 'cmake_prefix_path')
[0.496s] INFO:colcon.colcon_core.shell:Creating environment hook '/home/winsys/ros2_ws/src/Greyform-linux/Python_Application/install/my_robot_wallinterfaces/share/my_robot_wallinterfaces/hook/cmake_prefix_path.ps1'
[0.496s] INFO:colcon.colcon_core.shell:Creating environment descriptor '/home/winsys/ros2_ws/src/Greyform-linux/Python_Application/install/my_robot_wallinterfaces/share/my_robot_wallinterfaces/hook/cmake_prefix_path.dsv'
[0.496s] INFO:colcon.colcon_core.shell:Creating environment hook '/home/winsys/ros2_ws/src/Greyform-linux/Python_Application/install/my_robot_wallinterfaces/share/my_robot_wallinterfaces/hook/cmake_prefix_path.sh'
[0.496s] Level 1:colcon.colcon_core.environment:checking '/home/winsys/ros2_ws/src/Greyform-linux/Python_Application/install/my_robot_wallinterfaces/lib'
[0.497s] Level 1:colcon.colcon_core.shell:create_environment_hook('my_robot_wallinterfaces', 'ld_library_path_lib')
[0.497s] INFO:colcon.colcon_core.shell:Creating environment hook '/home/winsys/ros2_ws/src/Greyform-linux/Python_Application/install/my_robot_wallinterfaces/share/my_robot_wallinterfaces/hook/ld_library_path_lib.ps1'
[0.497s] INFO:colcon.colcon_core.shell:Creating environment descriptor '/home/winsys/ros2_ws/src/Greyform-linux/Python_Application/install/my_robot_wallinterfaces/share/my_robot_wallinterfaces/hook/ld_library_path_lib.dsv'
[0.497s] INFO:colcon.colcon_core.shell:Creating environment hook '/home/winsys/ros2_ws/src/Greyform-linux/Python_Application/install/my_robot_wallinterfaces/share/my_robot_wallinterfaces/hook/ld_library_path_lib.sh'
[0.497s] Level 1:colcon.colcon_core.environment:checking '/home/winsys/ros2_ws/src/Greyform-linux/Python_Application/install/my_robot_wallinterfaces/bin'
[0.497s] Level 1:colcon.colcon_core.environment:checking '/home/winsys/ros2_ws/src/Greyform-linux/Python_Application/install/my_robot_wallinterfaces/lib/pkgconfig/my_robot_wallinterfaces.pc'
[0.498s] Level 1:colcon.colcon_core.environment:checking '/home/winsys/ros2_ws/src/Greyform-linux/Python_Application/install/my_robot_wallinterfaces/lib/python3.10/site-packages'
[0.498s] Level 1:colcon.colcon_core.environment:checking '/home/winsys/ros2_ws/src/Greyform-linux/Python_Application/install/my_robot_wallinterfaces/bin'
[0.498s] INFO:colcon.colcon_core.shell:Creating package script '/home/winsys/ros2_ws/src/Greyform-linux/Python_Application/install/my_robot_wallinterfaces/share/my_robot_wallinterfaces/package.ps1'
[0.498s] INFO:colcon.colcon_core.shell:Creating package descriptor '/home/winsys/ros2_ws/src/Greyform-linux/Python_Application/install/my_robot_wallinterfaces/share/my_robot_wallinterfaces/package.dsv'
[0.499s] INFO:colcon.colcon_core.shell:Creating package script '/home/winsys/ros2_ws/src/Greyform-linux/Python_Application/install/my_robot_wallinterfaces/share/my_robot_wallinterfaces/package.sh'
[0.499s] INFO:colcon.colcon_core.shell:Creating package script '/home/winsys/ros2_ws/src/Greyform-linux/Python_Application/install/my_robot_wallinterfaces/share/my_robot_wallinterfaces/package.bash'
[0.499s] INFO:colcon.colcon_core.shell:Creating package script '/home/winsys/ros2_ws/src/Greyform-linux/Python_Application/install/my_robot_wallinterfaces/share/my_robot_wallinterfaces/package.zsh'
[0.499s] Level 1:colcon.colcon_core.environment:create_file_with_runtime_dependencies(/home/winsys/ros2_ws/src/Greyform-linux/Python_Application/install/my_robot_wallinterfaces/share/colcon-core/packages/my_robot_wallinterfaces)
[0.542s] Level 1:colcon.colcon_core.environment:create_environment_scripts_only(my_robot_wallinterfaces)
[0.542s] Level 1:colcon.colcon_core.environment:checking '/home/winsys/ros2_ws/src/Greyform-linux/Python_Application/install/my_robot_wallinterfaces' for CMake module files
[0.542s] Level 1:colcon.colcon_core.environment:checking '/home/winsys/ros2_ws/src/Greyform-linux/Python_Application/install/my_robot_wallinterfaces' for CMake config files
[0.543s] Level 1:colcon.colcon_core.shell:create_environment_hook('my_robot_wallinterfaces', 'cmake_prefix_path')
[0.543s] INFO:colcon.colcon_core.shell:Creating environment hook '/home/winsys/ros2_ws/src/Greyform-linux/Python_Application/install/my_robot_wallinterfaces/share/my_robot_wallinterfaces/hook/cmake_prefix_path.ps1'
[0.543s] INFO:colcon.colcon_core.shell:Creating environment descriptor '/home/winsys/ros2_ws/src/Greyform-linux/Python_Application/install/my_robot_wallinterfaces/share/my_robot_wallinterfaces/hook/cmake_prefix_path.dsv'
[0.543s] INFO:colcon.colcon_core.shell:Creating environment hook '/home/winsys/ros2_ws/src/Greyform-linux/Python_Application/install/my_robot_wallinterfaces/share/my_robot_wallinterfaces/hook/cmake_prefix_path.sh'
[0.544s] Level 1:colcon.colcon_core.environment:checking '/home/winsys/ros2_ws/src/Greyform-linux/Python_Application/install/my_robot_wallinterfaces/lib'
[0.544s] Level 1:colcon.colcon_core.shell:create_environment_hook('my_robot_wallinterfaces', 'ld_library_path_lib')
[0.544s] INFO:colcon.colcon_core.shell:Creating environment hook '/home/winsys/ros2_ws/src/Greyform-linux/Python_Application/install/my_robot_wallinterfaces/share/my_robot_wallinterfaces/hook/ld_library_path_lib.ps1'
[0.544s] INFO:colcon.colcon_core.shell:Creating environment descriptor '/home/winsys/ros2_ws/src/Greyform-linux/Python_Application/install/my_robot_wallinterfaces/share/my_robot_wallinterfaces/hook/ld_library_path_lib.dsv'
[0.544s] INFO:colcon.colcon_core.shell:Creating environment hook '/home/winsys/ros2_ws/src/Greyform-linux/Python_Application/install/my_robot_wallinterfaces/share/my_robot_wallinterfaces/hook/ld_library_path_lib.sh'
[0.544s] Level 1:colcon.colcon_core.environment:checking '/home/winsys/ros2_ws/src/Greyform-linux/Python_Application/install/my_robot_wallinterfaces/bin'
[0.544s] Level 1:colcon.colcon_core.environment:checking '/home/winsys/ros2_ws/src/Greyform-linux/Python_Application/install/my_robot_wallinterfaces/lib/pkgconfig/my_robot_wallinterfaces.pc'
[0.544s] Level 1:colcon.colcon_core.environment:checking '/home/winsys/ros2_ws/src/Greyform-linux/Python_Application/install/my_robot_wallinterfaces/lib/python3.10/site-packages'
[0.545s] Level 1:colcon.colcon_core.environment:checking '/home/winsys/ros2_ws/src/Greyform-linux/Python_Application/install/my_robot_wallinterfaces/bin'
[0.545s] INFO:colcon.colcon_core.shell:Creating package script '/home/winsys/ros2_ws/src/Greyform-linux/Python_Application/install/my_robot_wallinterfaces/share/my_robot_wallinterfaces/package.ps1'
[0.545s] INFO:colcon.colcon_core.shell:Creating package descriptor '/home/winsys/ros2_ws/src/Greyform-linux/Python_Application/install/my_robot_wallinterfaces/share/my_robot_wallinterfaces/package.dsv'
[0.545s] INFO:colcon.colcon_core.shell:Creating package script '/home/winsys/ros2_ws/src/Greyform-linux/Python_Application/install/my_robot_wallinterfaces/share/my_robot_wallinterfaces/package.sh'
[0.546s] INFO:colcon.colcon_core.shell:Creating package script '/home/winsys/ros2_ws/src/Greyform-linux/Python_Application/install/my_robot_wallinterfaces/share/my_robot_wallinterfaces/package.bash'
[0.546s] INFO:colcon.colcon_core.shell:Creating package script '/home/winsys/ros2_ws/src/Greyform-linux/Python_Application/install/my_robot_wallinterfaces/share/my_robot_wallinterfaces/package.zsh'
[0.546s] Level 1:colcon.colcon_core.environment:create_file_with_runtime_dependencies(/home/winsys/ros2_ws/src/Greyform-linux/Python_Application/install/my_robot_wallinterfaces/share/colcon-core/packages/my_robot_wallinterfaces)
[0.546s] INFO:colcon.colcon_ros.task.ament_python.build:Building ROS package in '/home/winsys/ros2_ws/src/Greyform-linux/Python_Application/talker_listener' with build type 'ament_python'
[0.546s] Level 1:colcon.colcon_core.shell:create_environment_hook('talker_listener', 'ament_prefix_path')
[0.546s] INFO:colcon.colcon_core.shell:Creating environment hook '/home/winsys/ros2_ws/src/Greyform-linux/Python_Application/install/talker_listener/share/talker_listener/hook/ament_prefix_path.ps1'
[0.547s] INFO:colcon.colcon_core.shell:Creating environment descriptor '/home/winsys/ros2_ws/src/Greyform-linux/Python_Application/install/talker_listener/share/talker_listener/hook/ament_prefix_path.dsv'
[0.547s] INFO:colcon.colcon_core.shell:Creating environment hook '/home/winsys/ros2_ws/src/Greyform-linux/Python_Application/install/talker_listener/share/talker_listener/hook/ament_prefix_path.sh'
[0.547s] INFO:colcon.colcon_core.shell:Skip shell extension 'powershell' for command environment: Not usable outside of PowerShell
[0.547s] DEBUG:colcon.colcon_core.shell:Skip shell extension 'dsv' for command environment
[0.667s] INFO:colcon.colcon_core.task.python.build:Building Python package in '/home/winsys/ros2_ws/src/Greyform-linux/Python_Application/talker_listener'
[0.667s] INFO:colcon.colcon_core.shell:Skip shell extension 'powershell' for command environment: Not usable outside of PowerShell
[0.667s] DEBUG:colcon.colcon_core.shell:Skip shell extension 'dsv' for command environment
[0.839s] DEBUG:colcon.colcon_core.event_handler.log_command:Invoking command in '/home/winsys/ros2_ws/src/Greyform-linux/Python_Application/talker_listener': AMENT_PREFIX_PATH=/home/winsys/ros2_ws/src/Greyform-linux/Python_Application/install/my_robot_wallinterfaces CMAKE_PREFIX_PATH=/home/winsys/ros2_ws/src/Greyform-linux/Python_Application/install/my_robot_wallinterfaces LD_LIBRARY_PATH=/home/winsys/ros2_ws/src/Greyform-linux/Python_Application/install/my_robot_wallinterfaces/lib PYTHONPATH=/home/winsys/ros2_ws/src/Greyform-linux/Python_Application/build/talker_listener/prefix_override:/usr/lib/python3/dist-packages/colcon_core/task/python/colcon_distutils_commands:/home/winsys/ros2_ws/src/Greyform-linux/Python_Application/install/talker_listener/lib/python3.10/site-packages:/home/winsys/ros2_ws/src/Greyform-linux/Python_Application/install/my_robot_wallinterfaces/local/lib/python3.10/dist-packages /usr/bin/python3 -W ignore:setup.py install is deprecated setup.py egg_info --egg-base ../build/talker_listener build --build-base /home/winsys/ros2_ws/src/Greyform-linux/Python_Application/build/talker_listener/build install --record /home/winsys/ros2_ws/src/Greyform-linux/Python_Application/build/talker_listener/install.log --single-version-externally-managed install_data
[0.971s] Level 1:colcon.colcon_core.environment:checking '/home/winsys/ros2_ws/src/Greyform-linux/Python_Application/install/talker_listener' for CMake module files
[0.971s] DEBUG:colcon.colcon_core.event_handler.log_command:Invoked command in '/home/winsys/ros2_ws/src/Greyform-linux/Python_Application/talker_listener' returned '0': AMENT_PREFIX_PATH=/home/winsys/ros2_ws/src/Greyform-linux/Python_Application/install/my_robot_wallinterfaces CMAKE_PREFIX_PATH=/home/winsys/ros2_ws/src/Greyform-linux/Python_Application/install/my_robot_wallinterfaces LD_LIBRARY_PATH=/home/winsys/ros2_ws/src/Greyform-linux/Python_Application/install/my_robot_wallinterfaces/lib PYTHONPATH=/home/winsys/ros2_ws/src/Greyform-linux/Python_Application/build/talker_listener/prefix_override:/usr/lib/python3/dist-packages/colcon_core/task/python/colcon_distutils_commands:/home/winsys/ros2_ws/src/Greyform-linux/Python_Application/install/talker_listener/lib/python3.10/site-packages:/home/winsys/ros2_ws/src/Greyform-linux/Python_Application/install/my_robot_wallinterfaces/local/lib/python3.10/dist-packages /usr/bin/python3 -W ignore:setup.py install is deprecated setup.py egg_info --egg-base ../build/talker_listener build --build-base /home/winsys/ros2_ws/src/Greyform-linux/Python_Application/build/talker_listener/build install --record /home/winsys/ros2_ws/src/Greyform-linux/Python_Application/build/talker_listener/install.log --single-version-externally-managed install_data
[0.971s] Level 1:colcon.colcon_core.environment:checking '/home/winsys/ros2_ws/src/Greyform-linux/Python_Application/install/talker_listener' for CMake config files
[0.972s] Level 1:colcon.colcon_core.environment:checking '/home/winsys/ros2_ws/src/Greyform-linux/Python_Application/install/talker_listener/lib'
[0.972s] Level 1:colcon.colcon_core.environment:checking '/home/winsys/ros2_ws/src/Greyform-linux/Python_Application/install/talker_listener/bin'
[0.972s] Level 1:colcon.colcon_core.environment:checking '/home/winsys/ros2_ws/src/Greyform-linux/Python_Application/install/talker_listener/lib/pkgconfig/talker_listener.pc'
[0.972s] Level 1:colcon.colcon_core.environment:checking '/home/winsys/ros2_ws/src/Greyform-linux/Python_Application/install/talker_listener/lib/python3.10/site-packages'
[0.972s] Level 1:colcon.colcon_core.shell:create_environment_hook('talker_listener', 'pythonpath')
[0.972s] INFO:colcon.colcon_core.shell:Creating environment hook '/home/winsys/ros2_ws/src/Greyform-linux/Python_Application/install/talker_listener/share/talker_listener/hook/pythonpath.ps1'
[0.973s] INFO:colcon.colcon_core.shell:Creating environment descriptor '/home/winsys/ros2_ws/src/Greyform-linux/Python_Application/install/talker_listener/share/talker_listener/hook/pythonpath.dsv'
[0.973s] INFO:colcon.colcon_core.shell:Creating environment hook '/home/winsys/ros2_ws/src/Greyform-linux/Python_Application/install/talker_listener/share/talker_listener/hook/pythonpath.sh'
[0.973s] Level 1:colcon.colcon_core.environment:checking '/home/winsys/ros2_ws/src/Greyform-linux/Python_Application/install/talker_listener/bin'
[0.973s] Level 1:colcon.colcon_core.environment:create_environment_scripts_only(talker_listener)
[0.973s] INFO:colcon.colcon_core.shell:Creating package script '/home/winsys/ros2_ws/src/Greyform-linux/Python_Application/install/talker_listener/share/talker_listener/package.ps1'
[0.973s] INFO:colcon.colcon_core.shell:Creating package descriptor '/home/winsys/ros2_ws/src/Greyform-linux/Python_Application/install/talker_listener/share/talker_listener/package.dsv'
[0.974s] INFO:colcon.colcon_core.shell:Creating package script '/home/winsys/ros2_ws/src/Greyform-linux/Python_Application/install/talker_listener/share/talker_listener/package.sh'
[0.974s] INFO:colcon.colcon_core.shell:Creating package script '/home/winsys/ros2_ws/src/Greyform-linux/Python_Application/install/talker_listener/share/talker_listener/package.bash'
[0.974s] INFO:colcon.colcon_core.shell:Creating package script '/home/winsys/ros2_ws/src/Greyform-linux/Python_Application/install/talker_listener/share/talker_listener/package.zsh'
[0.974s] Level 1:colcon.colcon_core.environment:create_file_with_runtime_dependencies(/home/winsys/ros2_ws/src/Greyform-linux/Python_Application/install/talker_listener/share/colcon-core/packages/talker_listener)
[0.974s] DEBUG:colcon.colcon_parallel_executor.executor.parallel:closing loop
[0.974s] DEBUG:colcon.colcon_parallel_executor.executor.parallel:loop closed
[0.975s] DEBUG:colcon.colcon_parallel_executor.executor.parallel:run_until_complete finished with '0'
[0.975s] DEBUG:colcon.colcon_core.event_reactor:joining thread
[0.978s] INFO:colcon.colcon_core.plugin_system:Skipping extension 'colcon_notification.desktop_notification.terminal_notifier': Not used on non-Darwin systems
[0.978s] INFO:colcon.colcon_core.plugin_system:Skipping extension 'colcon_notification.desktop_notification.win32': Not used on non-Windows systems
[0.978s] INFO:colcon.colcon_notification.desktop_notification:Sending desktop notification using 'notify2'
[0.994s] DEBUG:colcon.colcon_core.event_reactor:joined thread
[0.994s] INFO:colcon.colcon_core.shell:Creating prefix script '/home/winsys/ros2_ws/src/Greyform-linux/Python_Application/install/local_setup.ps1'
[0.997s] INFO:colcon.colcon_core.shell:Creating prefix util module '/home/winsys/ros2_ws/src/Greyform-linux/Python_Application/install/_local_setup_util_ps1.py'
[0.997s] INFO:colcon.colcon_core.shell:Creating prefix chain script '/home/winsys/ros2_ws/src/Greyform-linux/Python_Application/install/setup.ps1'
[0.998s] INFO:colcon.colcon_core.shell:Creating prefix script '/home/winsys/ros2_ws/src/Greyform-linux/Python_Application/install/local_setup.sh'
[0.998s] INFO:colcon.colcon_core.shell:Creating prefix util module '/home/winsys/ros2_ws/src/Greyform-linux/Python_Application/install/_local_setup_util_sh.py'
[0.999s] INFO:colcon.colcon_core.shell:Creating prefix chain script '/home/winsys/ros2_ws/src/Greyform-linux/Python_Application/install/setup.sh'
[0.999s] INFO:colcon.colcon_core.shell:Creating prefix script '/home/winsys/ros2_ws/src/Greyform-linux/Python_Application/install/local_setup.bash'
[1.000s] INFO:colcon.colcon_core.shell:Creating prefix chain script '/home/winsys/ros2_ws/src/Greyform-linux/Python_Application/install/setup.bash'
[1.001s] INFO:colcon.colcon_core.shell:Creating prefix script '/home/winsys/ros2_ws/src/Greyform-linux/Python_Application/install/local_setup.zsh'
[1.001s] INFO:colcon.colcon_core.shell:Creating prefix chain script '/home/winsys/ros2_ws/src/Greyform-linux/Python_Application/install/setup.zsh'
