[4.100s] Invoking command in '/home/ubuntu/Desktop/Greyform-linux/Python_Application/talker_listener': PYTHONPATH=/home/ubuntu/Desktop/Greyform-linux/Python_Application/build/talker_listener/prefix_override:/home/ubuntu/Desktop/Greyform-linux/Python_Application/install/talker_listener/lib/python3.10/site-packages:${PYTHONPATH} /usr/bin/python3 -W ignore:setup.py install is deprecated setup.py egg_info --egg-base ../build/talker_listener build --build-base /home/ubuntu/Desktop/Greyform-linux/Python_Application/build/talker_listener/build install --record /home/ubuntu/Desktop/Greyform-linux/Python_Application/build/talker_listener/install.log --single-version-externally-managed install_data
[5.348s] running egg_info
[5.352s] writing ../build/talker_listener/talker_listener.egg-info/PKG-INFO
[5.354s] writing dependency_links to ../build/talker_listener/talker_listener.egg-info/dependency_links.txt
[5.356s] writing entry points to ../build/talker_listener/talker_listener.egg-info/entry_points.txt
[5.358s] writing requirements to ../build/talker_listener/talker_listener.egg-info/requires.txt
[5.360s] writing top-level names to ../build/talker_listener/talker_listener.egg-info/top_level.txt
[5.372s] reading manifest file '../build/talker_listener/talker_listener.egg-info/SOURCES.txt'
[5.381s] writing manifest file '../build/talker_listener/talker_listener.egg-info/SOURCES.txt'
[5.382s] running build
[5.382s] running build_py
[5.383s] copying talker_listener/listener_node.py -> /home/ubuntu/Desktop/Greyform-linux/Python_Application/build/talker_listener/build/lib/talker_listener
[5.383s] running install
[5.384s] running install_lib
[5.387s] copying /home/ubuntu/Desktop/Greyform-linux/Python_Application/build/talker_listener/build/lib/talker_listener/listener_node.py -> /home/ubuntu/Desktop/Greyform-linux/Python_Application/install/talker_listener/lib/python3.10/site-packages/talker_listener
[5.390s] byte-compiling /home/ubuntu/Desktop/Greyform-linux/Python_Application/install/talker_listener/lib/python3.10/site-packages/talker_listener/listener_node.py to listener_node.cpython-310.pyc
[5.395s] running install_data
[5.396s] running install_egg_info
[5.403s] removing '/home/ubuntu/Desktop/Greyform-linux/Python_Application/install/talker_listener/lib/python3.10/site-packages/talker_listener-0.0.0-py3.10.egg-info' (and everything under it)
[5.404s] Copying ../build/talker_listener/talker_listener.egg-info to /home/ubuntu/Desktop/Greyform-linux/Python_Application/install/talker_listener/lib/python3.10/site-packages/talker_listener-0.0.0-py3.10.egg-info
[5.409s] running install_scripts
[5.496s] Installing listenerNode script to /home/ubuntu/Desktop/Greyform-linux/Python_Application/install/talker_listener/lib/talker_listeners
[5.499s] Installing talkerNode script to /home/ubuntu/Desktop/Greyform-linux/Python_Application/install/talker_listener/lib/talker_listeners
[5.502s] writing list of installed files to '/home/ubuntu/Desktop/Greyform-linux/Python_Application/build/talker_listener/install.log'
[5.607s] Invoked command in '/home/ubuntu/Desktop/Greyform-linux/Python_Application/talker_listener' returned '0': PYTHONPATH=/home/ubuntu/Desktop/Greyform-linux/Python_Application/build/talker_listener/prefix_override:/home/ubuntu/Desktop/Greyform-linux/Python_Application/install/talker_listener/lib/python3.10/site-packages:${PYTHONPATH} /usr/bin/python3 -W ignore:setup.py install is deprecated setup.py egg_info --egg-base ../build/talker_listener build --build-base /home/ubuntu/Desktop/Greyform-linux/Python_Application/build/talker_listener/build install --record /home/ubuntu/Desktop/Greyform-linux/Python_Application/build/talker_listener/install.log --single-version-externally-managed install_data
