[0.277s] Invoking command in '/home/winsys/ros2_ws/src/Greyform-linux/Python_Application/build/talker_listener': AMENT_PREFIX_PATH=/home/winsys/ros2_ws/src/Greyform-linux/Python_Application/install/my_robot_wallinterfaces CMAKE_PREFIX_PATH=/home/winsys/ros2_ws/src/Greyform-linux/Python_Application/install/my_robot_wallinterfaces LD_LIBRARY_PATH=/home/winsys/ros2_ws/src/Greyform-linux/Python_Application/install/my_robot_wallinterfaces/lib PYTHONPATH=/home/winsys/ros2_ws/src/Greyform-linux/Python_Application/build/talker_listener/prefix_override:/usr/lib/python3/dist-packages/colcon_core/task/python/colcon_distutils_commands:/home/winsys/ros2_ws/src/Greyform-linux/Python_Application/install/talker_listener/lib/python3.10/site-packages:/home/winsys/ros2_ws/src/Greyform-linux/Python_Application/install/my_robot_wallinterfaces/lib/python3.10/site-packages /usr/bin/python3 -W ignore:setup.py install is deprecated setup.py develop --editable --build-directory /home/winsys/ros2_ws/src/Greyform-linux/Python_Application/build/talker_listener/build --no-deps symlink_data
[0.387s] running develop
[0.387s] /usr/lib/python3/dist-packages/setuptools/command/easy_install.py:158: EasyInstallDeprecationWarning: easy_install command is deprecated. Use build and pip and other standards-based tools.
[0.387s]   warnings.warn(
[0.435s] running egg_info
[0.435s] writing talker_listener.egg-info/PKG-INFO
[0.435s] writing dependency_links to talker_listener.egg-info/dependency_links.txt
[0.436s] writing entry points to talker_listener.egg-info/entry_points.txt
[0.436s] writing requirements to talker_listener.egg-info/requires.txt
[0.436s] writing top-level names to talker_listener.egg-info/top_level.txt
[0.437s] reading manifest file 'talker_listener.egg-info/SOURCES.txt'
[0.437s] writing manifest file 'talker_listener.egg-info/SOURCES.txt'
[0.438s] running build_ext
[0.438s] Creating /home/winsys/ros2_ws/src/Greyform-linux/Python_Application/install/talker_listener/lib/python3.10/site-packages/talker-listener.egg-link (link to .)
[0.438s] Installing listenerNode script to /home/winsys/ros2_ws/src/Greyform-linux/Python_Application/install/talker_listener/lib/talker_listener
[0.439s] Installing talkerNode script to /home/winsys/ros2_ws/src/Greyform-linux/Python_Application/install/talker_listener/lib/talker_listener
[0.439s] 
[0.439s] Installed /home/winsys/ros2_ws/src/Greyform-linux/Python_Application/build/talker_listener
[0.439s] running symlink_data
[0.452s] Invoked command in '/home/winsys/ros2_ws/src/Greyform-linux/Python_Application/build/talker_listener' returned '0': AMENT_PREFIX_PATH=/home/winsys/ros2_ws/src/Greyform-linux/Python_Application/install/my_robot_wallinterfaces CMAKE_PREFIX_PATH=/home/winsys/ros2_ws/src/Greyform-linux/Python_Application/install/my_robot_wallinterfaces LD_LIBRARY_PATH=/home/winsys/ros2_ws/src/Greyform-linux/Python_Application/install/my_robot_wallinterfaces/lib PYTHONPATH=/home/winsys/ros2_ws/src/Greyform-linux/Python_Application/build/talker_listener/prefix_override:/usr/lib/python3/dist-packages/colcon_core/task/python/colcon_distutils_commands:/home/winsys/ros2_ws/src/Greyform-linux/Python_Application/install/talker_listener/lib/python3.10/site-packages:/home/winsys/ros2_ws/src/Greyform-linux/Python_Application/install/my_robot_wallinterfaces/lib/python3.10/site-packages /usr/bin/python3 -W ignore:setup.py install is deprecated setup.py develop --editable --build-directory /home/winsys/ros2_ws/src/Greyform-linux/Python_Application/build/talker_listener/build --no-deps symlink_data
