[0.334s] Invoking command in '/home/winsys/ros2_ws/src/Greyform-linux/Python_Application/talker_listener': PYTHONPATH=/home/winsys/ros2_ws/src/Greyform-linux/Python_Application/build/talker_listener/prefix_override:/usr/lib/python3/dist-packages/colcon_core/task/python/colcon_distutils_commands:/home/winsys/ros2_ws/src/Greyform-linux/Python_Application/install/talker_listener/lib/python3.10/site-packages:${PYTHONPATH} /usr/bin/python3 -W ignore:setup.py install is deprecated setup.py egg_info --egg-base ../build/talker_listener build --build-base /home/winsys/ros2_ws/src/Greyform-linux/Python_Application/build/talker_listener/build install --record /home/winsys/ros2_ws/src/Greyform-linux/Python_Application/build/talker_listener/install.log --single-version-externally-managed install_data
[0.462s] running egg_info
[0.463s] writing ../build/talker_listener/talker_listener.egg-info/PKG-INFO
[0.463s] writing dependency_links to ../build/talker_listener/talker_listener.egg-info/dependency_links.txt
[0.463s] writing entry points to ../build/talker_listener/talker_listener.egg-info/entry_points.txt
[0.463s] writing requirements to ../build/talker_listener/talker_listener.egg-info/requires.txt
[0.463s] writing top-level names to ../build/talker_listener/talker_listener.egg-info/top_level.txt
[0.464s] reading manifest file '../build/talker_listener/talker_listener.egg-info/SOURCES.txt'
[0.465s] writing manifest file '../build/talker_listener/talker_listener.egg-info/SOURCES.txt'
[0.465s] running build
[0.465s] running build_py
[0.465s] running install
[0.465s] running install_lib
[0.466s] running install_data
[0.466s] running install_egg_info
[0.467s] removing '/home/winsys/ros2_ws/src/Greyform-linux/Python_Application/install/talker_listener/lib/python3.10/site-packages/talker_listener-0.0.0-py3.10.egg-info' (and everything under it)
[0.467s] Copying ../build/talker_listener/talker_listener.egg-info to /home/winsys/ros2_ws/src/Greyform-linux/Python_Application/install/talker_listener/lib/python3.10/site-packages/talker_listener-0.0.0-py3.10.egg-info
[0.468s] running install_scripts
[0.480s] Installing Lidar_publisher script to /home/winsys/ros2_ws/src/Greyform-linux/Python_Application/install/talker_listener/lib/talker_listener
[0.480s] Installing Lidar_subscriber script to /home/winsys/ros2_ws/src/Greyform-linux/Python_Application/install/talker_listener/lib/talker_listener
[0.481s] Installing listenerNode script to /home/winsys/ros2_ws/src/Greyform-linux/Python_Application/install/talker_listener/lib/talker_listener
[0.481s] Installing talkerNode script to /home/winsys/ros2_ws/src/Greyform-linux/Python_Application/install/talker_listener/lib/talker_listener
[0.481s] writing list of installed files to '/home/winsys/ros2_ws/src/Greyform-linux/Python_Application/build/talker_listener/install.log'
[0.495s] Invoked command in '/home/winsys/ros2_ws/src/Greyform-linux/Python_Application/talker_listener' returned '0': PYTHONPATH=/home/winsys/ros2_ws/src/Greyform-linux/Python_Application/build/talker_listener/prefix_override:/usr/lib/python3/dist-packages/colcon_core/task/python/colcon_distutils_commands:/home/winsys/ros2_ws/src/Greyform-linux/Python_Application/install/talker_listener/lib/python3.10/site-packages:${PYTHONPATH} /usr/bin/python3 -W ignore:setup.py install is deprecated setup.py egg_info --egg-base ../build/talker_listener build --build-base /home/winsys/ros2_ws/src/Greyform-linux/Python_Application/build/talker_listener/build install --record /home/winsys/ros2_ws/src/Greyform-linux/Python_Application/build/talker_listener/install.log --single-version-externally-managed install_data
