[0.076s] Invoking command in '/home/ubuntu/ros2_ws/src/Greyform-linux/Python_Application/build/my_package': CMAKE_PREFIX_PATH=${CMAKE_PREFIX_PATH}:/home/ubuntu/ros2_humble/install/dynamic_map_matcher:/opt/ros/humble /usr/bin/cmake --build /home/ubuntu/ros2_ws/src/Greyform-linux/Python_Application/build/my_package -- -j8 -l8
[0.321s] Invoked command in '/home/ubuntu/ros2_ws/src/Greyform-linux/Python_Application/build/my_package' returned '0': CMAKE_PREFIX_PATH=${CMAKE_PREFIX_PATH}:/home/ubuntu/ros2_humble/install/dynamic_map_matcher:/opt/ros/humble /usr/bin/cmake --build /home/ubuntu/ros2_ws/src/Greyform-linux/Python_Application/build/my_package -- -j8 -l8
[0.743s] Invoking command in '/home/ubuntu/ros2_ws/src/Greyform-linux/Python_Application/build/my_package': CMAKE_PREFIX_PATH=${CMAKE_PREFIX_PATH}:/home/ubuntu/ros2_humble/install/dynamic_map_matcher:/opt/ros/humble /usr/bin/cmake --install /home/ubuntu/ros2_ws/src/Greyform-linux/Python_Application/build/my_package
[0.775s] -- Install configuration: ""
[0.777s] -- Up-to-date: /home/ubuntu/ros2_ws/src/Greyform-linux/Python_Application/install/my_package/share/ament_index/resource_index/package_run_dependencies/my_package
[0.780s] -- Up-to-date: /home/ubuntu/ros2_ws/src/Greyform-linux/Python_Application/install/my_package/share/ament_index/resource_index/parent_prefix_path/my_package
[0.782s] -- Up-to-date: /home/ubuntu/ros2_ws/src/Greyform-linux/Python_Application/install/my_package/share/my_package/environment/ament_prefix_path.sh
[0.783s] -- Up-to-date: /home/ubuntu/ros2_ws/src/Greyform-linux/Python_Application/install/my_package/share/my_package/environment/ament_prefix_path.dsv
[0.785s] -- Up-to-date: /home/ubuntu/ros2_ws/src/Greyform-linux/Python_Application/install/my_package/share/my_package/environment/path.sh
[0.786s] -- Up-to-date: /home/ubuntu/ros2_ws/src/Greyform-linux/Python_Application/install/my_package/share/my_package/environment/path.dsv
[0.786s] -- Up-to-date: /home/ubuntu/ros2_ws/src/Greyform-linux/Python_Application/install/my_package/share/my_package/local_setup.bash
[0.787s] -- Up-to-date: /home/ubuntu/ros2_ws/src/Greyform-linux/Python_Application/install/my_package/share/my_package/local_setup.sh
[0.788s] -- Up-to-date: /home/ubuntu/ros2_ws/src/Greyform-linux/Python_Application/install/my_package/share/my_package/local_setup.zsh
[0.789s] -- Up-to-date: /home/ubuntu/ros2_ws/src/Greyform-linux/Python_Application/install/my_package/share/my_package/local_setup.dsv
[0.790s] -- Installing: /home/ubuntu/ros2_ws/src/Greyform-linux/Python_Application/install/my_package/share/my_package/package.dsv
[0.791s] -- Up-to-date: /home/ubuntu/ros2_ws/src/Greyform-linux/Python_Application/install/my_package/share/ament_index/resource_index/packages/my_package
[0.793s] -- Up-to-date: /home/ubuntu/ros2_ws/src/Greyform-linux/Python_Application/install/my_package/share/my_package/cmake/my_packageConfig.cmake
[0.793s] -- Up-to-date: /home/ubuntu/ros2_ws/src/Greyform-linux/Python_Application/install/my_package/share/my_package/cmake/my_packageConfig-version.cmake
[0.794s] -- Up-to-date: /home/ubuntu/ros2_ws/src/Greyform-linux/Python_Application/install/my_package/share/my_package/package.xml
[0.811s] Invoked command in '/home/ubuntu/ros2_ws/src/Greyform-linux/Python_Application/build/my_package' returned '0': CMAKE_PREFIX_PATH=${CMAKE_PREFIX_PATH}:/home/ubuntu/ros2_humble/install/dynamic_map_matcher:/opt/ros/humble /usr/bin/cmake --install /home/ubuntu/ros2_ws/src/Greyform-linux/Python_Application/build/my_package
