[0.263s] Invoking command in '/home/winsys/ros2_ws/src/Greyform-linux/Python_Application/talker_listener': AMENT_PREFIX_PATH=/home/winsys/ros2_ws/src/Greyform-linux/Python_Application/install/my_robot_wallinterfaces CMAKE_PREFIX_PATH=/home/winsys/ros2_ws/src/Greyform-linux/Python_Application/install/my_robot_wallinterfaces LD_LIBRARY_PATH=/home/winsys/ros2_ws/src/Greyform-linux/Python_Application/install/my_robot_wallinterfaces/lib PYTHONPATH=/home/winsys/ros2_ws/src/Greyform-linux/Python_Application/build/talker_listener/prefix_override:/usr/lib/python3/dist-packages/colcon_core/task/python/colcon_distutils_commands:/home/winsys/ros2_ws/src/Greyform-linux/Python_Application/install/talker_listener/lib/python3.10/site-packages:/home/winsys/ros2_ws/src/Greyform-linux/Python_Application/install/my_robot_wallinterfaces/local/lib/python3.10/dist-packages /usr/bin/python3 -W ignore:setup.py install is deprecated setup.py egg_info --egg-base ../build/talker_listener build --build-base /home/winsys/ros2_ws/src/Greyform-linux/Python_Application/build/talker_listener/build install --record /home/winsys/ros2_ws/src/Greyform-linux/Python_Application/build/talker_listener/install.log --single-version-externally-managed install_data
[0.362s] running egg_info
[0.362s] writing ../build/talker_listener/talker_listener.egg-info/PKG-INFO
[0.362s] writing dependency_links to ../build/talker_listener/talker_listener.egg-info/dependency_links.txt
[0.362s] writing entry points to ../build/talker_listener/talker_listener.egg-info/entry_points.txt
[0.362s] writing requirements to ../build/talker_listener/talker_listener.egg-info/requires.txt
[0.362s] writing top-level names to ../build/talker_listener/talker_listener.egg-info/top_level.txt
[0.363s] reading manifest file '../build/talker_listener/talker_listener.egg-info/SOURCES.txt'
[0.364s] writing manifest file '../build/talker_listener/talker_listener.egg-info/SOURCES.txt'
[0.364s] running build
[0.364s] running build_py
[0.364s] running install
[0.364s] running install_lib
[0.365s] running install_data
[0.365s] running install_egg_info
[0.366s] removing '/home/winsys/ros2_ws/src/Greyform-linux/Python_Application/install/talker_listener/lib/python3.10/site-packages/talker_listener-0.0.0-py3.10.egg-info' (and everything under it)
[0.366s] Copying ../build/talker_listener/talker_listener.egg-info to /home/winsys/ros2_ws/src/Greyform-linux/Python_Application/install/talker_listener/lib/python3.10/site-packages/talker_listener-0.0.0-py3.10.egg-info
[0.366s] running install_scripts
[0.378s] Installing Lidar_publisher script to /home/winsys/ros2_ws/src/Greyform-linux/Python_Application/install/talker_listener/lib/talker_listener
[0.378s] Installing Lidar_subscriber script to /home/winsys/ros2_ws/src/Greyform-linux/Python_Application/install/talker_listener/lib/talker_listener
[0.378s] Installing listenerNode script to /home/winsys/ros2_ws/src/Greyform-linux/Python_Application/install/talker_listener/lib/talker_listener
[0.378s] Installing talkerNode script to /home/winsys/ros2_ws/src/Greyform-linux/Python_Application/install/talker_listener/lib/talker_listener
[0.378s] writing list of installed files to '/home/winsys/ros2_ws/src/Greyform-linux/Python_Application/build/talker_listener/install.log'
[0.390s] Invoked command in '/home/winsys/ros2_ws/src/Greyform-linux/Python_Application/talker_listener' returned '0': AMENT_PREFIX_PATH=/home/winsys/ros2_ws/src/Greyform-linux/Python_Application/install/my_robot_wallinterfaces CMAKE_PREFIX_PATH=/home/winsys/ros2_ws/src/Greyform-linux/Python_Application/install/my_robot_wallinterfaces LD_LIBRARY_PATH=/home/winsys/ros2_ws/src/Greyform-linux/Python_Application/install/my_robot_wallinterfaces/lib PYTHONPATH=/home/winsys/ros2_ws/src/Greyform-linux/Python_Application/build/talker_listener/prefix_override:/usr/lib/python3/dist-packages/colcon_core/task/python/colcon_distutils_commands:/home/winsys/ros2_ws/src/Greyform-linux/Python_Application/install/talker_listener/lib/python3.10/site-packages:/home/winsys/ros2_ws/src/Greyform-linux/Python_Application/install/my_robot_wallinterfaces/local/lib/python3.10/dist-packages /usr/bin/python3 -W ignore:setup.py install is deprecated setup.py egg_info --egg-base ../build/talker_listener build --build-base /home/winsys/ros2_ws/src/Greyform-linux/Python_Application/build/talker_listener/build install --record /home/winsys/ros2_ws/src/Greyform-linux/Python_Application/build/talker_listener/install.log --single-version-externally-managed install_data
