[3.525s] Invoking command in '/home/ubuntu/ros2_ws/src/Greyform-linux/Python_Application/talker_listener': AMENT_PREFIX_PATH=/home/ubuntu/ros2_ws/src/Greyform-linux/Python_Application/install/my_robot_wallinterfaces:${AMENT_PREFIX_PATH} CMAKE_PREFIX_PATH=/home/ubuntu/ros2_ws/src/Greyform-linux/Python_Application/install/my_robot_wallinterfaces LD_LIBRARY_PATH=/home/ubuntu/ros2_ws/src/Greyform-linux/Python_Application/install/my_robot_wallinterfaces/lib:${LD_LIBRARY_PATH} PYTHONPATH=/home/ubuntu/ros2_ws/src/Greyform-linux/Python_Application/build/talker_listener/prefix_override:/usr/lib/python3/dist-packages/colcon_core/task/python/colcon_distutils_commands:/home/ubuntu/ros2_ws/src/Greyform-linux/Python_Application/install/talker_listener/lib/python3.10/site-packages:/home/ubuntu/ros2_ws/src/Greyform-linux/Python_Application/install/my_robot_wallinterfaces/local/lib/python3.10/dist-packages:${PYTHONPATH} /usr/bin/python3 -W ignore:setup.py install is deprecated -W ignore:easy_install command is deprecated setup.py egg_info --egg-base ../build/talker_listener build --build-base /home/ubuntu/ros2_ws/src/Greyform-linux/Python_Application/build/talker_listener/build install --record /home/ubuntu/ros2_ws/src/Greyform-linux/Python_Application/build/talker_listener/install.log --single-version-externally-managed install_data
[5.027s] running egg_info
[5.034s] writing ../build/talker_listener/talker_listener.egg-info/PKG-INFO
[5.035s] writing dependency_links to ../build/talker_listener/talker_listener.egg-info/dependency_links.txt
[5.041s] writing entry points to ../build/talker_listener/talker_listener.egg-info/entry_points.txt
[5.042s] writing requirements to ../build/talker_listener/talker_listener.egg-info/requires.txt
[5.042s] writing top-level names to ../build/talker_listener/talker_listener.egg-info/top_level.txt
[5.051s] reading manifest file '../build/talker_listener/talker_listener.egg-info/SOURCES.txt'
[5.058s] writing manifest file '../build/talker_listener/talker_listener.egg-info/SOURCES.txt'
[5.059s] running build
[5.059s] running build_py
[5.060s] running install
[5.063s] running install_lib
[5.067s] running install_data
[5.068s] running install_egg_info
[5.075s] removing '/home/ubuntu/ros2_ws/src/Greyform-linux/Python_Application/install/talker_listener/lib/python3.10/site-packages/talker_listener-0.0.0-py3.10.egg-info' (and everything under it)
[5.079s] Copying ../build/talker_listener/talker_listener.egg-info to /home/ubuntu/ros2_ws/src/Greyform-linux/Python_Application/install/talker_listener/lib/python3.10/site-packages/talker_listener-0.0.0-py3.10.egg-info
[5.083s] running install_scripts
[5.173s] Installing listener_node script to /home/ubuntu/ros2_ws/src/Greyform-linux/Python_Application/install/talker_listener/lib/talker_listener
[5.174s] Installing talker_node script to /home/ubuntu/ros2_ws/src/Greyform-linux/Python_Application/install/talker_listener/lib/talker_listener
[5.176s] writing list of installed files to '/home/ubuntu/ros2_ws/src/Greyform-linux/Python_Application/build/talker_listener/install.log'
[5.257s] Invoked command in '/home/ubuntu/ros2_ws/src/Greyform-linux/Python_Application/talker_listener' returned '0': AMENT_PREFIX_PATH=/home/ubuntu/ros2_ws/src/Greyform-linux/Python_Application/install/my_robot_wallinterfaces:${AMENT_PREFIX_PATH} CMAKE_PREFIX_PATH=/home/ubuntu/ros2_ws/src/Greyform-linux/Python_Application/install/my_robot_wallinterfaces LD_LIBRARY_PATH=/home/ubuntu/ros2_ws/src/Greyform-linux/Python_Application/install/my_robot_wallinterfaces/lib:${LD_LIBRARY_PATH} PYTHONPATH=/home/ubuntu/ros2_ws/src/Greyform-linux/Python_Application/build/talker_listener/prefix_override:/usr/lib/python3/dist-packages/colcon_core/task/python/colcon_distutils_commands:/home/ubuntu/ros2_ws/src/Greyform-linux/Python_Application/install/talker_listener/lib/python3.10/site-packages:/home/ubuntu/ros2_ws/src/Greyform-linux/Python_Application/install/my_robot_wallinterfaces/local/lib/python3.10/dist-packages:${PYTHONPATH} /usr/bin/python3 -W ignore:setup.py install is deprecated -W ignore:easy_install command is deprecated setup.py egg_info --egg-base ../build/talker_listener build --build-base /home/ubuntu/ros2_ws/src/Greyform-linux/Python_Application/build/talker_listener/build install --record /home/ubuntu/ros2_ws/src/Greyform-linux/Python_Application/build/talker_listener/install.log --single-version-externally-managed install_data
