[5.382s] Invoking command in '/home/ubuntu/Desktop/Greyform-linux/Python_Application/talker_listener': PYTHONPATH=/home/ubuntu/Desktop/Greyform-linux/Python_Application/build/talker_listener/prefix_override:/home/ubuntu/Desktop/Greyform-linux/Python_Application/install/talker_listener/lib/python3.10/site-packages:${PYTHONPATH} /usr/bin/python3 -W ignore:setup.py install is deprecated setup.py egg_info --egg-base ../build/talker_listener build --build-base /home/ubuntu/Desktop/Greyform-linux/Python_Application/build/talker_listener/build install --record /home/ubuntu/Desktop/Greyform-linux/Python_Application/build/talker_listener/install.log --single-version-externally-managed install_data
[6.816s] running egg_info
[6.819s] writing ../build/talker_listener/talker_listener.egg-info/PKG-INFO
[6.833s] writing dependency_links to ../build/talker_listener/talker_listener.egg-info/dependency_links.txt
[6.834s] writing entry points to ../build/talker_listener/talker_listener.egg-info/entry_points.txt
[6.836s] writing requirements to ../build/talker_listener/talker_listener.egg-info/requires.txt
[6.836s] writing top-level names to ../build/talker_listener/talker_listener.egg-info/top_level.txt
[6.844s] reading manifest file '../build/talker_listener/talker_listener.egg-info/SOURCES.txt'
[6.853s] writing manifest file '../build/talker_listener/talker_listener.egg-info/SOURCES.txt'
[6.862s] running build
[6.883s] running build_py
[6.884s] running install
[6.891s] running install_lib
[6.894s] running install_data
[6.895s] running install_egg_info
[6.896s] removing '/home/ubuntu/Desktop/Greyform-linux/Python_Application/install/talker_listener/lib/python3.10/site-packages/talker_listener-0.0.0-py3.10.egg-info' (and everything under it)
[6.896s] Copying ../build/talker_listener/talker_listener.egg-info to /home/ubuntu/Desktop/Greyform-linux/Python_Application/install/talker_listener/lib/python3.10/site-packages/talker_listener-0.0.0-py3.10.egg-info
[6.897s] running install_scripts
[7.022s] Installing listenerNode script to /home/ubuntu/Desktop/Greyform-linux/Python_Application/install/talker_listener/lib/talker_listeners
[7.025s] Installing talkerNode script to /home/ubuntu/Desktop/Greyform-linux/Python_Application/install/talker_listener/lib/talker_listeners
[7.025s] writing list of installed files to '/home/ubuntu/Desktop/Greyform-linux/Python_Application/build/talker_listener/install.log'
[7.134s] Invoked command in '/home/ubuntu/Desktop/Greyform-linux/Python_Application/talker_listener' returned '0': PYTHONPATH=/home/ubuntu/Desktop/Greyform-linux/Python_Application/build/talker_listener/prefix_override:/home/ubuntu/Desktop/Greyform-linux/Python_Application/install/talker_listener/lib/python3.10/site-packages:${PYTHONPATH} /usr/bin/python3 -W ignore:setup.py install is deprecated setup.py egg_info --egg-base ../build/talker_listener build --build-base /home/ubuntu/Desktop/Greyform-linux/Python_Application/build/talker_listener/build install --record /home/ubuntu/Desktop/Greyform-linux/Python_Application/build/talker_listener/install.log --single-version-externally-managed install_data
