[0.307s] Invoking command in '/home/winsys/ros2_ws/src/Greyform-linux/Python_Application/talker_listener': CMAKE_PREFIX_PATH=/home/winsys/ros2_ws/src/Greyform-linux/Python_Application/install/my_robot_wallinterfaces:/home/winsys/ros2_ws/src/Greyform-linux/Python_Application/install/my_package:/opt/ros/humble:/opt/ros/humble PYTHONPATH=/home/winsys/ros2_ws/src/Greyform-linux/Python_Application/build/talker_listener/prefix_override:/usr/lib/python3/dist-packages/colcon_core/task/python/colcon_distutils_commands:/home/winsys/ros2_ws/src/Greyform-linux/Python_Application/install/talker_listener/lib/python3.10/site-packages:${PYTHONPATH} /usr/bin/python3 -W ignore:setup.py install is deprecated setup.py egg_info --egg-base ../build/talker_listener build --build-base /home/winsys/ros2_ws/src/Greyform-linux/Python_Application/build/talker_listener/build install --record /home/winsys/ros2_ws/src/Greyform-linux/Python_Application/build/talker_listener/install.log --single-version-externally-managed install_data
[0.414s] running egg_info
[0.415s] writing ../build/talker_listener/talker_listener.egg-info/PKG-INFO
[0.415s] writing dependency_links to ../build/talker_listener/talker_listener.egg-info/dependency_links.txt
[0.415s] writing entry points to ../build/talker_listener/talker_listener.egg-info/entry_points.txt
[0.415s] writing requirements to ../build/talker_listener/talker_listener.egg-info/requires.txt
[0.415s] writing top-level names to ../build/talker_listener/talker_listener.egg-info/top_level.txt
[0.416s] reading manifest file '../build/talker_listener/talker_listener.egg-info/SOURCES.txt'
[0.416s] writing manifest file '../build/talker_listener/talker_listener.egg-info/SOURCES.txt'
[0.416s] running build
[0.417s] running build_py
[0.417s] running install
[0.417s] running install_lib
[0.418s] running install_data
[0.418s] running install_egg_info
[0.419s] removing '/home/winsys/ros2_ws/src/Greyform-linux/Python_Application/install/talker_listener/lib/python3.10/site-packages/talker_listener-0.0.0-py3.10.egg-info' (and everything under it)
[0.419s] Copying ../build/talker_listener/talker_listener.egg-info to /home/winsys/ros2_ws/src/Greyform-linux/Python_Application/install/talker_listener/lib/python3.10/site-packages/talker_listener-0.0.0-py3.10.egg-info
[0.419s] running install_scripts
[0.431s] Installing Lidar_publisher script to /home/winsys/ros2_ws/src/Greyform-linux/Python_Application/install/talker_listener/lib/talker_listener
[0.431s] Installing Lidar_subscriber script to /home/winsys/ros2_ws/src/Greyform-linux/Python_Application/install/talker_listener/lib/talker_listener
[0.431s] Installing listenerNode script to /home/winsys/ros2_ws/src/Greyform-linux/Python_Application/install/talker_listener/lib/talker_listener
[0.431s] Installing talkerNode script to /home/winsys/ros2_ws/src/Greyform-linux/Python_Application/install/talker_listener/lib/talker_listener
[0.431s] writing list of installed files to '/home/winsys/ros2_ws/src/Greyform-linux/Python_Application/build/talker_listener/install.log'
[0.448s] Invoked command in '/home/winsys/ros2_ws/src/Greyform-linux/Python_Application/talker_listener' returned '0': CMAKE_PREFIX_PATH=/home/winsys/ros2_ws/src/Greyform-linux/Python_Application/install/my_robot_wallinterfaces:/home/winsys/ros2_ws/src/Greyform-linux/Python_Application/install/my_package:/opt/ros/humble:/opt/ros/humble PYTHONPATH=/home/winsys/ros2_ws/src/Greyform-linux/Python_Application/build/talker_listener/prefix_override:/usr/lib/python3/dist-packages/colcon_core/task/python/colcon_distutils_commands:/home/winsys/ros2_ws/src/Greyform-linux/Python_Application/install/talker_listener/lib/python3.10/site-packages:${PYTHONPATH} /usr/bin/python3 -W ignore:setup.py install is deprecated setup.py egg_info --egg-base ../build/talker_listener build --build-base /home/winsys/ros2_ws/src/Greyform-linux/Python_Application/build/talker_listener/build install --record /home/winsys/ros2_ws/src/Greyform-linux/Python_Application/build/talker_listener/install.log --single-version-externally-managed install_data
