[0.075s] DEBUG:colcon:Command line arguments: ['/usr/bin/colcon', 'build']
[0.075s] DEBUG:colcon:Parsed command line arguments: Namespace(log_base=None, log_level=None, verb_name='build', build_base='build', install_base='install', merge_install=False, symlink_install=False, test_result_base=None, continue_on_error=False, executor='parallel', parallel_workers=12, event_handlers=None, ignore_user_meta=False, metas=['./colcon.meta'], base_paths=['.'], packages_ignore=None, packages_ignore_regex=None, paths=None, packages_up_to=None, packages_up_to_regex=None, packages_above=None, packages_above_and_dependencies=None, packages_above_depth=None, packages_select_by_dep=None, packages_skip_by_dep=None, packages_skip_up_to=None, packages_select_build_failed=False, packages_skip_build_finished=False, packages_select_test_failures=False, packages_skip_test_passed=False, packages_select=None, packages_skip=None, packages_select_regex=None, packages_skip_regex=None, packages_start=None, packages_end=None, allow_overriding=[], cmake_args=None, cmake_target=None, cmake_target_skip_unavailable=False, cmake_clean_cache=False, cmake_clean_first=False, cmake_force_configure=False, ament_cmake_args=None, catkin_cmake_args=None, catkin_skip_building_tests=False, mixin_files=None, mixin=None, verb_parser=<colcon_mixin.mixin.mixin_argument.MixinArgumentDecorator object at 0x76254cae1ea0>, verb_extension=<colcon_core.verb.build.BuildVerb object at 0x76254cae1810>, main=<bound method BuildVerb.main of <colcon_core.verb.build.BuildVerb object at 0x76254cae1810>>, mixin_verb=('build',))
[0.174s] Level 1:colcon.colcon_core.package_discovery:discover_packages(colcon_meta) check parameters
[0.174s] Level 1:colcon.colcon_core.package_discovery:discover_packages(recursive) check parameters
[0.174s] Level 1:colcon.colcon_core.package_discovery:discover_packages(ignore) check parameters
[0.174s] Level 1:colcon.colcon_core.package_discovery:discover_packages(path) check parameters
[0.174s] Level 1:colcon.colcon_core.package_discovery:discover_packages(colcon_meta) discover
[0.174s] Level 1:colcon.colcon_core.package_discovery:discover_packages(recursive) discover
[0.174s] INFO:colcon.colcon_core.package_discovery:Crawling recursively for packages in '/home/winsys/ros2_ws/src/Greyform-linux/Python_Application'
[0.174s] Level 1:colcon.colcon_core.package_identification:_identify(.) by extensions ['ignore', 'ignore_ament_install']
[0.174s] Level 1:colcon.colcon_core.package_identification:_identify(.) by extension 'ignore'
[0.174s] Level 1:colcon.colcon_core.package_identification:_identify(.) by extension 'ignore_ament_install'
[0.174s] Level 1:colcon.colcon_core.package_identification:_identify(.) by extensions ['colcon_pkg']
[0.174s] Level 1:colcon.colcon_core.package_identification:_identify(.) by extension 'colcon_pkg'
[0.174s] Level 1:colcon.colcon_core.package_identification:_identify(.) by extensions ['colcon_meta']
[0.174s] Level 1:colcon.colcon_core.package_identification:_identify(.) by extension 'colcon_meta'
[0.174s] Level 1:colcon.colcon_core.package_identification:_identify(.) by extensions ['ros']
[0.174s] Level 1:colcon.colcon_core.package_identification:_identify(.) by extension 'ros'
[0.181s] Level 1:colcon.colcon_core.package_identification:_identify(.) by extensions ['cmake', 'python']
[0.181s] Level 1:colcon.colcon_core.package_identification:_identify(.) by extension 'cmake'
[0.181s] Level 1:colcon.colcon_core.package_identification:_identify(.) by extension 'python'
[0.181s] Level 1:colcon.colcon_core.package_identification:_identify(.) by extensions ['python_setup_py']
[0.181s] Level 1:colcon.colcon_core.package_identification:_identify(.) by extension 'python_setup_py'
[0.181s] Level 1:colcon.colcon_core.package_identification:_identify(PythonApplication) by extensions ['ignore', 'ignore_ament_install']
[0.181s] Level 1:colcon.colcon_core.package_identification:_identify(PythonApplication) by extension 'ignore'
[0.181s] Level 1:colcon.colcon_core.package_identification:_identify(PythonApplication) by extension 'ignore_ament_install'
[0.181s] Level 1:colcon.colcon_core.package_identification:_identify(PythonApplication) by extensions ['colcon_pkg']
[0.181s] Level 1:colcon.colcon_core.package_identification:_identify(PythonApplication) by extension 'colcon_pkg'
[0.182s] Level 1:colcon.colcon_core.package_identification:_identify(PythonApplication) by extensions ['colcon_meta']
[0.182s] Level 1:colcon.colcon_core.package_identification:_identify(PythonApplication) by extension 'colcon_meta'
[0.182s] Level 1:colcon.colcon_core.package_identification:_identify(PythonApplication) by extensions ['ros']
[0.182s] Level 1:colcon.colcon_core.package_identification:_identify(PythonApplication) by extension 'ros'
[0.182s] Level 1:colcon.colcon_core.package_identification:_identify(PythonApplication) by extensions ['cmake', 'python']
[0.182s] Level 1:colcon.colcon_core.package_identification:_identify(PythonApplication) by extension 'cmake'
[0.182s] Level 1:colcon.colcon_core.package_identification:_identify(PythonApplication) by extension 'python'
[0.182s] Level 1:colcon.colcon_core.package_identification:_identify(PythonApplication) by extensions ['python_setup_py']
[0.182s] Level 1:colcon.colcon_core.package_identification:_identify(PythonApplication) by extension 'python_setup_py'
[0.182s] Level 1:colcon.colcon_core.package_identification:_identify(PythonApplication/__pycache__) by extensions ['ignore', 'ignore_ament_install']
[0.182s] Level 1:colcon.colcon_core.package_identification:_identify(PythonApplication/__pycache__) by extension 'ignore'
[0.182s] Level 1:colcon.colcon_core.package_identification:_identify(PythonApplication/__pycache__) by extension 'ignore_ament_install'
[0.182s] Level 1:colcon.colcon_core.package_identification:_identify(PythonApplication/__pycache__) by extensions ['colcon_pkg']
[0.182s] Level 1:colcon.colcon_core.package_identification:_identify(PythonApplication/__pycache__) by extension 'colcon_pkg'
[0.182s] Level 1:colcon.colcon_core.package_identification:_identify(PythonApplication/__pycache__) by extensions ['colcon_meta']
[0.182s] Level 1:colcon.colcon_core.package_identification:_identify(PythonApplication/__pycache__) by extension 'colcon_meta'
[0.182s] Level 1:colcon.colcon_core.package_identification:_identify(PythonApplication/__pycache__) by extensions ['ros']
[0.182s] Level 1:colcon.colcon_core.package_identification:_identify(PythonApplication/__pycache__) by extension 'ros'
[0.182s] Level 1:colcon.colcon_core.package_identification:_identify(PythonApplication/__pycache__) by extensions ['cmake', 'python']
[0.182s] Level 1:colcon.colcon_core.package_identification:_identify(PythonApplication/__pycache__) by extension 'cmake'
[0.182s] Level 1:colcon.colcon_core.package_identification:_identify(PythonApplication/__pycache__) by extension 'python'
[0.182s] Level 1:colcon.colcon_core.package_identification:_identify(PythonApplication/__pycache__) by extensions ['python_setup_py']
[0.182s] Level 1:colcon.colcon_core.package_identification:_identify(PythonApplication/__pycache__) by extension 'python_setup_py'
[0.182s] Level 1:colcon.colcon_core.package_identification:_identify(UI_Design) by extensions ['ignore', 'ignore_ament_install']
[0.182s] Level 1:colcon.colcon_core.package_identification:_identify(UI_Design) by extension 'ignore'
[0.182s] Level 1:colcon.colcon_core.package_identification:_identify(UI_Design) by extension 'ignore_ament_install'
[0.182s] Level 1:colcon.colcon_core.package_identification:_identify(UI_Design) by extensions ['colcon_pkg']
[0.182s] Level 1:colcon.colcon_core.package_identification:_identify(UI_Design) by extension 'colcon_pkg'
[0.182s] Level 1:colcon.colcon_core.package_identification:_identify(UI_Design) by extensions ['colcon_meta']
[0.182s] Level 1:colcon.colcon_core.package_identification:_identify(UI_Design) by extension 'colcon_meta'
[0.182s] Level 1:colcon.colcon_core.package_identification:_identify(UI_Design) by extensions ['ros']
[0.182s] Level 1:colcon.colcon_core.package_identification:_identify(UI_Design) by extension 'ros'
[0.182s] Level 1:colcon.colcon_core.package_identification:_identify(UI_Design) by extensions ['cmake', 'python']
[0.182s] Level 1:colcon.colcon_core.package_identification:_identify(UI_Design) by extension 'cmake'
[0.182s] Level 1:colcon.colcon_core.package_identification:_identify(UI_Design) by extension 'python'
[0.182s] Level 1:colcon.colcon_core.package_identification:_identify(UI_Design) by extensions ['python_setup_py']
[0.182s] Level 1:colcon.colcon_core.package_identification:_identify(UI_Design) by extension 'python_setup_py'
[0.182s] Level 1:colcon.colcon_core.package_identification:_identify(UI_Design/__pycache__) by extensions ['ignore', 'ignore_ament_install']
[0.182s] Level 1:colcon.colcon_core.package_identification:_identify(UI_Design/__pycache__) by extension 'ignore'
[0.182s] Level 1:colcon.colcon_core.package_identification:_identify(UI_Design/__pycache__) by extension 'ignore_ament_install'
[0.182s] Level 1:colcon.colcon_core.package_identification:_identify(UI_Design/__pycache__) by extensions ['colcon_pkg']
[0.182s] Level 1:colcon.colcon_core.package_identification:_identify(UI_Design/__pycache__) by extension 'colcon_pkg'
[0.183s] Level 1:colcon.colcon_core.package_identification:_identify(UI_Design/__pycache__) by extensions ['colcon_meta']
[0.183s] Level 1:colcon.colcon_core.package_identification:_identify(UI_Design/__pycache__) by extension 'colcon_meta'
[0.183s] Level 1:colcon.colcon_core.package_identification:_identify(UI_Design/__pycache__) by extensions ['ros']
[0.183s] Level 1:colcon.colcon_core.package_identification:_identify(UI_Design/__pycache__) by extension 'ros'
[0.183s] Level 1:colcon.colcon_core.package_identification:_identify(UI_Design/__pycache__) by extensions ['cmake', 'python']
[0.183s] Level 1:colcon.colcon_core.package_identification:_identify(UI_Design/__pycache__) by extension 'cmake'
[0.183s] Level 1:colcon.colcon_core.package_identification:_identify(UI_Design/__pycache__) by extension 'python'
[0.183s] Level 1:colcon.colcon_core.package_identification:_identify(UI_Design/__pycache__) by extensions ['python_setup_py']
[0.183s] Level 1:colcon.colcon_core.package_identification:_identify(UI_Design/__pycache__) by extension 'python_setup_py'
[0.183s] Level 1:colcon.colcon_core.package_identification:_identify(__pycache__) by extensions ['ignore', 'ignore_ament_install']
[0.183s] Level 1:colcon.colcon_core.package_identification:_identify(__pycache__) by extension 'ignore'
[0.183s] Level 1:colcon.colcon_core.package_identification:_identify(__pycache__) by extension 'ignore_ament_install'
[0.183s] Level 1:colcon.colcon_core.package_identification:_identify(__pycache__) by extensions ['colcon_pkg']
[0.183s] Level 1:colcon.colcon_core.package_identification:_identify(__pycache__) by extension 'colcon_pkg'
[0.183s] Level 1:colcon.colcon_core.package_identification:_identify(__pycache__) by extensions ['colcon_meta']
[0.183s] Level 1:colcon.colcon_core.package_identification:_identify(__pycache__) by extension 'colcon_meta'
[0.183s] Level 1:colcon.colcon_core.package_identification:_identify(__pycache__) by extensions ['ros']
[0.183s] Level 1:colcon.colcon_core.package_identification:_identify(__pycache__) by extension 'ros'
[0.183s] Level 1:colcon.colcon_core.package_identification:_identify(__pycache__) by extensions ['cmake', 'python']
[0.183s] Level 1:colcon.colcon_core.package_identification:_identify(__pycache__) by extension 'cmake'
[0.183s] Level 1:colcon.colcon_core.package_identification:_identify(__pycache__) by extension 'python'
[0.183s] Level 1:colcon.colcon_core.package_identification:_identify(__pycache__) by extensions ['python_setup_py']
[0.183s] Level 1:colcon.colcon_core.package_identification:_identify(__pycache__) by extension 'python_setup_py'
[0.183s] Level 1:colcon.colcon_core.package_identification:_identify(build) by extensions ['ignore', 'ignore_ament_install']
[0.183s] Level 1:colcon.colcon_core.package_identification:_identify(build) by extension 'ignore'
[0.183s] Level 1:colcon.colcon_core.package_identification:_identify(build) ignored
[0.183s] Level 1:colcon.colcon_core.package_identification:_identify(install) by extensions ['ignore', 'ignore_ament_install']
[0.183s] Level 1:colcon.colcon_core.package_identification:_identify(install) by extension 'ignore'
[0.183s] Level 1:colcon.colcon_core.package_identification:_identify(install) ignored
[0.183s] Level 1:colcon.colcon_core.package_identification:_identify(log) by extensions ['ignore', 'ignore_ament_install']
[0.183s] Level 1:colcon.colcon_core.package_identification:_identify(log) by extension 'ignore'
[0.183s] Level 1:colcon.colcon_core.package_identification:_identify(log) ignored
[0.183s] Level 1:colcon.colcon_core.package_identification:_identify(my_package) by extensions ['ignore', 'ignore_ament_install']
[0.183s] Level 1:colcon.colcon_core.package_identification:_identify(my_package) by extension 'ignore'
[0.183s] Level 1:colcon.colcon_core.package_identification:_identify(my_package) by extension 'ignore_ament_install'
[0.184s] Level 1:colcon.colcon_core.package_identification:_identify(my_package) by extensions ['colcon_pkg']
[0.184s] Level 1:colcon.colcon_core.package_identification:_identify(my_package) by extension 'colcon_pkg'
[0.184s] Level 1:colcon.colcon_core.package_identification:_identify(my_package) by extensions ['colcon_meta']
[0.184s] Level 1:colcon.colcon_core.package_identification:_identify(my_package) by extension 'colcon_meta'
[0.184s] Level 1:colcon.colcon_core.package_identification:_identify(my_package) by extensions ['ros']
[0.184s] Level 1:colcon.colcon_core.package_identification:_identify(my_package) by extension 'ros'
[0.185s] DEBUG:colcon.colcon_core.package_identification:Package 'my_package' with type 'ros.ament_cmake' and name 'my_package'
[0.185s] Level 1:colcon.colcon_core.package_identification:_identify(my_robot_wallinterfaces) by extensions ['ignore', 'ignore_ament_install']
[0.185s] Level 1:colcon.colcon_core.package_identification:_identify(my_robot_wallinterfaces) by extension 'ignore'
[0.185s] Level 1:colcon.colcon_core.package_identification:_identify(my_robot_wallinterfaces) by extension 'ignore_ament_install'
[0.185s] Level 1:colcon.colcon_core.package_identification:_identify(my_robot_wallinterfaces) by extensions ['colcon_pkg']
[0.185s] Level 1:colcon.colcon_core.package_identification:_identify(my_robot_wallinterfaces) by extension 'colcon_pkg'
[0.186s] Level 1:colcon.colcon_core.package_identification:_identify(my_robot_wallinterfaces) by extensions ['colcon_meta']
[0.186s] Level 1:colcon.colcon_core.package_identification:_identify(my_robot_wallinterfaces) by extension 'colcon_meta'
[0.186s] Level 1:colcon.colcon_core.package_identification:_identify(my_robot_wallinterfaces) by extensions ['ros']
[0.186s] Level 1:colcon.colcon_core.package_identification:_identify(my_robot_wallinterfaces) by extension 'ros'
[0.186s] DEBUG:colcon.colcon_core.package_identification:Package 'my_robot_wallinterfaces' with type 'ros.ament_cmake' and name 'my_robot_wallinterfaces'
[0.186s] Level 1:colcon.colcon_core.package_identification:_identify(myenv) by extensions ['ignore', 'ignore_ament_install']
[0.186s] Level 1:colcon.colcon_core.package_identification:_identify(myenv) by extension 'ignore'
[0.186s] Level 1:colcon.colcon_core.package_identification:_identify(myenv) by extension 'ignore_ament_install'
[0.186s] Level 1:colcon.colcon_core.package_identification:_identify(myenv) by extensions ['colcon_pkg']
[0.186s] Level 1:colcon.colcon_core.package_identification:_identify(myenv) by extension 'colcon_pkg'
[0.186s] Level 1:colcon.colcon_core.package_identification:_identify(myenv) by extensions ['colcon_meta']
[0.186s] Level 1:colcon.colcon_core.package_identification:_identify(myenv) by extension 'colcon_meta'
[0.186s] Level 1:colcon.colcon_core.package_identification:_identify(myenv) by extensions ['ros']
[0.186s] Level 1:colcon.colcon_core.package_identification:_identify(myenv) by extension 'ros'
[0.186s] Level 1:colcon.colcon_core.package_identification:_identify(myenv) by extensions ['cmake', 'python']
[0.186s] Level 1:colcon.colcon_core.package_identification:_identify(myenv) by extension 'cmake'
[0.186s] Level 1:colcon.colcon_core.package_identification:_identify(myenv) by extension 'python'
[0.186s] Level 1:colcon.colcon_core.package_identification:_identify(myenv) by extensions ['python_setup_py']
[0.186s] Level 1:colcon.colcon_core.package_identification:_identify(myenv) by extension 'python_setup_py'
[0.186s] Level 1:colcon.colcon_core.package_identification:_identify(talker_listener) by extensions ['ignore', 'ignore_ament_install']
[0.187s] Level 1:colcon.colcon_core.package_identification:_identify(talker_listener) by extension 'ignore'
[0.187s] Level 1:colcon.colcon_core.package_identification:_identify(talker_listener) by extension 'ignore_ament_install'
[0.187s] Level 1:colcon.colcon_core.package_identification:_identify(talker_listener) by extensions ['colcon_pkg']
[0.187s] Level 1:colcon.colcon_core.package_identification:_identify(talker_listener) by extension 'colcon_pkg'
[0.187s] Level 1:colcon.colcon_core.package_identification:_identify(talker_listener) by extensions ['colcon_meta']
[0.187s] Level 1:colcon.colcon_core.package_identification:_identify(talker_listener) by extension 'colcon_meta'
[0.187s] Level 1:colcon.colcon_core.package_identification:_identify(talker_listener) by extensions ['ros']
[0.187s] Level 1:colcon.colcon_core.package_identification:_identify(talker_listener) by extension 'ros'
[0.187s] DEBUG:colcon.colcon_core.package_identification:Package 'talker_listener' with type 'ros.ament_python' and name 'talker_listener'
[0.187s] Level 1:colcon.colcon_core.package_discovery:discover_packages(recursive) using defaults
[0.187s] Level 1:colcon.colcon_core.package_discovery:discover_packages(ignore) discover
[0.187s] Level 1:colcon.colcon_core.package_discovery:discover_packages(ignore) using defaults
[0.187s] Level 1:colcon.colcon_core.package_discovery:discover_packages(path) discover
[0.187s] Level 1:colcon.colcon_core.package_discovery:discover_packages(path) using defaults
[0.201s] Level 1:colcon.colcon_core.package_discovery:discover_packages(prefix_path) check parameters
[0.201s] Level 1:colcon.colcon_core.package_discovery:discover_packages(prefix_path) discover
[0.202s] Level 1:colcon.colcon_core.package_discovery:discover_packages(prefix_path) using defaults
[0.203s] Level 5:colcon.colcon_core.verb:set package 'my_package' build argument 'cmake_args' from command line to 'None'
[0.203s] Level 5:colcon.colcon_core.verb:set package 'my_package' build argument 'cmake_target' from command line to 'None'
[0.203s] Level 5:colcon.colcon_core.verb:set package 'my_package' build argument 'cmake_target_skip_unavailable' from command line to 'False'
[0.203s] Level 5:colcon.colcon_core.verb:set package 'my_package' build argument 'cmake_clean_cache' from command line to 'False'
[0.203s] Level 5:colcon.colcon_core.verb:set package 'my_package' build argument 'cmake_clean_first' from command line to 'False'
[0.203s] Level 5:colcon.colcon_core.verb:set package 'my_package' build argument 'cmake_force_configure' from command line to 'False'
[0.203s] Level 5:colcon.colcon_core.verb:set package 'my_package' build argument 'ament_cmake_args' from command line to 'None'
[0.203s] Level 5:colcon.colcon_core.verb:set package 'my_package' build argument 'catkin_cmake_args' from command line to 'None'
[0.203s] Level 5:colcon.colcon_core.verb:set package 'my_package' build argument 'catkin_skip_building_tests' from command line to 'False'
[0.203s] DEBUG:colcon.colcon_core.verb:Building package 'my_package' with the following arguments: {'ament_cmake_args': None, 'build_base': '/home/winsys/ros2_ws/src/Greyform-linux/Python_Application/build/my_package', 'catkin_cmake_args': None, 'catkin_skip_building_tests': False, 'cmake_args': None, 'cmake_clean_cache': False, 'cmake_clean_first': False, 'cmake_force_configure': False, 'cmake_target': None, 'cmake_target_skip_unavailable': False, 'install_base': '/home/winsys/ros2_ws/src/Greyform-linux/Python_Application/install/my_package', 'merge_install': False, 'path': '/home/winsys/ros2_ws/src/Greyform-linux/Python_Application/my_package', 'symlink_install': False, 'test_result_base': None}
[0.203s] Level 5:colcon.colcon_core.verb:set package 'my_robot_wallinterfaces' build argument 'cmake_args' from command line to 'None'
[0.203s] Level 5:colcon.colcon_core.verb:set package 'my_robot_wallinterfaces' build argument 'cmake_target' from command line to 'None'
[0.203s] Level 5:colcon.colcon_core.verb:set package 'my_robot_wallinterfaces' build argument 'cmake_target_skip_unavailable' from command line to 'False'
[0.203s] Level 5:colcon.colcon_core.verb:set package 'my_robot_wallinterfaces' build argument 'cmake_clean_cache' from command line to 'False'
[0.203s] Level 5:colcon.colcon_core.verb:set package 'my_robot_wallinterfaces' build argument 'cmake_clean_first' from command line to 'False'
[0.203s] Level 5:colcon.colcon_core.verb:set package 'my_robot_wallinterfaces' build argument 'cmake_force_configure' from command line to 'False'
[0.203s] Level 5:colcon.colcon_core.verb:set package 'my_robot_wallinterfaces' build argument 'ament_cmake_args' from command line to 'None'
[0.203s] Level 5:colcon.colcon_core.verb:set package 'my_robot_wallinterfaces' build argument 'catkin_cmake_args' from command line to 'None'
[0.203s] Level 5:colcon.colcon_core.verb:set package 'my_robot_wallinterfaces' build argument 'catkin_skip_building_tests' from command line to 'False'
[0.203s] DEBUG:colcon.colcon_core.verb:Building package 'my_robot_wallinterfaces' with the following arguments: {'ament_cmake_args': None, 'build_base': '/home/winsys/ros2_ws/src/Greyform-linux/Python_Application/build/my_robot_wallinterfaces', 'catkin_cmake_args': None, 'catkin_skip_building_tests': False, 'cmake_args': None, 'cmake_clean_cache': False, 'cmake_clean_first': False, 'cmake_force_configure': False, 'cmake_target': None, 'cmake_target_skip_unavailable': False, 'install_base': '/home/winsys/ros2_ws/src/Greyform-linux/Python_Application/install/my_robot_wallinterfaces', 'merge_install': False, 'path': '/home/winsys/ros2_ws/src/Greyform-linux/Python_Application/my_robot_wallinterfaces', 'symlink_install': False, 'test_result_base': None}
[0.204s] Level 5:colcon.colcon_core.verb:set package 'talker_listener' build argument 'cmake_args' from command line to 'None'
[0.204s] Level 5:colcon.colcon_core.verb:set package 'talker_listener' build argument 'cmake_target' from command line to 'None'
[0.204s] Level 5:colcon.colcon_core.verb:set package 'talker_listener' build argument 'cmake_target_skip_unavailable' from command line to 'False'
[0.204s] Level 5:colcon.colcon_core.verb:set package 'talker_listener' build argument 'cmake_clean_cache' from command line to 'False'
[0.204s] Level 5:colcon.colcon_core.verb:set package 'talker_listener' build argument 'cmake_clean_first' from command line to 'False'
[0.204s] Level 5:colcon.colcon_core.verb:set package 'talker_listener' build argument 'cmake_force_configure' from command line to 'False'
[0.204s] Level 5:colcon.colcon_core.verb:set package 'talker_listener' build argument 'ament_cmake_args' from command line to 'None'
[0.204s] Level 5:colcon.colcon_core.verb:set package 'talker_listener' build argument 'catkin_cmake_args' from command line to 'None'
[0.204s] Level 5:colcon.colcon_core.verb:set package 'talker_listener' build argument 'catkin_skip_building_tests' from command line to 'False'
[0.204s] DEBUG:colcon.colcon_core.verb:Building package 'talker_listener' with the following arguments: {'ament_cmake_args': None, 'build_base': '/home/winsys/ros2_ws/src/Greyform-linux/Python_Application/build/talker_listener', 'catkin_cmake_args': None, 'catkin_skip_building_tests': False, 'cmake_args': None, 'cmake_clean_cache': False, 'cmake_clean_first': False, 'cmake_force_configure': False, 'cmake_target': None, 'cmake_target_skip_unavailable': False, 'install_base': '/home/winsys/ros2_ws/src/Greyform-linux/Python_Application/install/talker_listener', 'merge_install': False, 'path': '/home/winsys/ros2_ws/src/Greyform-linux/Python_Application/talker_listener', 'symlink_install': False, 'test_result_base': None}
[0.204s] INFO:colcon.colcon_core.executor:Executing jobs using 'parallel' executor
[0.205s] DEBUG:colcon.colcon_parallel_executor.executor.parallel:run_until_complete
[0.205s] INFO:colcon.colcon_ros.task.ament_cmake.build:Building ROS package in '/home/winsys/ros2_ws/src/Greyform-linux/Python_Application/my_robot_wallinterfaces' with build type 'ament_cmake'
[0.205s] INFO:colcon.colcon_cmake.task.cmake.build:Building CMake package in '/home/winsys/ros2_ws/src/Greyform-linux/Python_Application/my_robot_wallinterfaces'
[0.206s] INFO:colcon.colcon_core.plugin_system:Skipping extension 'colcon_core.shell.bat': Not used on non-Windows systems
[0.207s] INFO:colcon.colcon_core.shell:Skip shell extension 'powershell' for command environment: Not usable outside of PowerShell
[0.207s] DEBUG:colcon.colcon_core.shell:Skip shell extension 'dsv' for command environment
[0.208s] INFO:colcon.colcon_ros.task.ament_cmake.build:Building ROS package in '/home/winsys/ros2_ws/src/Greyform-linux/Python_Application/my_package' with build type 'ament_cmake'
[0.208s] INFO:colcon.colcon_cmake.task.cmake.build:Building CMake package in '/home/winsys/ros2_ws/src/Greyform-linux/Python_Application/my_package'
[0.208s] INFO:colcon.colcon_core.shell:Skip shell extension 'powershell' for command environment: Not usable outside of PowerShell
[0.208s] DEBUG:colcon.colcon_core.shell:Skip shell extension 'dsv' for command environment
[0.211s] DEBUG:colcon.colcon_core.event_handler.log_command:Invoking command in '/home/winsys/ros2_ws/src/Greyform-linux/Python_Application/build/my_robot_wallinterfaces': /usr/bin/cmake --build /home/winsys/ros2_ws/src/Greyform-linux/Python_Application/build/my_robot_wallinterfaces -- -j12 -l12
[0.215s] DEBUG:colcon.colcon_core.event_handler.log_command:Invoking command in '/home/winsys/ros2_ws/src/Greyform-linux/Python_Application/build/my_package': /usr/bin/cmake --build /home/winsys/ros2_ws/src/Greyform-linux/Python_Application/build/my_package -- -j12 -l12
[0.250s] DEBUG:colcon.colcon_core.event_handler.log_command:Invoked command in '/home/winsys/ros2_ws/src/Greyform-linux/Python_Application/build/my_package' returned '0': /usr/bin/cmake --build /home/winsys/ros2_ws/src/Greyform-linux/Python_Application/build/my_package -- -j12 -l12
[0.285s] DEBUG:colcon.colcon_core.event_handler.log_command:Invoking command in '/home/winsys/ros2_ws/src/Greyform-linux/Python_Application/build/my_package': /usr/bin/cmake --install /home/winsys/ros2_ws/src/Greyform-linux/Python_Application/build/my_package
[0.295s] Level 1:colcon.colcon_core.environment:create_environment_scripts_only(my_package)
[0.295s] DEBUG:colcon.colcon_core.event_handler.log_command:Invoked command in '/home/winsys/ros2_ws/src/Greyform-linux/Python_Application/build/my_package' returned '0': /usr/bin/cmake --install /home/winsys/ros2_ws/src/Greyform-linux/Python_Application/build/my_package
[0.299s] Level 1:colcon.colcon_core.environment:checking '/home/winsys/ros2_ws/src/Greyform-linux/Python_Application/install/my_package' for CMake module files
[0.299s] Level 1:colcon.colcon_core.environment:checking '/home/winsys/ros2_ws/src/Greyform-linux/Python_Application/install/my_package' for CMake config files
[0.299s] Level 1:colcon.colcon_core.shell:create_environment_hook('my_package', 'cmake_prefix_path')
[0.300s] INFO:colcon.colcon_core.shell:Creating environment hook '/home/winsys/ros2_ws/src/Greyform-linux/Python_Application/install/my_package/share/my_package/hook/cmake_prefix_path.ps1'
[0.300s] INFO:colcon.colcon_core.shell:Creating environment descriptor '/home/winsys/ros2_ws/src/Greyform-linux/Python_Application/install/my_package/share/my_package/hook/cmake_prefix_path.dsv'
[0.301s] INFO:colcon.colcon_core.shell:Creating environment hook '/home/winsys/ros2_ws/src/Greyform-linux/Python_Application/install/my_package/share/my_package/hook/cmake_prefix_path.sh'
[0.302s] Level 1:colcon.colcon_core.environment:checking '/home/winsys/ros2_ws/src/Greyform-linux/Python_Application/install/my_package/bin'
[0.302s] Level 1:colcon.colcon_core.environment:checking '/home/winsys/ros2_ws/src/Greyform-linux/Python_Application/install/my_package/lib/pkgconfig/my_package.pc'
[0.303s] Level 1:colcon.colcon_core.environment:checking '/home/winsys/ros2_ws/src/Greyform-linux/Python_Application/install/my_package/lib/python3.10/site-packages'
[0.303s] Level 1:colcon.colcon_core.environment:checking '/home/winsys/ros2_ws/src/Greyform-linux/Python_Application/install/my_package/bin'
[0.304s] INFO:colcon.colcon_core.shell:Creating package script '/home/winsys/ros2_ws/src/Greyform-linux/Python_Application/install/my_package/share/my_package/package.ps1'
[0.305s] INFO:colcon.colcon_core.shell:Creating package descriptor '/home/winsys/ros2_ws/src/Greyform-linux/Python_Application/install/my_package/share/my_package/package.dsv'
[0.305s] INFO:colcon.colcon_core.shell:Creating package script '/home/winsys/ros2_ws/src/Greyform-linux/Python_Application/install/my_package/share/my_package/package.sh'
[0.306s] INFO:colcon.colcon_core.shell:Creating package script '/home/winsys/ros2_ws/src/Greyform-linux/Python_Application/install/my_package/share/my_package/package.bash'
[0.307s] INFO:colcon.colcon_core.shell:Creating package script '/home/winsys/ros2_ws/src/Greyform-linux/Python_Application/install/my_package/share/my_package/package.zsh'
[0.307s] Level 1:colcon.colcon_core.environment:create_file_with_runtime_dependencies(/home/winsys/ros2_ws/src/Greyform-linux/Python_Application/install/my_package/share/colcon-core/packages/my_package)
[0.321s] Level 1:colcon.colcon_core.environment:create_environment_scripts_only(my_package)
[0.321s] Level 1:colcon.colcon_core.environment:checking '/home/winsys/ros2_ws/src/Greyform-linux/Python_Application/install/my_package' for CMake module files
[0.321s] Level 1:colcon.colcon_core.environment:checking '/home/winsys/ros2_ws/src/Greyform-linux/Python_Application/install/my_package' for CMake config files
[0.322s] Level 1:colcon.colcon_core.shell:create_environment_hook('my_package', 'cmake_prefix_path')
[0.322s] INFO:colcon.colcon_core.shell:Creating environment hook '/home/winsys/ros2_ws/src/Greyform-linux/Python_Application/install/my_package/share/my_package/hook/cmake_prefix_path.ps1'
[0.322s] INFO:colcon.colcon_core.shell:Creating environment descriptor '/home/winsys/ros2_ws/src/Greyform-linux/Python_Application/install/my_package/share/my_package/hook/cmake_prefix_path.dsv'
[0.322s] INFO:colcon.colcon_core.shell:Creating environment hook '/home/winsys/ros2_ws/src/Greyform-linux/Python_Application/install/my_package/share/my_package/hook/cmake_prefix_path.sh'
[0.323s] Level 1:colcon.colcon_core.environment:checking '/home/winsys/ros2_ws/src/Greyform-linux/Python_Application/install/my_package/bin'
[0.323s] Level 1:colcon.colcon_core.environment:checking '/home/winsys/ros2_ws/src/Greyform-linux/Python_Application/install/my_package/lib/pkgconfig/my_package.pc'
[0.323s] Level 1:colcon.colcon_core.environment:checking '/home/winsys/ros2_ws/src/Greyform-linux/Python_Application/install/my_package/lib/python3.10/site-packages'
[0.323s] Level 1:colcon.colcon_core.environment:checking '/home/winsys/ros2_ws/src/Greyform-linux/Python_Application/install/my_package/bin'
[0.323s] INFO:colcon.colcon_core.shell:Creating package script '/home/winsys/ros2_ws/src/Greyform-linux/Python_Application/install/my_package/share/my_package/package.ps1'
[0.324s] INFO:colcon.colcon_core.shell:Creating package descriptor '/home/winsys/ros2_ws/src/Greyform-linux/Python_Application/install/my_package/share/my_package/package.dsv'
[0.324s] INFO:colcon.colcon_core.shell:Creating package script '/home/winsys/ros2_ws/src/Greyform-linux/Python_Application/install/my_package/share/my_package/package.sh'
[0.324s] INFO:colcon.colcon_core.shell:Creating package script '/home/winsys/ros2_ws/src/Greyform-linux/Python_Application/install/my_package/share/my_package/package.bash'
[0.324s] INFO:colcon.colcon_core.shell:Creating package script '/home/winsys/ros2_ws/src/Greyform-linux/Python_Application/install/my_package/share/my_package/package.zsh'
[0.325s] Level 1:colcon.colcon_core.environment:create_file_with_runtime_dependencies(/home/winsys/ros2_ws/src/Greyform-linux/Python_Application/install/my_package/share/colcon-core/packages/my_package)
[0.437s] DEBUG:colcon.colcon_core.event_handler.log_command:Invoked command in '/home/winsys/ros2_ws/src/Greyform-linux/Python_Application/build/my_robot_wallinterfaces' returned '0': /usr/bin/cmake --build /home/winsys/ros2_ws/src/Greyform-linux/Python_Application/build/my_robot_wallinterfaces -- -j12 -l12
[0.478s] DEBUG:colcon.colcon_core.event_handler.log_command:Invoking command in '/home/winsys/ros2_ws/src/Greyform-linux/Python_Application/build/my_robot_wallinterfaces': /usr/bin/cmake --install /home/winsys/ros2_ws/src/Greyform-linux/Python_Application/build/my_robot_wallinterfaces
[0.516s] Level 1:colcon.colcon_core.environment:create_environment_scripts_only(my_robot_wallinterfaces)
[0.516s] Level 1:colcon.colcon_core.environment:checking '/home/winsys/ros2_ws/src/Greyform-linux/Python_Application/install/my_robot_wallinterfaces' for CMake module files
[0.517s] DEBUG:colcon.colcon_core.event_handler.log_command:Invoked command in '/home/winsys/ros2_ws/src/Greyform-linux/Python_Application/build/my_robot_wallinterfaces' returned '0': /usr/bin/cmake --install /home/winsys/ros2_ws/src/Greyform-linux/Python_Application/build/my_robot_wallinterfaces
[0.517s] Level 1:colcon.colcon_core.environment:checking '/home/winsys/ros2_ws/src/Greyform-linux/Python_Application/install/my_robot_wallinterfaces' for CMake config files
[0.518s] Level 1:colcon.colcon_core.shell:create_environment_hook('my_robot_wallinterfaces', 'cmake_prefix_path')
[0.518s] INFO:colcon.colcon_core.shell:Creating environment hook '/home/winsys/ros2_ws/src/Greyform-linux/Python_Application/install/my_robot_wallinterfaces/share/my_robot_wallinterfaces/hook/cmake_prefix_path.ps1'
[0.518s] INFO:colcon.colcon_core.shell:Creating environment descriptor '/home/winsys/ros2_ws/src/Greyform-linux/Python_Application/install/my_robot_wallinterfaces/share/my_robot_wallinterfaces/hook/cmake_prefix_path.dsv'
[0.518s] INFO:colcon.colcon_core.shell:Creating environment hook '/home/winsys/ros2_ws/src/Greyform-linux/Python_Application/install/my_robot_wallinterfaces/share/my_robot_wallinterfaces/hook/cmake_prefix_path.sh'
[0.518s] Level 1:colcon.colcon_core.environment:checking '/home/winsys/ros2_ws/src/Greyform-linux/Python_Application/install/my_robot_wallinterfaces/lib'
[0.518s] Level 1:colcon.colcon_core.shell:create_environment_hook('my_robot_wallinterfaces', 'ld_library_path_lib')
[0.519s] INFO:colcon.colcon_core.shell:Creating environment hook '/home/winsys/ros2_ws/src/Greyform-linux/Python_Application/install/my_robot_wallinterfaces/share/my_robot_wallinterfaces/hook/ld_library_path_lib.ps1'
[0.519s] INFO:colcon.colcon_core.shell:Creating environment descriptor '/home/winsys/ros2_ws/src/Greyform-linux/Python_Application/install/my_robot_wallinterfaces/share/my_robot_wallinterfaces/hook/ld_library_path_lib.dsv'
[0.519s] INFO:colcon.colcon_core.shell:Creating environment hook '/home/winsys/ros2_ws/src/Greyform-linux/Python_Application/install/my_robot_wallinterfaces/share/my_robot_wallinterfaces/hook/ld_library_path_lib.sh'
[0.519s] Level 1:colcon.colcon_core.environment:checking '/home/winsys/ros2_ws/src/Greyform-linux/Python_Application/install/my_robot_wallinterfaces/bin'
[0.519s] Level 1:colcon.colcon_core.environment:checking '/home/winsys/ros2_ws/src/Greyform-linux/Python_Application/install/my_robot_wallinterfaces/lib/pkgconfig/my_robot_wallinterfaces.pc'
[0.519s] Level 1:colcon.colcon_core.environment:checking '/home/winsys/ros2_ws/src/Greyform-linux/Python_Application/install/my_robot_wallinterfaces/lib/python3.10/site-packages'
[0.519s] Level 1:colcon.colcon_core.environment:checking '/home/winsys/ros2_ws/src/Greyform-linux/Python_Application/install/my_robot_wallinterfaces/bin'
[0.520s] INFO:colcon.colcon_core.shell:Creating package script '/home/winsys/ros2_ws/src/Greyform-linux/Python_Application/install/my_robot_wallinterfaces/share/my_robot_wallinterfaces/package.ps1'
[0.520s] INFO:colcon.colcon_core.shell:Creating package descriptor '/home/winsys/ros2_ws/src/Greyform-linux/Python_Application/install/my_robot_wallinterfaces/share/my_robot_wallinterfaces/package.dsv'
[0.520s] INFO:colcon.colcon_core.shell:Creating package script '/home/winsys/ros2_ws/src/Greyform-linux/Python_Application/install/my_robot_wallinterfaces/share/my_robot_wallinterfaces/package.sh'
[0.520s] INFO:colcon.colcon_core.shell:Creating package script '/home/winsys/ros2_ws/src/Greyform-linux/Python_Application/install/my_robot_wallinterfaces/share/my_robot_wallinterfaces/package.bash'
[0.520s] INFO:colcon.colcon_core.shell:Creating package script '/home/winsys/ros2_ws/src/Greyform-linux/Python_Application/install/my_robot_wallinterfaces/share/my_robot_wallinterfaces/package.zsh'
[0.521s] Level 1:colcon.colcon_core.environment:create_file_with_runtime_dependencies(/home/winsys/ros2_ws/src/Greyform-linux/Python_Application/install/my_robot_wallinterfaces/share/colcon-core/packages/my_robot_wallinterfaces)
[0.560s] Level 1:colcon.colcon_core.environment:create_environment_scripts_only(my_robot_wallinterfaces)
[0.560s] Level 1:colcon.colcon_core.environment:checking '/home/winsys/ros2_ws/src/Greyform-linux/Python_Application/install/my_robot_wallinterfaces' for CMake module files
[0.561s] Level 1:colcon.colcon_core.environment:checking '/home/winsys/ros2_ws/src/Greyform-linux/Python_Application/install/my_robot_wallinterfaces' for CMake config files
[0.561s] Level 1:colcon.colcon_core.shell:create_environment_hook('my_robot_wallinterfaces', 'cmake_prefix_path')
[0.561s] INFO:colcon.colcon_core.shell:Creating environment hook '/home/winsys/ros2_ws/src/Greyform-linux/Python_Application/install/my_robot_wallinterfaces/share/my_robot_wallinterfaces/hook/cmake_prefix_path.ps1'
[0.561s] INFO:colcon.colcon_core.shell:Creating environment descriptor '/home/winsys/ros2_ws/src/Greyform-linux/Python_Application/install/my_robot_wallinterfaces/share/my_robot_wallinterfaces/hook/cmake_prefix_path.dsv'
[0.562s] INFO:colcon.colcon_core.shell:Creating environment hook '/home/winsys/ros2_ws/src/Greyform-linux/Python_Application/install/my_robot_wallinterfaces/share/my_robot_wallinterfaces/hook/cmake_prefix_path.sh'
[0.562s] Level 1:colcon.colcon_core.environment:checking '/home/winsys/ros2_ws/src/Greyform-linux/Python_Application/install/my_robot_wallinterfaces/lib'
[0.562s] Level 1:colcon.colcon_core.shell:create_environment_hook('my_robot_wallinterfaces', 'ld_library_path_lib')
[0.562s] INFO:colcon.colcon_core.shell:Creating environment hook '/home/winsys/ros2_ws/src/Greyform-linux/Python_Application/install/my_robot_wallinterfaces/share/my_robot_wallinterfaces/hook/ld_library_path_lib.ps1'
[0.562s] INFO:colcon.colcon_core.shell:Creating environment descriptor '/home/winsys/ros2_ws/src/Greyform-linux/Python_Application/install/my_robot_wallinterfaces/share/my_robot_wallinterfaces/hook/ld_library_path_lib.dsv'
[0.563s] INFO:colcon.colcon_core.shell:Creating environment hook '/home/winsys/ros2_ws/src/Greyform-linux/Python_Application/install/my_robot_wallinterfaces/share/my_robot_wallinterfaces/hook/ld_library_path_lib.sh'
[0.563s] Level 1:colcon.colcon_core.environment:checking '/home/winsys/ros2_ws/src/Greyform-linux/Python_Application/install/my_robot_wallinterfaces/bin'
[0.563s] Level 1:colcon.colcon_core.environment:checking '/home/winsys/ros2_ws/src/Greyform-linux/Python_Application/install/my_robot_wallinterfaces/lib/pkgconfig/my_robot_wallinterfaces.pc'
[0.563s] Level 1:colcon.colcon_core.environment:checking '/home/winsys/ros2_ws/src/Greyform-linux/Python_Application/install/my_robot_wallinterfaces/lib/python3.10/site-packages'
[0.563s] Level 1:colcon.colcon_core.environment:checking '/home/winsys/ros2_ws/src/Greyform-linux/Python_Application/install/my_robot_wallinterfaces/bin'
[0.563s] INFO:colcon.colcon_core.shell:Creating package script '/home/winsys/ros2_ws/src/Greyform-linux/Python_Application/install/my_robot_wallinterfaces/share/my_robot_wallinterfaces/package.ps1'
[0.564s] INFO:colcon.colcon_core.shell:Creating package descriptor '/home/winsys/ros2_ws/src/Greyform-linux/Python_Application/install/my_robot_wallinterfaces/share/my_robot_wallinterfaces/package.dsv'
[0.564s] INFO:colcon.colcon_core.shell:Creating package script '/home/winsys/ros2_ws/src/Greyform-linux/Python_Application/install/my_robot_wallinterfaces/share/my_robot_wallinterfaces/package.sh'
[0.564s] INFO:colcon.colcon_core.shell:Creating package script '/home/winsys/ros2_ws/src/Greyform-linux/Python_Application/install/my_robot_wallinterfaces/share/my_robot_wallinterfaces/package.bash'
[0.564s] INFO:colcon.colcon_core.shell:Creating package script '/home/winsys/ros2_ws/src/Greyform-linux/Python_Application/install/my_robot_wallinterfaces/share/my_robot_wallinterfaces/package.zsh'
[0.565s] Level 1:colcon.colcon_core.environment:create_file_with_runtime_dependencies(/home/winsys/ros2_ws/src/Greyform-linux/Python_Application/install/my_robot_wallinterfaces/share/colcon-core/packages/my_robot_wallinterfaces)
[0.565s] INFO:colcon.colcon_ros.task.ament_python.build:Building ROS package in '/home/winsys/ros2_ws/src/Greyform-linux/Python_Application/talker_listener' with build type 'ament_python'
[0.565s] Level 1:colcon.colcon_core.shell:create_environment_hook('talker_listener', 'ament_prefix_path')
[0.565s] INFO:colcon.colcon_core.shell:Creating environment hook '/home/winsys/ros2_ws/src/Greyform-linux/Python_Application/install/talker_listener/share/talker_listener/hook/ament_prefix_path.ps1'
[0.566s] INFO:colcon.colcon_core.shell:Creating environment descriptor '/home/winsys/ros2_ws/src/Greyform-linux/Python_Application/install/talker_listener/share/talker_listener/hook/ament_prefix_path.dsv'
[0.566s] INFO:colcon.colcon_core.shell:Creating environment hook '/home/winsys/ros2_ws/src/Greyform-linux/Python_Application/install/talker_listener/share/talker_listener/hook/ament_prefix_path.sh'
[0.566s] INFO:colcon.colcon_core.shell:Skip shell extension 'powershell' for command environment: Not usable outside of PowerShell
[0.566s] DEBUG:colcon.colcon_core.shell:Skip shell extension 'dsv' for command environment
[0.693s] INFO:colcon.colcon_core.task.python.build:Building Python package in '/home/winsys/ros2_ws/src/Greyform-linux/Python_Application/talker_listener'
[0.693s] INFO:colcon.colcon_core.shell:Skip shell extension 'powershell' for command environment: Not usable outside of PowerShell
[0.693s] DEBUG:colcon.colcon_core.shell:Skip shell extension 'dsv' for command environment
[0.877s] DEBUG:colcon.colcon_core.event_handler.log_command:Invoking command in '/home/winsys/ros2_ws/src/Greyform-linux/Python_Application/talker_listener': AMENT_PREFIX_PATH=/home/winsys/ros2_ws/src/Greyform-linux/Python_Application/install/my_robot_wallinterfaces CMAKE_PREFIX_PATH=/home/winsys/ros2_ws/src/Greyform-linux/Python_Application/install/my_robot_wallinterfaces${CMAKE_PREFIX_PATH} LD_LIBRARY_PATH=/home/winsys/ros2_ws/src/Greyform-linux/Python_Application/install/my_robot_wallinterfaces/lib PYTHONPATH=/home/winsys/ros2_ws/src/Greyform-linux/Python_Application/build/talker_listener/prefix_override:/usr/lib/python3/dist-packages/colcon_core/task/python/colcon_distutils_commands:/home/winsys/ros2_ws/src/Greyform-linux/Python_Application/install/talker_listener/lib/python3.10/site-packages:/home/winsys/ros2_ws/src/Greyform-linux/Python_Application/install/my_robot_wallinterfaces/local/lib/python3.10/dist-packages /usr/bin/python3 -W ignore:setup.py install is deprecated setup.py egg_info --egg-base ../build/talker_listener build --build-base /home/winsys/ros2_ws/src/Greyform-linux/Python_Application/build/talker_listener/build install --record /home/winsys/ros2_ws/src/Greyform-linux/Python_Application/build/talker_listener/install.log --single-version-externally-managed install_data
[1.010s] Level 1:colcon.colcon_core.environment:checking '/home/winsys/ros2_ws/src/Greyform-linux/Python_Application/install/talker_listener' for CMake module files
[1.011s] DEBUG:colcon.colcon_core.event_handler.log_command:Invoked command in '/home/winsys/ros2_ws/src/Greyform-linux/Python_Application/talker_listener' returned '0': AMENT_PREFIX_PATH=/home/winsys/ros2_ws/src/Greyform-linux/Python_Application/install/my_robot_wallinterfaces CMAKE_PREFIX_PATH=/home/winsys/ros2_ws/src/Greyform-linux/Python_Application/install/my_robot_wallinterfaces${CMAKE_PREFIX_PATH} LD_LIBRARY_PATH=/home/winsys/ros2_ws/src/Greyform-linux/Python_Application/install/my_robot_wallinterfaces/lib PYTHONPATH=/home/winsys/ros2_ws/src/Greyform-linux/Python_Application/build/talker_listener/prefix_override:/usr/lib/python3/dist-packages/colcon_core/task/python/colcon_distutils_commands:/home/winsys/ros2_ws/src/Greyform-linux/Python_Application/install/talker_listener/lib/python3.10/site-packages:/home/winsys/ros2_ws/src/Greyform-linux/Python_Application/install/my_robot_wallinterfaces/local/lib/python3.10/dist-packages /usr/bin/python3 -W ignore:setup.py install is deprecated setup.py egg_info --egg-base ../build/talker_listener build --build-base /home/winsys/ros2_ws/src/Greyform-linux/Python_Application/build/talker_listener/build install --record /home/winsys/ros2_ws/src/Greyform-linux/Python_Application/build/talker_listener/install.log --single-version-externally-managed install_data
[1.011s] Level 1:colcon.colcon_core.environment:checking '/home/winsys/ros2_ws/src/Greyform-linux/Python_Application/install/talker_listener' for CMake config files
[1.012s] Level 1:colcon.colcon_core.environment:checking '/home/winsys/ros2_ws/src/Greyform-linux/Python_Application/install/talker_listener/lib'
[1.012s] Level 1:colcon.colcon_core.environment:checking '/home/winsys/ros2_ws/src/Greyform-linux/Python_Application/install/talker_listener/bin'
[1.012s] Level 1:colcon.colcon_core.environment:checking '/home/winsys/ros2_ws/src/Greyform-linux/Python_Application/install/talker_listener/lib/pkgconfig/talker_listener.pc'
[1.012s] Level 1:colcon.colcon_core.environment:checking '/home/winsys/ros2_ws/src/Greyform-linux/Python_Application/install/talker_listener/lib/python3.10/site-packages'
[1.012s] Level 1:colcon.colcon_core.shell:create_environment_hook('talker_listener', 'pythonpath')
[1.012s] INFO:colcon.colcon_core.shell:Creating environment hook '/home/winsys/ros2_ws/src/Greyform-linux/Python_Application/install/talker_listener/share/talker_listener/hook/pythonpath.ps1'
[1.012s] INFO:colcon.colcon_core.shell:Creating environment descriptor '/home/winsys/ros2_ws/src/Greyform-linux/Python_Application/install/talker_listener/share/talker_listener/hook/pythonpath.dsv'
[1.013s] INFO:colcon.colcon_core.shell:Creating environment hook '/home/winsys/ros2_ws/src/Greyform-linux/Python_Application/install/talker_listener/share/talker_listener/hook/pythonpath.sh'
[1.013s] Level 1:colcon.colcon_core.environment:checking '/home/winsys/ros2_ws/src/Greyform-linux/Python_Application/install/talker_listener/bin'
[1.013s] Level 1:colcon.colcon_core.environment:create_environment_scripts_only(talker_listener)
[1.013s] INFO:colcon.colcon_core.shell:Creating package script '/home/winsys/ros2_ws/src/Greyform-linux/Python_Application/install/talker_listener/share/talker_listener/package.ps1'
[1.014s] INFO:colcon.colcon_core.shell:Creating package descriptor '/home/winsys/ros2_ws/src/Greyform-linux/Python_Application/install/talker_listener/share/talker_listener/package.dsv'
[1.014s] INFO:colcon.colcon_core.shell:Creating package script '/home/winsys/ros2_ws/src/Greyform-linux/Python_Application/install/talker_listener/share/talker_listener/package.sh'
[1.014s] INFO:colcon.colcon_core.shell:Creating package script '/home/winsys/ros2_ws/src/Greyform-linux/Python_Application/install/talker_listener/share/talker_listener/package.bash'
[1.014s] INFO:colcon.colcon_core.shell:Creating package script '/home/winsys/ros2_ws/src/Greyform-linux/Python_Application/install/talker_listener/share/talker_listener/package.zsh'
[1.014s] Level 1:colcon.colcon_core.environment:create_file_with_runtime_dependencies(/home/winsys/ros2_ws/src/Greyform-linux/Python_Application/install/talker_listener/share/colcon-core/packages/talker_listener)
[1.015s] DEBUG:colcon.colcon_parallel_executor.executor.parallel:closing loop
[1.015s] DEBUG:colcon.colcon_parallel_executor.executor.parallel:loop closed
[1.015s] DEBUG:colcon.colcon_parallel_executor.executor.parallel:run_until_complete finished with '0'
[1.015s] DEBUG:colcon.colcon_core.event_reactor:joining thread
[1.019s] INFO:colcon.colcon_core.plugin_system:Skipping extension 'colcon_notification.desktop_notification.terminal_notifier': Not used on non-Darwin systems
[1.019s] INFO:colcon.colcon_core.plugin_system:Skipping extension 'colcon_notification.desktop_notification.win32': Not used on non-Windows systems
[1.019s] INFO:colcon.colcon_notification.desktop_notification:Sending desktop notification using 'notify2'
[1.028s] DEBUG:colcon.colcon_core.event_reactor:joined thread
[1.029s] INFO:colcon.colcon_core.shell:Creating prefix script '/home/winsys/ros2_ws/src/Greyform-linux/Python_Application/install/local_setup.ps1'
[1.029s] INFO:colcon.colcon_core.shell:Creating prefix util module '/home/winsys/ros2_ws/src/Greyform-linux/Python_Application/install/_local_setup_util_ps1.py'
[1.031s] INFO:colcon.colcon_core.shell:Creating prefix chain script '/home/winsys/ros2_ws/src/Greyform-linux/Python_Application/install/setup.ps1'
[1.033s] INFO:colcon.colcon_core.shell:Creating prefix script '/home/winsys/ros2_ws/src/Greyform-linux/Python_Application/install/local_setup.sh'
[1.034s] INFO:colcon.colcon_core.shell:Creating prefix util module '/home/winsys/ros2_ws/src/Greyform-linux/Python_Application/install/_local_setup_util_sh.py'
[1.034s] INFO:colcon.colcon_core.shell:Creating prefix chain script '/home/winsys/ros2_ws/src/Greyform-linux/Python_Application/install/setup.sh'
[1.035s] INFO:colcon.colcon_core.shell:Creating prefix script '/home/winsys/ros2_ws/src/Greyform-linux/Python_Application/install/local_setup.bash'
[1.036s] INFO:colcon.colcon_core.shell:Creating prefix chain script '/home/winsys/ros2_ws/src/Greyform-linux/Python_Application/install/setup.bash'
[1.036s] INFO:colcon.colcon_core.shell:Creating prefix script '/home/winsys/ros2_ws/src/Greyform-linux/Python_Application/install/local_setup.zsh'
[1.037s] INFO:colcon.colcon_core.shell:Creating prefix chain script '/home/winsys/ros2_ws/src/Greyform-linux/Python_Application/install/setup.zsh'
