[0.104s] Invoking command in '/home/ubuntu/Desktop/Greyform-linux/Python_Application/build/my_package': CMAKE_PREFIX_PATH=${CMAKE_PREFIX_PATH}:/home/ubuntu/Desktop/Greyform-linux/Python_Application/install/talker_listener:/home/ubuntu/ros2_humble/install/dynamic_map_matcher:/opt/ros/humble /usr/bin/cmake --build /home/ubuntu/Desktop/Greyform-linux/Python_Application/build/my_package -- -j8 -l8
[1.995s] Invoked command in '/home/ubuntu/Desktop/Greyform-linux/Python_Application/build/my_package' returned '0': CMAKE_PREFIX_PATH=${CMAKE_PREFIX_PATH}:/home/ubuntu/Desktop/Greyform-linux/Python_Application/install/talker_listener:/home/ubuntu/ros2_humble/install/dynamic_map_matcher:/opt/ros/humble /usr/bin/cmake --build /home/ubuntu/Desktop/Greyform-linux/Python_Application/build/my_package -- -j8 -l8
[2.205s] Invoking command in '/home/ubuntu/Desktop/Greyform-linux/Python_Application/build/my_package': CMAKE_PREFIX_PATH=${CMAKE_PREFIX_PATH}:/home/ubuntu/Desktop/Greyform-linux/Python_Application/install/talker_listener:/home/ubuntu/ros2_humble/install/dynamic_map_matcher:/opt/ros/humble /usr/bin/cmake --install /home/ubuntu/Desktop/Greyform-linux/Python_Application/build/my_package
[2.255s] -- Install configuration: ""
[2.256s] -- Up-to-date: /home/ubuntu/Desktop/Greyform-linux/Python_Application/install/my_package/share/ament_index/resource_index/package_run_dependencies/my_package
[2.257s] -- Up-to-date: /home/ubuntu/Desktop/Greyform-linux/Python_Application/install/my_package/share/ament_index/resource_index/parent_prefix_path/my_package
[2.258s] -- Up-to-date: /home/ubuntu/Desktop/Greyform-linux/Python_Application/install/my_package/share/my_package/environment/ament_prefix_path.sh
[2.260s] -- Up-to-date: /home/ubuntu/Desktop/Greyform-linux/Python_Application/install/my_package/share/my_package/environment/ament_prefix_path.dsv
[2.260s] -- Up-to-date: /home/ubuntu/Desktop/Greyform-linux/Python_Application/install/my_package/share/my_package/environment/path.sh
[2.267s] -- Up-to-date: /home/ubuntu/Desktop/Greyform-linux/Python_Application/install/my_package/share/my_package/environment/path.dsv
[2.269s] -- Up-to-date: /home/ubuntu/Desktop/Greyform-linux/Python_Application/install/my_package/share/my_package/local_setup.bash
[2.269s] -- Up-to-date: /home/ubuntu/Desktop/Greyform-linux/Python_Application/install/my_package/share/my_package/local_setup.sh
[2.269s] -- Up-to-date: /home/ubuntu/Desktop/Greyform-linux/Python_Application/install/my_package/share/my_package/local_setup.zsh
[2.270s] -- Up-to-date: /home/ubuntu/Desktop/Greyform-linux/Python_Application/install/my_package/share/my_package/local_setup.dsv
[2.271s] -- Installing: /home/ubuntu/Desktop/Greyform-linux/Python_Application/install/my_package/share/my_package/package.dsv
[2.272s] -- Up-to-date: /home/ubuntu/Desktop/Greyform-linux/Python_Application/install/my_package/share/ament_index/resource_index/packages/my_package
[2.272s] -- Up-to-date: /home/ubuntu/Desktop/Greyform-linux/Python_Application/install/my_package/share/my_package/cmake/my_packageConfig.cmake
[2.272s] -- Up-to-date: /home/ubuntu/Desktop/Greyform-linux/Python_Application/install/my_package/share/my_package/cmake/my_packageConfig-version.cmake
[2.273s] -- Up-to-date: /home/ubuntu/Desktop/Greyform-linux/Python_Application/install/my_package/share/my_package/package.xml
[2.282s] Invoked command in '/home/ubuntu/Desktop/Greyform-linux/Python_Application/build/my_package' returned '0': CMAKE_PREFIX_PATH=${CMAKE_PREFIX_PATH}:/home/ubuntu/Desktop/Greyform-linux/Python_Application/install/talker_listener:/home/ubuntu/ros2_humble/install/dynamic_map_matcher:/opt/ros/humble /usr/bin/cmake --install /home/ubuntu/Desktop/Greyform-linux/Python_Application/build/my_package
