[  2%] Built target my_robot_wallinterfaces__cpp
[ 12%] Built target my_robot_wallinterfaces__rosidl_generator_c
[ 12%] Built target ament_cmake_python_symlink_my_robot_wallinterfaces
[ 23%] Built target my_robot_wallinterfaces__rosidl_typesupport_introspection_c
[ 34%] Built target my_robot_wallinterfaces__rosidl_typesupport_c
[ 44%] Built target my_robot_wallinterfaces__rosidl_typesupport_cpp
[ 55%] Built target my_robot_wallinterfaces__rosidl_typesupport_fastrtps_c
[ 65%] Built target my_robot_wallinterfaces__rosidl_typesupport_introspection_cpp
[ 76%] Built target my_robot_wallinterfaces__rosidl_typesupport_fastrtps_cpp
[ 76%] Built target my_robot_wallinterfaces
[ 78%] [34m[1mGenerating Python code for ROS interfaces[0m
running egg_info
writing my_robot_wallinterfaces.egg-info/PKG-INFO
writing dependency_links to my_robot_wallinterfaces.egg-info/dependency_links.txt
writing top-level names to my_robot_wallinterfaces.egg-info/top_level.txt
reading manifest file 'my_robot_wallinterfaces.egg-info/SOURCES.txt'
writing manifest file 'my_robot_wallinterfaces.egg-info/SOURCES.txt'
[ 78%] Built target ament_cmake_python_build_my_robot_wallinterfaces_egg
Traceback (most recent call last):
  File "/opt/ros/humble/share/rosidl_generator_py/cmake/../../../lib/rosidl_generator_py/rosidl_generator_py", line 40, in <module>
    sys.exit(main())
  File "/opt/ros/humble/share/rosidl_generator_py/cmake/../../../lib/rosidl_generator_py/rosidl_generator_py", line 36, in main
    generate_py(args.generator_arguments_file, args.typesupport_impls.split(';'))
  File "/opt/ros/humble/local/lib/python3.10/dist-packages/rosidl_generator_py/generate_py_impl.py", line 161, in generate_py
    expand_template(
  File "/opt/ros/humble/local/lib/python3.10/dist-packages/rosidl_cmake/__init__.py", line 181, in expand_template
    with open(output_file, 'w', encoding='utf-8') as h:
FileNotFoundError: [Errno 2] No such file or directory: '/home/winsys/ros2_ws/src/Greyform-linux/Python_Application/build/my_robot_wallinterfaces/rosidl_generator_py/my_robot_wallinterfaces/_my_robot_wallinterfaces_s.ep.rosidl_typesupport_c.c'
gmake[2]: *** [my_robot_wallinterfaces__py/CMakeFiles/my_robot_wallinterfaces__py.dir/build.make:100: rosidl_generator_py/my_robot_wallinterfaces/_my_robot_wallinterfaces_s.ep.rosidl_typesupport_fastrtps_c.c] Error 1
gmake[2]: *** Deleting file 'rosidl_generator_py/my_robot_wallinterfaces/_my_robot_wallinterfaces_s.ep.rosidl_typesupport_fastrtps_c.c'
gmake[1]: *** [CMakeFiles/Makefile2:590: my_robot_wallinterfaces__py/CMakeFiles/my_robot_wallinterfaces__py.dir/all] Error 2
gmake: *** [Makefile:146: all] Error 2
