[0.155s] Invoking command in '/home/winsys/ros2_ws/src/Greyform-linux/Python_Application/build/my_package': CMAKE_PREFIX_PATH=${CMAKE_PREFIX_PATH}:/home/winsys/ros2_ws/src/Greyform-linux/Python_Application/install/talker_listener:/opt/ros/humble VIRTUAL_ENV_PROMPT=(env) /usr/bin/cmake --build /home/winsys/ros2_ws/src/Greyform-linux/Python_Application/build/my_package -- -j12 -l12
[0.178s] Invoked command in '/home/winsys/ros2_ws/src/Greyform-linux/Python_Application/build/my_package' returned '0': CMAKE_PREFIX_PATH=${CMAKE_PREFIX_PATH}:/home/winsys/ros2_ws/src/Greyform-linux/Python_Application/install/talker_listener:/opt/ros/humble VIRTUAL_ENV_PROMPT=(env) /usr/bin/cmake --build /home/winsys/ros2_ws/src/Greyform-linux/Python_Application/build/my_package -- -j12 -l12
[0.196s] Invoking command in '/home/winsys/ros2_ws/src/Greyform-linux/Python_Application/build/my_package': CMAKE_PREFIX_PATH=${CMAKE_PREFIX_PATH}:/home/winsys/ros2_ws/src/Greyform-linux/Python_Application/install/talker_listener:/opt/ros/humble VIRTUAL_ENV_PROMPT=(env) /usr/bin/cmake --install /home/winsys/ros2_ws/src/Greyform-linux/Python_Application/build/my_package
[0.200s] -- Install configuration: ""
[0.200s] -- Execute custom install script
[0.201s] -- Up-to-date symlink: /home/winsys/ros2_ws/src/Greyform-linux/Python_Application/install/my_package/share/ament_index/resource_index/package_run_dependencies/my_package
[0.201s] -- Up-to-date symlink: /home/winsys/ros2_ws/src/Greyform-linux/Python_Application/install/my_package/share/ament_index/resource_index/parent_prefix_path/my_package
[0.201s] -- Up-to-date symlink: /home/winsys/ros2_ws/src/Greyform-linux/Python_Application/install/my_package/share/my_package/environment/ament_prefix_path.sh
[0.201s] -- Up-to-date symlink: /home/winsys/ros2_ws/src/Greyform-linux/Python_Application/install/my_package/share/my_package/environment/ament_prefix_path.dsv
[0.201s] -- Up-to-date symlink: /home/winsys/ros2_ws/src/Greyform-linux/Python_Application/install/my_package/share/my_package/environment/path.sh
[0.201s] -- Up-to-date symlink: /home/winsys/ros2_ws/src/Greyform-linux/Python_Application/install/my_package/share/my_package/environment/path.dsv
[0.201s] -- Up-to-date symlink: /home/winsys/ros2_ws/src/Greyform-linux/Python_Application/install/my_package/share/my_package/local_setup.bash
[0.201s] -- Up-to-date symlink: /home/winsys/ros2_ws/src/Greyform-linux/Python_Application/install/my_package/share/my_package/local_setup.sh
[0.201s] -- Up-to-date symlink: /home/winsys/ros2_ws/src/Greyform-linux/Python_Application/install/my_package/share/my_package/local_setup.zsh
[0.201s] -- Up-to-date symlink: /home/winsys/ros2_ws/src/Greyform-linux/Python_Application/install/my_package/share/my_package/local_setup.dsv
[0.201s] -- Symlinking: /home/winsys/ros2_ws/src/Greyform-linux/Python_Application/install/my_package/share/my_package/package.dsv
[0.207s] -- Up-to-date symlink: /home/winsys/ros2_ws/src/Greyform-linux/Python_Application/install/my_package/share/ament_index/resource_index/packages/my_package
[0.207s] -- Up-to-date symlink: /home/winsys/ros2_ws/src/Greyform-linux/Python_Application/install/my_package/share/my_package/cmake/my_packageConfig.cmake
[0.207s] -- Up-to-date symlink: /home/winsys/ros2_ws/src/Greyform-linux/Python_Application/install/my_package/share/my_package/cmake/my_packageConfig-version.cmake
[0.208s] -- Up-to-date symlink: /home/winsys/ros2_ws/src/Greyform-linux/Python_Application/install/my_package/share/my_package/package.xml
[0.209s] Invoked command in '/home/winsys/ros2_ws/src/Greyform-linux/Python_Application/build/my_package' returned '0': CMAKE_PREFIX_PATH=${CMAKE_PREFIX_PATH}:/home/winsys/ros2_ws/src/Greyform-linux/Python_Application/install/talker_listener:/opt/ros/humble VIRTUAL_ENV_PROMPT=(env) /usr/bin/cmake --install /home/winsys/ros2_ws/src/Greyform-linux/Python_Application/build/my_package
