[1.963s] Invoking command in '/home/ubuntu/ros2_ws/src/Greyform-linux/Python_Application/talker_listener': PYTHONPATH=/home/ubuntu/ros2_ws/src/Greyform-linux/Python_Application/build/talker_listener/prefix_override:/home/ubuntu/ros2_ws/src/Greyform-linux/Python_Application/install/talker_listener/lib/python3.10/site-packages:${PYTHONPATH} /usr/bin/python3 -W ignore:setup.py install is deprecated setup.py egg_info --egg-base ../build/talker_listener build --build-base /home/ubuntu/ros2_ws/src/Greyform-linux/Python_Application/build/talker_listener/build install --record /home/ubuntu/ros2_ws/src/Greyform-linux/Python_Application/build/talker_listener/install.log --single-version-externally-managed install_data
[2.629s] running egg_info
[2.635s] creating ../build/talker_listener/talker_listener.egg-info
[2.635s] writing ../build/talker_listener/talker_listener.egg-info/PKG-INFO
[2.636s] writing dependency_links to ../build/talker_listener/talker_listener.egg-info/dependency_links.txt
[2.636s] writing entry points to ../build/talker_listener/talker_listener.egg-info/entry_points.txt
[2.636s] writing requirements to ../build/talker_listener/talker_listener.egg-info/requires.txt
[2.636s] writing top-level names to ../build/talker_listener/talker_listener.egg-info/top_level.txt
[2.636s] writing manifest file '../build/talker_listener/talker_listener.egg-info/SOURCES.txt'
[2.638s] reading manifest file '../build/talker_listener/talker_listener.egg-info/SOURCES.txt'
[2.640s] writing manifest file '../build/talker_listener/talker_listener.egg-info/SOURCES.txt'
[2.641s] running build
[2.642s] running build_py
[2.642s] creating /home/ubuntu/ros2_ws/src/Greyform-linux/Python_Application/build/talker_listener/build
[2.642s] creating /home/ubuntu/ros2_ws/src/Greyform-linux/Python_Application/build/talker_listener/build/lib
[2.643s] creating /home/ubuntu/ros2_ws/src/Greyform-linux/Python_Application/build/talker_listener/build/lib/talker_listener
[2.643s] copying talker_listener/listener_node.py -> /home/ubuntu/ros2_ws/src/Greyform-linux/Python_Application/build/talker_listener/build/lib/talker_listener
[2.644s] copying talker_listener/__init__.py -> /home/ubuntu/ros2_ws/src/Greyform-linux/Python_Application/build/talker_listener/build/lib/talker_listener
[2.644s] copying talker_listener/talker_node.py -> /home/ubuntu/ros2_ws/src/Greyform-linux/Python_Application/build/talker_listener/build/lib/talker_listener
[2.644s] running install
[2.644s] running install_lib
[2.646s] creating /home/ubuntu/ros2_ws/src/Greyform-linux/Python_Application/install/talker_listener/lib/python3.10/site-packages/talker_listener
[2.646s] copying /home/ubuntu/ros2_ws/src/Greyform-linux/Python_Application/build/talker_listener/build/lib/talker_listener/listener_node.py -> /home/ubuntu/ros2_ws/src/Greyform-linux/Python_Application/install/talker_listener/lib/python3.10/site-packages/talker_listener
[2.647s] copying /home/ubuntu/ros2_ws/src/Greyform-linux/Python_Application/build/talker_listener/build/lib/talker_listener/__init__.py -> /home/ubuntu/ros2_ws/src/Greyform-linux/Python_Application/install/talker_listener/lib/python3.10/site-packages/talker_listener
[2.647s] copying /home/ubuntu/ros2_ws/src/Greyform-linux/Python_Application/build/talker_listener/build/lib/talker_listener/talker_node.py -> /home/ubuntu/ros2_ws/src/Greyform-linux/Python_Application/install/talker_listener/lib/python3.10/site-packages/talker_listener
[2.648s] byte-compiling /home/ubuntu/ros2_ws/src/Greyform-linux/Python_Application/install/talker_listener/lib/python3.10/site-packages/talker_listener/listener_node.py to listener_node.cpython-310.pyc
[2.650s] byte-compiling /home/ubuntu/ros2_ws/src/Greyform-linux/Python_Application/install/talker_listener/lib/python3.10/site-packages/talker_listener/__init__.py to __init__.cpython-310.pyc
[2.651s] byte-compiling /home/ubuntu/ros2_ws/src/Greyform-linux/Python_Application/install/talker_listener/lib/python3.10/site-packages/talker_listener/talker_node.py to talker_node.cpython-310.pyc
[2.653s] running install_data
[2.654s] creating /home/ubuntu/ros2_ws/src/Greyform-linux/Python_Application/install/talker_listener/share/ament_index
[2.655s] creating /home/ubuntu/ros2_ws/src/Greyform-linux/Python_Application/install/talker_listener/share/ament_index/resource_index
[2.655s] creating /home/ubuntu/ros2_ws/src/Greyform-linux/Python_Application/install/talker_listener/share/ament_index/resource_index/packages
[2.656s] copying resource/talker_listener -> /home/ubuntu/ros2_ws/src/Greyform-linux/Python_Application/install/talker_listener/share/ament_index/resource_index/packages
[2.657s] copying package.xml -> /home/ubuntu/ros2_ws/src/Greyform-linux/Python_Application/install/talker_listener/share/talker_listener
[2.657s] running install_egg_info
[2.662s] Copying ../build/talker_listener/talker_listener.egg-info to /home/ubuntu/ros2_ws/src/Greyform-linux/Python_Application/install/talker_listener/lib/python3.10/site-packages/talker_listener-0.0.0-py3.10.egg-info
[2.665s] running install_scripts
[2.709s] Installing listenerNode script to /home/ubuntu/ros2_ws/src/Greyform-linux/Python_Application/install/talker_listener/lib/talker_listener
[2.709s] Installing talkerNode script to /home/ubuntu/ros2_ws/src/Greyform-linux/Python_Application/install/talker_listener/lib/talker_listener
[2.709s] writing list of installed files to '/home/ubuntu/ros2_ws/src/Greyform-linux/Python_Application/build/talker_listener/install.log'
[2.760s] Invoked command in '/home/ubuntu/ros2_ws/src/Greyform-linux/Python_Application/talker_listener' returned '0': PYTHONPATH=/home/ubuntu/ros2_ws/src/Greyform-linux/Python_Application/build/talker_listener/prefix_override:/home/ubuntu/ros2_ws/src/Greyform-linux/Python_Application/install/talker_listener/lib/python3.10/site-packages:${PYTHONPATH} /usr/bin/python3 -W ignore:setup.py install is deprecated setup.py egg_info --egg-base ../build/talker_listener build --build-base /home/ubuntu/ros2_ws/src/Greyform-linux/Python_Application/build/talker_listener/build install --record /home/ubuntu/ros2_ws/src/Greyform-linux/Python_Application/build/talker_listener/install.log --single-version-externally-managed install_data
