[3.331s] Invoking command in '/home/ubuntu/ros2_ws/src/Greyform-linux/Python_Application/talker_listener': PYTHONPATH=/home/ubuntu/ros2_ws/src/Greyform-linux/Python_Application/build/talker_listener/prefix_override:/usr/lib/python3/dist-packages/colcon_core/task/python/colcon_distutils_commands:/home/ubuntu/ros2_ws/src/Greyform-linux/Python_Application/install/talker_listener/lib/python3.10/site-packages:${PYTHONPATH} /usr/bin/python3 -W ignore:setup.py install is deprecated setup.py egg_info --egg-base ../build/talker_listener build --build-base /home/ubuntu/ros2_ws/src/Greyform-linux/Python_Application/build/talker_listener/build install --record /home/ubuntu/ros2_ws/src/Greyform-linux/Python_Application/build/talker_listener/install.log --single-version-externally-managed install_data
[4.546s] running egg_info
[4.549s] writing ../build/talker_listener/talker_listener.egg-info/PKG-INFO
[4.550s] writing dependency_links to ../build/talker_listener/talker_listener.egg-info/dependency_links.txt
[4.552s] writing entry points to ../build/talker_listener/talker_listener.egg-info/entry_points.txt
[4.553s] writing requirements to ../build/talker_listener/talker_listener.egg-info/requires.txt
[4.554s] writing top-level names to ../build/talker_listener/talker_listener.egg-info/top_level.txt
[4.560s] reading manifest file '../build/talker_listener/talker_listener.egg-info/SOURCES.txt'
[4.564s] writing manifest file '../build/talker_listener/talker_listener.egg-info/SOURCES.txt'
[4.565s] running build
[4.566s] running build_py
[4.567s] copying talker_listener/listener_node.py -> /home/ubuntu/ros2_ws/src/Greyform-linux/Python_Application/build/talker_listener/build/lib/talker_listener
[4.568s] running install
[4.569s] running install_lib
[4.572s] copying /home/ubuntu/ros2_ws/src/Greyform-linux/Python_Application/build/talker_listener/build/lib/talker_listener/listener_node.py -> /home/ubuntu/ros2_ws/src/Greyform-linux/Python_Application/install/talker_listener/lib/python3.10/site-packages/talker_listener
[4.574s] byte-compiling /home/ubuntu/ros2_ws/src/Greyform-linux/Python_Application/install/talker_listener/lib/python3.10/site-packages/talker_listener/listener_node.py to listener_node.cpython-310.pyc
[4.582s] running install_data
[4.583s] running install_egg_info
[4.587s] removing '/home/ubuntu/ros2_ws/src/Greyform-linux/Python_Application/install/talker_listener/lib/python3.10/site-packages/talker_listener-0.0.0-py3.10.egg-info' (and everything under it)
[4.591s] Copying ../build/talker_listener/talker_listener.egg-info to /home/ubuntu/ros2_ws/src/Greyform-linux/Python_Application/install/talker_listener/lib/python3.10/site-packages/talker_listener-0.0.0-py3.10.egg-info
[4.595s] running install_scripts
[4.665s] Installing listenerNode script to /home/ubuntu/ros2_ws/src/Greyform-linux/Python_Application/install/talker_listener/lib/talker_listener
[4.669s] Installing talkerNode script to /home/ubuntu/ros2_ws/src/Greyform-linux/Python_Application/install/talker_listener/lib/talker_listener
[4.669s] writing list of installed files to '/home/ubuntu/ros2_ws/src/Greyform-linux/Python_Application/build/talker_listener/install.log'
[4.738s] Invoked command in '/home/ubuntu/ros2_ws/src/Greyform-linux/Python_Application/talker_listener' returned '0': PYTHONPATH=/home/ubuntu/ros2_ws/src/Greyform-linux/Python_Application/build/talker_listener/prefix_override:/usr/lib/python3/dist-packages/colcon_core/task/python/colcon_distutils_commands:/home/ubuntu/ros2_ws/src/Greyform-linux/Python_Application/install/talker_listener/lib/python3.10/site-packages:${PYTHONPATH} /usr/bin/python3 -W ignore:setup.py install is deprecated setup.py egg_info --egg-base ../build/talker_listener build --build-base /home/ubuntu/ros2_ws/src/Greyform-linux/Python_Application/build/talker_listener/build install --record /home/ubuntu/ros2_ws/src/Greyform-linux/Python_Application/build/talker_listener/install.log --single-version-externally-managed install_data
