[3.031s] Invoking command in '/home/ubuntu/ros2_ws/src/Greyform-linux/Python_Application/talker_listener': AMENT_PREFIX_PATH=/home/ubuntu/ros2_ws/src/Greyform-linux/Python_Application/install/my_robot_wallinterfaces:${AMENT_PREFIX_PATH} CMAKE_PREFIX_PATH=/home/ubuntu/ros2_ws/src/Greyform-linux/Python_Application/install/my_robot_wallinterfaces LD_LIBRARY_PATH=/home/ubuntu/ros2_ws/src/Greyform-linux/Python_Application/install/my_robot_wallinterfaces/lib:${LD_LIBRARY_PATH} PYTHONPATH=/home/ubuntu/ros2_ws/src/Greyform-linux/Python_Application/build/talker_listener/prefix_override:/usr/lib/python3/dist-packages/colcon_core/task/python/colcon_distutils_commands:/home/ubuntu/ros2_ws/src/Greyform-linux/Python_Application/install/talker_listener/lib/python3.10/site-packages:/home/ubuntu/ros2_ws/src/Greyform-linux/Python_Application/install/my_robot_wallinterfaces/local/lib/python3.10/dist-packages:${PYTHONPATH} /usr/bin/python3 -W ignore:setup.py install is deprecated -W ignore:easy_install command is deprecated setup.py egg_info --egg-base ../build/talker_listener build --build-base /home/ubuntu/ros2_ws/src/Greyform-linux/Python_Application/build/talker_listener/build install --record /home/ubuntu/ros2_ws/src/Greyform-linux/Python_Application/build/talker_listener/install.log --single-version-externally-managed install_data
[3.882s] running egg_info
[3.888s] writing ../build/talker_listener/talker_listener.egg-info/PKG-INFO
[3.889s] writing dependency_links to ../build/talker_listener/talker_listener.egg-info/dependency_links.txt
[3.889s] writing entry points to ../build/talker_listener/talker_listener.egg-info/entry_points.txt
[3.889s] writing requirements to ../build/talker_listener/talker_listener.egg-info/requires.txt
[3.889s] writing top-level names to ../build/talker_listener/talker_listener.egg-info/top_level.txt
[3.893s] reading manifest file '../build/talker_listener/talker_listener.egg-info/SOURCES.txt'
[3.898s] writing manifest file '../build/talker_listener/talker_listener.egg-info/SOURCES.txt'
[3.901s] running build
[3.901s] running build_py
[3.901s] running install
[3.901s] running install_lib
[3.905s] running install_data
[3.906s] running install_egg_info
[3.909s] removing '/home/ubuntu/ros2_ws/src/Greyform-linux/Python_Application/install/talker_listener/lib/python3.10/site-packages/talker_listener-0.0.0-py3.10.egg-info' (and everything under it)
[3.913s] Copying ../build/talker_listener/talker_listener.egg-info to /home/ubuntu/ros2_ws/src/Greyform-linux/Python_Application/install/talker_listener/lib/python3.10/site-packages/talker_listener-0.0.0-py3.10.egg-info
[3.915s] running install_scripts
[3.965s] Installing listener_node script to /home/ubuntu/ros2_ws/src/Greyform-linux/Python_Application/install/talker_listener/lib/talker_listener
[3.965s] Installing talker_node script to /home/ubuntu/ros2_ws/src/Greyform-linux/Python_Application/install/talker_listener/lib/talker_listener
[3.968s] writing list of installed files to '/home/ubuntu/ros2_ws/src/Greyform-linux/Python_Application/build/talker_listener/install.log'
[4.024s] Invoked command in '/home/ubuntu/ros2_ws/src/Greyform-linux/Python_Application/talker_listener' returned '0': AMENT_PREFIX_PATH=/home/ubuntu/ros2_ws/src/Greyform-linux/Python_Application/install/my_robot_wallinterfaces:${AMENT_PREFIX_PATH} CMAKE_PREFIX_PATH=/home/ubuntu/ros2_ws/src/Greyform-linux/Python_Application/install/my_robot_wallinterfaces LD_LIBRARY_PATH=/home/ubuntu/ros2_ws/src/Greyform-linux/Python_Application/install/my_robot_wallinterfaces/lib:${LD_LIBRARY_PATH} PYTHONPATH=/home/ubuntu/ros2_ws/src/Greyform-linux/Python_Application/build/talker_listener/prefix_override:/usr/lib/python3/dist-packages/colcon_core/task/python/colcon_distutils_commands:/home/ubuntu/ros2_ws/src/Greyform-linux/Python_Application/install/talker_listener/lib/python3.10/site-packages:/home/ubuntu/ros2_ws/src/Greyform-linux/Python_Application/install/my_robot_wallinterfaces/local/lib/python3.10/dist-packages:${PYTHONPATH} /usr/bin/python3 -W ignore:setup.py install is deprecated -W ignore:easy_install command is deprecated setup.py egg_info --egg-base ../build/talker_listener build --build-base /home/ubuntu/ros2_ws/src/Greyform-linux/Python_Application/build/talker_listener/build install --record /home/ubuntu/ros2_ws/src/Greyform-linux/Python_Application/build/talker_listener/install.log --single-version-externally-managed install_data
