[9.068s] Invoking command in '/home/ubuntu/ros2_ws/src/Greyform-linux/Python_Application/talker_listener': PYTHONPATH=/home/ubuntu/ros2_ws/src/Greyform-linux/Python_Application/build/talker_listener/prefix_override:/usr/lib/python3/dist-packages/colcon_core/task/python/colcon_distutils_commands:/home/ubuntu/ros2_ws/src/Greyform-linux/Python_Application/install/talker_listener/lib/python3.10/site-packages:${PYTHONPATH} /usr/bin/python3 -W ignore:setup.py install is deprecated setup.py egg_info --egg-base ../build/talker_listener build --build-base /home/ubuntu/ros2_ws/src/Greyform-linux/Python_Application/build/talker_listener/build install --record /home/ubuntu/ros2_ws/src/Greyform-linux/Python_Application/build/talker_listener/install.log --single-version-externally-managed install_data
[11.552s] running egg_info
[11.556s] writing ../build/talker_listener/talker_listener.egg-info/PKG-INFO
[11.557s] writing dependency_links to ../build/talker_listener/talker_listener.egg-info/dependency_links.txt
[11.558s] writing entry points to ../build/talker_listener/talker_listener.egg-info/entry_points.txt
[11.559s] writing requirements to ../build/talker_listener/talker_listener.egg-info/requires.txt
[11.560s] writing top-level names to ../build/talker_listener/talker_listener.egg-info/top_level.txt
[11.569s] reading manifest file '../build/talker_listener/talker_listener.egg-info/SOURCES.txt'
[11.575s] writing manifest file '../build/talker_listener/talker_listener.egg-info/SOURCES.txt'
[11.576s] running build
[11.576s] running build_py
[11.579s] copying talker_listener/listener_node.py -> /home/ubuntu/ros2_ws/src/Greyform-linux/Python_Application/build/talker_listener/build/lib/talker_listener
[11.580s] running install
[11.582s] running install_lib
[11.590s] copying /home/ubuntu/ros2_ws/src/Greyform-linux/Python_Application/build/talker_listener/build/lib/talker_listener/listener_node.py -> /home/ubuntu/ros2_ws/src/Greyform-linux/Python_Application/install/talker_listener/lib/python3.10/site-packages/talker_listener
[11.635s] byte-compiling /home/ubuntu/ros2_ws/src/Greyform-linux/Python_Application/install/talker_listener/lib/python3.10/site-packages/talker_listener/listener_node.py to listener_node.cpython-310.pyc
[11.649s] running install_data
[11.650s] running install_egg_info
[11.667s] removing '/home/ubuntu/ros2_ws/src/Greyform-linux/Python_Application/install/talker_listener/lib/python3.10/site-packages/talker_listener-0.0.0-py3.10.egg-info' (and everything under it)
[11.667s] Copying ../build/talker_listener/talker_listener.egg-info to /home/ubuntu/ros2_ws/src/Greyform-linux/Python_Application/install/talker_listener/lib/python3.10/site-packages/talker_listener-0.0.0-py3.10.egg-info
[11.685s] running install_scripts
[11.883s] Installing listenerNode script to /home/ubuntu/ros2_ws/src/Greyform-linux/Python_Application/install/talker_listener/lib/talker_listener
[11.883s] Installing talkerNode script to /home/ubuntu/ros2_ws/src/Greyform-linux/Python_Application/install/talker_listener/lib/talker_listener
[11.885s] writing list of installed files to '/home/ubuntu/ros2_ws/src/Greyform-linux/Python_Application/build/talker_listener/install.log'
[11.998s] Invoked command in '/home/ubuntu/ros2_ws/src/Greyform-linux/Python_Application/talker_listener' returned '0': PYTHONPATH=/home/ubuntu/ros2_ws/src/Greyform-linux/Python_Application/build/talker_listener/prefix_override:/usr/lib/python3/dist-packages/colcon_core/task/python/colcon_distutils_commands:/home/ubuntu/ros2_ws/src/Greyform-linux/Python_Application/install/talker_listener/lib/python3.10/site-packages:${PYTHONPATH} /usr/bin/python3 -W ignore:setup.py install is deprecated setup.py egg_info --egg-base ../build/talker_listener build --build-base /home/ubuntu/ros2_ws/src/Greyform-linux/Python_Application/build/talker_listener/build install --record /home/ubuntu/ros2_ws/src/Greyform-linux/Python_Application/build/talker_listener/install.log --single-version-externally-managed install_data
