[0.090s] Invoking command in '/home/ubuntu/Desktop/Greyform-linux/Python_Application/build/my_package': CMAKE_PREFIX_PATH=${CMAKE_PREFIX_PATH}:/home/ubuntu/Desktop/Greyform-linux/Python_Application/install/talker_listener:/home/ubuntu/ros2_humble/install/dynamic_map_matcher:/opt/ros/humble /usr/bin/cmake --build /home/ubuntu/Desktop/Greyform-linux/Python_Application/build/my_package -- -j8 -l8
[1.925s] Invoked command in '/home/ubuntu/Desktop/Greyform-linux/Python_Application/build/my_package' returned '0': CMAKE_PREFIX_PATH=${CMAKE_PREFIX_PATH}:/home/ubuntu/Desktop/Greyform-linux/Python_Application/install/talker_listener:/home/ubuntu/ros2_humble/install/dynamic_map_matcher:/opt/ros/humble /usr/bin/cmake --build /home/ubuntu/Desktop/Greyform-linux/Python_Application/build/my_package -- -j8 -l8
[2.168s] Invoking command in '/home/ubuntu/Desktop/Greyform-linux/Python_Application/build/my_package': CMAKE_PREFIX_PATH=${CMAKE_PREFIX_PATH}:/home/ubuntu/Desktop/Greyform-linux/Python_Application/install/talker_listener:/home/ubuntu/ros2_humble/install/dynamic_map_matcher:/opt/ros/humble /usr/bin/cmake --install /home/ubuntu/Desktop/Greyform-linux/Python_Application/build/my_package
[2.218s] -- Install configuration: ""
[2.219s] -- Up-to-date: /home/ubuntu/Desktop/Greyform-linux/Python_Application/install/my_package/share/ament_index/resource_index/package_run_dependencies/my_package
[2.220s] -- Up-to-date: /home/ubuntu/Desktop/Greyform-linux/Python_Application/install/my_package/share/ament_index/resource_index/parent_prefix_path/my_package
[2.221s] -- Up-to-date: /home/ubuntu/Desktop/Greyform-linux/Python_Application/install/my_package/share/my_package/environment/ament_prefix_path.sh
[2.221s] -- Up-to-date: /home/ubuntu/Desktop/Greyform-linux/Python_Application/install/my_package/share/my_package/environment/ament_prefix_path.dsv
[2.222s] -- Up-to-date: /home/ubuntu/Desktop/Greyform-linux/Python_Application/install/my_package/share/my_package/environment/path.sh
[2.223s] -- Up-to-date: /home/ubuntu/Desktop/Greyform-linux/Python_Application/install/my_package/share/my_package/environment/path.dsv
[2.224s] -- Up-to-date: /home/ubuntu/Desktop/Greyform-linux/Python_Application/install/my_package/share/my_package/local_setup.bash
[2.224s] -- Up-to-date: /home/ubuntu/Desktop/Greyform-linux/Python_Application/install/my_package/share/my_package/local_setup.sh
[2.225s] -- Up-to-date: /home/ubuntu/Desktop/Greyform-linux/Python_Application/install/my_package/share/my_package/local_setup.zsh
[2.228s] -- Up-to-date: /home/ubuntu/Desktop/Greyform-linux/Python_Application/install/my_package/share/my_package/local_setup.dsv
[2.231s] -- Installing: /home/ubuntu/Desktop/Greyform-linux/Python_Application/install/my_package/share/my_package/package.dsv
[2.233s] -- Up-to-date: /home/ubuntu/Desktop/Greyform-linux/Python_Application/install/my_package/share/ament_index/resource_index/packages/my_package
[2.235s] -- Up-to-date: /home/ubuntu/Desktop/Greyform-linux/Python_Application/install/my_package/share/my_package/cmake/my_packageConfig.cmake
[2.237s] -- Up-to-date: /home/ubuntu/Desktop/Greyform-linux/Python_Application/install/my_package/share/my_package/cmake/my_packageConfig-version.cmake
[2.241s] -- Up-to-date: /home/ubuntu/Desktop/Greyform-linux/Python_Application/install/my_package/share/my_package/package.xml
[2.243s] Invoked command in '/home/ubuntu/Desktop/Greyform-linux/Python_Application/build/my_package' returned '0': CMAKE_PREFIX_PATH=${CMAKE_PREFIX_PATH}:/home/ubuntu/Desktop/Greyform-linux/Python_Application/install/talker_listener:/home/ubuntu/ros2_humble/install/dynamic_map_matcher:/opt/ros/humble /usr/bin/cmake --install /home/ubuntu/Desktop/Greyform-linux/Python_Application/build/my_package
